{"/Users/bobbylitmon/rork-neuronexa--cognitive-disorders-support-app/components/AITaskCoach.tsx": {"path":"/Users/bobbylitmon/rork-neuronexa--cognitive-disorders-support-app/components/AITaskCoach.tsx","statementMap":{"0":{"start":{"line":16,"column":23},"end":{"line":16,"column":41}},"1":{"start":{"line":17,"column":50},"end":{"line":17,"column":61}},"2":{"start":{"line":18,"column":38},"end":{"line":18,"column":53}},"3":{"start":{"line":19,"column":52},"end":{"line":19,"column":67}},"4":{"start":{"line":20,"column":19},"end":{"line":20,"column":56}},"5":{"start":{"line":21,"column":20},"end":{"line":21,"column":59}},"6":{"start":{"line":23,"column":22},"end":{"line":23,"column":50}},"7":{"start":{"line":24,"column":25},"end":{"line":24,"column":67}},"8":{"start":{"line":24,"column":48},"end":{"line":24,"column":59}},"9":{"start":{"line":25,"column":21},"end":{"line":25,"column":63}},"10":{"start":{"line":26,"column":20},"end":{"line":26,"column":60}},"11":{"start":{"line":27,"column":20},"end":{"line":27,"column":40}},"12":{"start":{"line":29,"column":2},"end":{"line":47,"column":83}},"13":{"start":{"line":30,"column":4},"end":{"line":42,"column":15}},"14":{"start":{"line":44,"column":4},"end":{"line":46,"column":5}},"15":{"start":{"line":45,"column":6},"end":{"line":45,"column":29}},"16":{"start":{"line":49,"column":20},"end":{"line":68,"column":3}},"17":{"start":{"line":50,"column":4},"end":{"line":50,"column":38}},"18":{"start":{"line":50,"column":31},"end":{"line":50,"column":38}},"19":{"start":{"line":52,"column":24},"end":{"line":54,"column":24}},"20":{"start":{"line":56,"column":26},"end":{"line":58,"column":10}},"21":{"start":{"line":60,"column":4},"end":{"line":60,"column":24}},"22":{"start":{"line":61,"column":4},"end":{"line":67,"column":7}},"23":{"start":{"line":64,"column":20},"end":{"line":64,"column":40}},"24":{"start":{"line":65,"column":23},"end":{"line":65,"column":43}},"25":{"start":{"line":66,"column":21},"end":{"line":66,"column":41}},"26":{"start":{"line":70,"column":29},"end":{"line":84,"column":3}},"27":{"start":{"line":71,"column":4},"end":{"line":71,"column":29}},"28":{"start":{"line":71,"column":22},"end":{"line":71,"column":29}},"29":{"start":{"line":73,"column":4},"end":{"line":73,"column":35}},"30":{"start":{"line":74,"column":4},"end":{"line":74,"column":31}},"31":{"start":{"line":76,"column":4},"end":{"line":83,"column":13}},"32":{"start":{"line":77,"column":6},"end":{"line":77,"column":34}},"33":{"start":{"line":78,"column":6},"end":{"line":82,"column":7}},"34":{"start":{"line":79,"column":8},"end":{"line":79,"column":21}},"35":{"start":{"line":81,"column":8},"end":{"line":81,"column":25}},"36":{"start":{"line":86,"column":21},"end":{"line":92,"column":3}},"37":{"start":{"line":87,"column":4},"end":{"line":91,"column":5}},"38":{"start":{"line":88,"column":6},"end":{"line":88,"column":27}},"39":{"start":{"line":89,"column":6},"end":{"line":89,"column":30}},"40":{"start":{"line":90,"column":6},"end":{"line":90,"column":44}},"41":{"start":{"line":90,"column":34},"end":{"line":90,"column":42}},"42":{"start":{"line":94,"column":21},"end":{"line":100,"column":3}},"43":{"start":{"line":95,"column":4},"end":{"line":99,"column":5}},"44":{"start":{"line":96,"column":6},"end":{"line":96,"column":27}},"45":{"start":{"line":97,"column":6},"end":{"line":97,"column":30}},"46":{"start":{"line":98,"column":6},"end":{"line":98,"column":44}},"47":{"start":{"line":98,"column":34},"end":{"line":98,"column":42}},"48":{"start":{"line":102,"column":19},"end":{"line":102,"column":47}},"49":{"start":{"line":104,"column":2},"end":{"line":112,"column":3}},"50":{"start":{"line":105,"column":4},"end":{"line":111,"column":6}},"51":{"start":{"line":114,"column":25},"end":{"line":120,"column":3}},"52":{"start":{"line":122,"column":30},"end":{"line":122,"column":95}},"53":{"start":{"line":124,"column":2},"end":{"line":269,"column":4}},"54":{"start":{"line":193,"column":27},"end":{"line":193,"column":49}},"55":{"start":{"line":272,"column":15},"end":{"line":491,"column":2}}},"fnMap":{"0":{"name":"AITaskCoach","decl":{"start":{"line":15,"column":24},"end":{"line":15,"column":35}},"loc":{"start":{"line":15,"column":96},"end":{"line":270,"column":1}},"line":15},"1":{"name":"(anonymous_1)","decl":{"start":{"line":24,"column":43},"end":{"line":24,"column":44}},"loc":{"start":{"line":24,"column":48},"end":{"line":24,"column":59}},"line":24},"2":{"name":"(anonymous_2)","decl":{"start":{"line":29,"column":12},"end":{"line":29,"column":13}},"loc":{"start":{"line":29,"column":18},"end":{"line":47,"column":3}},"line":29},"3":{"name":"(anonymous_3)","decl":{"start":{"line":49,"column":20},"end":{"line":49,"column":21}},"loc":{"start":{"line":49,"column":46},"end":{"line":68,"column":3}},"line":49},"4":{"name":"(anonymous_4)","decl":{"start":{"line":64,"column":14},"end":{"line":64,"column":15}},"loc":{"start":{"line":64,"column":20},"end":{"line":64,"column":40}},"line":64},"5":{"name":"(anonymous_5)","decl":{"start":{"line":65,"column":17},"end":{"line":65,"column":18}},"loc":{"start":{"line":65,"column":23},"end":{"line":65,"column":43}},"line":65},"6":{"name":"(anonymous_6)","decl":{"start":{"line":66,"column":15},"end":{"line":66,"column":16}},"loc":{"start":{"line":66,"column":21},"end":{"line":66,"column":41}},"line":66},"7":{"name":"(anonymous_7)","decl":{"start":{"line":70,"column":29},"end":{"line":70,"column":30}},"loc":{"start":{"line":70,"column":35},"end":{"line":84,"column":3}},"line":70},"8":{"name":"(anonymous_8)","decl":{"start":{"line":76,"column":15},"end":{"line":76,"column":16}},"loc":{"start":{"line":76,"column":21},"end":{"line":83,"column":5}},"line":76},"9":{"name":"(anonymous_9)","decl":{"start":{"line":86,"column":21},"end":{"line":86,"column":22}},"loc":{"start":{"line":86,"column":27},"end":{"line":92,"column":3}},"line":86},"10":{"name":"(anonymous_10)","decl":{"start":{"line":90,"column":26},"end":{"line":90,"column":27}},"loc":{"start":{"line":90,"column":34},"end":{"line":90,"column":42}},"line":90},"11":{"name":"(anonymous_11)","decl":{"start":{"line":94,"column":21},"end":{"line":94,"column":22}},"loc":{"start":{"line":94,"column":27},"end":{"line":100,"column":3}},"line":94},"12":{"name":"(anonymous_12)","decl":{"start":{"line":98,"column":26},"end":{"line":98,"column":27}},"loc":{"start":{"line":98,"column":34},"end":{"line":98,"column":42}},"line":98},"13":{"name":"(anonymous_13)","decl":{"start":{"line":193,"column":21},"end":{"line":193,"column":22}},"loc":{"start":{"line":193,"column":27},"end":{"line":193,"column":49}},"line":193}},"branchMap":{"0":{"loc":{"start":{"line":44,"column":4},"end":{"line":46,"column":5}},"type":"if","locations":[{"start":{"line":44,"column":4},"end":{"line":46,"column":5}},{"start":{},"end":{}}],"line":44},"1":{"loc":{"start":{"line":44,"column":8},"end":{"line":44,"column":71}},"type":"binary-expr","locations":[{"start":{"line":44,"column":8},"end":{"line":44,"column":30}},{"start":{"line":44,"column":34},"end":{"line":44,"column":45}},{"start":{"line":44,"column":49},"end":{"line":44,"column":71}}],"line":44},"2":{"loc":{"start":{"line":50,"column":4},"end":{"line":50,"column":38}},"type":"if","locations":[{"start":{"line":50,"column":4},"end":{"line":50,"column":38}},{"start":{},"end":{}}],"line":50},"3":{"loc":{"start":{"line":52,"column":24},"end":{"line":54,"column":24}},"type":"cond-expr","locations":[{"start":{"line":53,"column":8},"end":{"line":53,"column":27}},{"start":{"line":54,"column":8},"end":{"line":54,"column":24}}],"line":52},"4":{"loc":{"start":{"line":52,"column":24},"end":{"line":52,"column":74}},"type":"binary-expr","locations":[{"start":{"line":52,"column":24},"end":{"line":52,"column":51}},{"start":{"line":52,"column":55},"end":{"line":52,"column":74}}],"line":52},"5":{"loc":{"start":{"line":56,"column":26},"end":{"line":58,"column":10}},"type":"cond-expr","locations":[{"start":{"line":57,"column":8},"end":{"line":57,"column":36}},{"start":{"line":58,"column":8},"end":{"line":58,"column":10}}],"line":56},"6":{"loc":{"start":{"line":71,"column":4},"end":{"line":71,"column":29}},"type":"if","locations":[{"start":{"line":71,"column":4},"end":{"line":71,"column":29}},{"start":{},"end":{}}],"line":71},"7":{"loc":{"start":{"line":78,"column":6},"end":{"line":82,"column":7}},"type":"if","locations":[{"start":{"line":78,"column":6},"end":{"line":82,"column":7}},{"start":{"line":80,"column":13},"end":{"line":82,"column":7}}],"line":78},"8":{"loc":{"start":{"line":87,"column":4},"end":{"line":91,"column":5}},"type":"if","locations":[{"start":{"line":87,"column":4},"end":{"line":91,"column":5}},{"start":{},"end":{}}],"line":87},"9":{"loc":{"start":{"line":95,"column":4},"end":{"line":99,"column":5}},"type":"if","locations":[{"start":{"line":95,"column":4},"end":{"line":99,"column":5}},{"start":{},"end":{}}],"line":95},"10":{"loc":{"start":{"line":102,"column":19},"end":{"line":102,"column":47}},"type":"cond-expr","locations":[{"start":{"line":102,"column":40},"end":{"line":102,"column":43}},{"start":{"line":102,"column":46},"end":{"line":102,"column":47}}],"line":102},"11":{"loc":{"start":{"line":104,"column":2},"end":{"line":112,"column":3}},"type":"if","locations":[{"start":{"line":104,"column":2},"end":{"line":112,"column":3}},{"start":{},"end":{}}],"line":104},"12":{"loc":{"start":{"line":144,"column":10},"end":{"line":144,"column":62}},"type":"binary-expr","locations":[{"start":{"line":144,"column":10},"end":{"line":144,"column":31}},{"start":{"line":144,"column":35},"end":{"line":144,"column":62}}],"line":144},"13":{"loc":{"start":{"line":151,"column":9},"end":{"line":157,"column":9}},"type":"binary-expr","locations":[{"start":{"line":151,"column":9},"end":{"line":151,"column":37}},{"start":{"line":152,"column":10},"end":{"line":156,"column":17}}],"line":151},"14":{"loc":{"start":{"line":161,"column":13},"end":{"line":169,"column":13}},"type":"cond-expr","locations":[{"start":{"line":162,"column":14},"end":{"line":162,"column":63}},{"start":{"line":164,"column":14},"end":{"line":168,"column":21}}],"line":161},"15":{"loc":{"start":{"line":174,"column":15},"end":{"line":176,"column":41}},"type":"cond-expr","locations":[{"start":{"line":175,"column":18},"end":{"line":175,"column":44}},{"start":{"line":176,"column":18},"end":{"line":176,"column":41}}],"line":174},"16":{"loc":{"start":{"line":174,"column":15},"end":{"line":174,"column":72}},"type":"binary-expr","locations":[{"start":{"line":174,"column":15},"end":{"line":174,"column":42}},{"start":{"line":174,"column":46},"end":{"line":174,"column":72}}],"line":174},"17":{"loc":{"start":{"line":179,"column":13},"end":{"line":186,"column":13}},"type":"binary-expr","locations":[{"start":{"line":179,"column":13},"end":{"line":179,"column":34}},{"start":{"line":179,"column":38},"end":{"line":179,"column":64}},{"start":{"line":180,"column":14},"end":{"line":185,"column":21}}],"line":179},"18":{"loc":{"start":{"line":190,"column":9},"end":{"line":201,"column":9}},"type":"binary-expr","locations":[{"start":{"line":190,"column":9},"end":{"line":190,"column":31}},{"start":{"line":190,"column":35},"end":{"line":190,"column":56}},{"start":{"line":191,"column":10},"end":{"line":200,"column":29}}],"line":190},"19":{"loc":{"start":{"line":192,"column":40},"end":{"line":192,"column":78}},"type":"binary-expr","locations":[{"start":{"line":192,"column":40},"end":{"line":192,"column":50}},{"start":{"line":192,"column":54},"end":{"line":192,"column":78}}],"line":192},"20":{"loc":{"start":{"line":196,"column":38},"end":{"line":196,"column":88}},"type":"cond-expr","locations":[{"start":{"line":196,"column":51},"end":{"line":196,"column":65}},{"start":{"line":196,"column":68},"end":{"line":196,"column":88}}],"line":196},"21":{"loc":{"start":{"line":198,"column":15},"end":{"line":198,"column":56}},"type":"cond-expr","locations":[{"start":{"line":198,"column":28},"end":{"line":198,"column":41}},{"start":{"line":198,"column":44},"end":{"line":198,"column":56}}],"line":198},"22":{"loc":{"start":{"line":203,"column":9},"end":{"line":214,"column":9}},"type":"binary-expr","locations":[{"start":{"line":203,"column":9},"end":{"line":203,"column":31}},{"start":{"line":204,"column":10},"end":{"line":213,"column":29}}],"line":203},"23":{"loc":{"start":{"line":211,"column":15},"end":{"line":211,"column":72}},"type":"cond-expr","locations":[{"start":{"line":211,"column":28},"end":{"line":211,"column":43}},{"start":{"line":211,"column":46},"end":{"line":211,"column":72}}],"line":211},"24":{"loc":{"start":{"line":216,"column":9},"end":{"line":223,"column":9}},"type":"binary-expr","locations":[{"start":{"line":216,"column":9},"end":{"line":216,"column":30}},{"start":{"line":217,"column":10},"end":{"line":222,"column":17}}],"line":216},"25":{"loc":{"start":{"line":226,"column":7},"end":{"line":233,"column":7}},"type":"binary-expr","locations":[{"start":{"line":226,"column":7},"end":{"line":226,"column":24}},{"start":{"line":227,"column":8},"end":{"line":232,"column":24}}],"line":226},"26":{"loc":{"start":{"line":237,"column":36},"end":{"line":237,"column":74}},"type":"binary-expr","locations":[{"start":{"line":237,"column":36},"end":{"line":237,"column":46}},{"start":{"line":237,"column":50},"end":{"line":237,"column":74}}],"line":237},"27":{"loc":{"start":{"line":242,"column":40},"end":{"line":242,"column":82}},"type":"cond-expr","locations":[{"start":{"line":242,"column":52},"end":{"line":242,"column":66}},{"start":{"line":242,"column":69},"end":{"line":242,"column":82}}],"line":242},"28":{"loc":{"start":{"line":246,"column":12},"end":{"line":246,"column":54}},"type":"binary-expr","locations":[{"start":{"line":246,"column":12},"end":{"line":246,"column":22}},{"start":{"line":246,"column":26},"end":{"line":246,"column":54}}],"line":246},"29":{"loc":{"start":{"line":253,"column":36},"end":{"line":253,"column":74}},"type":"binary-expr","locations":[{"start":{"line":253,"column":36},"end":{"line":253,"column":46}},{"start":{"line":253,"column":50},"end":{"line":253,"column":74}}],"line":253},"30":{"loc":{"start":{"line":261,"column":12},"end":{"line":261,"column":54}},"type":"binary-expr","locations":[{"start":{"line":261,"column":12},"end":{"line":261,"column":22}},{"start":{"line":261,"column":26},"end":{"line":261,"column":54}}],"line":261},"31":{"loc":{"start":{"line":265,"column":41},"end":{"line":265,"column":83}},"type":"cond-expr","locations":[{"start":{"line":265,"column":53},"end":{"line":265,"column":67}},{"start":{"line":265,"column":70},"end":{"line":265,"column":83}}],"line":265}},"s":{"0":0,"1":0,"2":0,"3":0,"4":0,"5":0,"6":0,"7":0,"8":0,"9":0,"10":0,"11":0,"12":0,"13":0,"14":0,"15":0,"16":0,"17":0,"18":0,"19":0,"20":0,"21":0,"22":0,"23":0,"24":0,"25":0,"26":0,"27":0,"28":0,"29":0,"30":0,"31":0,"32":0,"33":0,"34":0,"35":0,"36":0,"37":0,"38":0,"39":0,"40":0,"41":0,"42":0,"43":0,"44":0,"45":0,"46":0,"47":0,"48":0,"49":0,"50":0,"51":0,"52":0,"53":0,"54":0,"55":0},"f":{"0":0,"1":0,"2":0,"3":0,"4":0,"5":0,"6":0,"7":0,"8":0,"9":0,"10":0,"11":0,"12":0,"13":0},"b":{"0":[0,0],"1":[0,0,0],"2":[0,0],"3":[0,0],"4":[0,0],"5":[0,0],"6":[0,0],"7":[0,0],"8":[0,0],"9":[0,0],"10":[0,0],"11":[0,0],"12":[0,0],"13":[0,0],"14":[0,0],"15":[0,0],"16":[0,0],"17":[0,0,0],"18":[0,0,0],"19":[0,0],"20":[0,0],"21":[0,0],"22":[0,0],"23":[0,0],"24":[0,0],"25":[0,0],"26":[0,0],"27":[0,0],"28":[0,0],"29":[0,0],"30":[0,0],"31":[0,0]}}
,"/Users/bobbylitmon/rork-neuronexa--cognitive-disorders-support-app/components/AccessibilityControls.tsx": {"path":"/Users/bobbylitmon/rork-neuronexa--cognitive-disorders-support-app/components/AccessibilityControls.tsx","statementMap":{"0":{"start":{"line":18,"column":38},"end":{"line":18,"column":56}},"1":{"start":{"line":19,"column":21},"end":{"line":19,"column":31}},"2":{"start":{"line":20,"column":28},"end":{"line":20,"column":40}},"3":{"start":{"line":21,"column":2},"end":{"line":21,"column":20}},"4":{"start":{"line":23,"column":23},"end":{"line":30,"column":3}},"5":{"start":{"line":24,"column":4},"end":{"line":24,"column":27}},"6":{"start":{"line":25,"column":4},"end":{"line":25,"column":27}},"7":{"start":{"line":27,"column":21},"end":{"line":27,"column":39}},"8":{"start":{"line":28,"column":20},"end":{"line":28,"column":67}},"9":{"start":{"line":29,"column":4},"end":{"line":29,"column":44}},"10":{"start":{"line":32,"column":2},"end":{"line":34,"column":3}},"11":{"start":{"line":33,"column":4},"end":{"line":33,"column":16}},"12":{"start":{"line":36,"column":19},"end":{"line":36,"column":36}},"13":{"start":{"line":37,"column":21},"end":{"line":37,"column":38}},"14":{"start":{"line":39,"column":17},"end":{"line":73,"column":4}},"15":{"start":{"line":75,"column":2},"end":{"line":137,"column":4}},"16":{"start":{"line":80,"column":25},"end":{"line":80,"column":72}},"17":{"start":{"line":97,"column":25},"end":{"line":97,"column":70}},"18":{"start":{"line":114,"column":25},"end":{"line":114,"column":64}},"19":{"start":{"line":127,"column":25},"end":{"line":127,"column":72}}},"fnMap":{"0":{"name":"AccessibilityControls","decl":{"start":{"line":14,"column":16},"end":{"line":14,"column":37}},"loc":{"start":{"line":17,"column":31},"end":{"line":138,"column":1}},"line":17},"1":{"name":"(anonymous_1)","decl":{"start":{"line":23,"column":23},"end":{"line":23,"column":24}},"loc":{"start":{"line":23,"column":80},"end":{"line":30,"column":3}},"line":23},"2":{"name":"(anonymous_2)","decl":{"start":{"line":80,"column":19},"end":{"line":80,"column":20}},"loc":{"start":{"line":80,"column":25},"end":{"line":80,"column":72}},"line":80},"3":{"name":"(anonymous_3)","decl":{"start":{"line":97,"column":19},"end":{"line":97,"column":20}},"loc":{"start":{"line":97,"column":25},"end":{"line":97,"column":70}},"line":97},"4":{"name":"(anonymous_4)","decl":{"start":{"line":114,"column":19},"end":{"line":114,"column":20}},"loc":{"start":{"line":114,"column":25},"end":{"line":114,"column":64}},"line":114},"5":{"name":"(anonymous_5)","decl":{"start":{"line":127,"column":19},"end":{"line":127,"column":20}},"loc":{"start":{"line":127,"column":25},"end":{"line":127,"column":72}},"line":127}},"branchMap":{"0":{"loc":{"start":{"line":15,"column":2},"end":{"line":15,"column":24}},"type":"default-arg","locations":[{"start":{"line":15,"column":20},"end":{"line":15,"column":24}}],"line":15},"1":{"loc":{"start":{"line":16,"column":2},"end":{"line":16,"column":17}},"type":"default-arg","locations":[{"start":{"line":16,"column":12},"end":{"line":16,"column":17}}],"line":16},"2":{"loc":{"start":{"line":28,"column":32},"end":{"line":28,"column":65}},"type":"cond-expr","locations":[{"start":{"line":28,"column":43},"end":{"line":28,"column":52}},{"start":{"line":28,"column":55},"end":{"line":28,"column":65}}],"line":28},"3":{"loc":{"start":{"line":32,"column":2},"end":{"line":34,"column":3}},"type":"if","locations":[{"start":{"line":32,"column":2},"end":{"line":34,"column":3}},{"start":{},"end":{}}],"line":32},"4":{"loc":{"start":{"line":36,"column":19},"end":{"line":36,"column":36}},"type":"cond-expr","locations":[{"start":{"line":36,"column":29},"end":{"line":36,"column":31}},{"start":{"line":36,"column":34},"end":{"line":36,"column":36}}],"line":36},"5":{"loc":{"start":{"line":37,"column":21},"end":{"line":37,"column":38}},"type":"cond-expr","locations":[{"start":{"line":37,"column":31},"end":{"line":37,"column":33}},{"start":{"line":37,"column":36},"end":{"line":37,"column":38}}],"line":37},"6":{"loc":{"start":{"line":43,"column":11},"end":{"line":43,"column":27}},"type":"cond-expr","locations":[{"start":{"line":43,"column":21},"end":{"line":43,"column":22}},{"start":{"line":43,"column":25},"end":{"line":43,"column":27}}],"line":43},"7":{"loc":{"start":{"line":44,"column":15},"end":{"line":44,"column":31}},"type":"cond-expr","locations":[{"start":{"line":44,"column":25},"end":{"line":44,"column":26}},{"start":{"line":44,"column":29},"end":{"line":44,"column":31}}],"line":44},"8":{"loc":{"start":{"line":65,"column":16},"end":{"line":65,"column":33}},"type":"cond-expr","locations":[{"start":{"line":65,"column":26},"end":{"line":65,"column":28}},{"start":{"line":65,"column":31},"end":{"line":65,"column":33}}],"line":65},"9":{"loc":{"start":{"line":79,"column":33},"end":{"line":79,"column":78}},"type":"binary-expr","locations":[{"start":{"line":79,"column":33},"end":{"line":79,"column":55}},{"start":{"line":79,"column":59},"end":{"line":79,"column":78}}],"line":79},"10":{"loc":{"start":{"line":85,"column":11},"end":{"line":89,"column":11}},"type":"cond-expr","locations":[{"start":{"line":86,"column":12},"end":{"line":86,"column":62}},{"start":{"line":88,"column":12},"end":{"line":88,"column":64}}],"line":85},"11":{"loc":{"start":{"line":91,"column":9},"end":{"line":91,"column":60}},"type":"binary-expr","locations":[{"start":{"line":91,"column":9},"end":{"line":91,"column":17}},{"start":{"line":91,"column":21},"end":{"line":91,"column":60}}],"line":91},"12":{"loc":{"start":{"line":96,"column":33},"end":{"line":96,"column":77}},"type":"binary-expr","locations":[{"start":{"line":96,"column":33},"end":{"line":96,"column":54}},{"start":{"line":96,"column":58},"end":{"line":96,"column":77}}],"line":96},"13":{"loc":{"start":{"line":102,"column":11},"end":{"line":106,"column":11}},"type":"cond-expr","locations":[{"start":{"line":103,"column":12},"end":{"line":103,"column":58}},{"start":{"line":105,"column":12},"end":{"line":105,"column":63}}],"line":102},"14":{"loc":{"start":{"line":108,"column":9},"end":{"line":108,"column":63}},"type":"binary-expr","locations":[{"start":{"line":108,"column":9},"end":{"line":108,"column":17}},{"start":{"line":108,"column":21},"end":{"line":108,"column":63}}],"line":108},"15":{"loc":{"start":{"line":113,"column":33},"end":{"line":113,"column":74}},"type":"binary-expr","locations":[{"start":{"line":113,"column":33},"end":{"line":113,"column":51}},{"start":{"line":113,"column":55},"end":{"line":113,"column":74}}],"line":113},"16":{"loc":{"start":{"line":119,"column":39},"end":{"line":119,"column":93}},"type":"cond-expr","locations":[{"start":{"line":119,"column":60},"end":{"line":119,"column":74}},{"start":{"line":119,"column":77},"end":{"line":119,"column":93}}],"line":119},"17":{"loc":{"start":{"line":121,"column":9},"end":{"line":121,"column":64}},"type":"binary-expr","locations":[{"start":{"line":121,"column":9},"end":{"line":121,"column":17}},{"start":{"line":121,"column":21},"end":{"line":121,"column":64}}],"line":121},"18":{"loc":{"start":{"line":126,"column":33},"end":{"line":126,"column":78}},"type":"binary-expr","locations":[{"start":{"line":126,"column":33},"end":{"line":126,"column":55}},{"start":{"line":126,"column":59},"end":{"line":126,"column":78}}],"line":126},"19":{"loc":{"start":{"line":132,"column":38},"end":{"line":132,"column":96}},"type":"cond-expr","locations":[{"start":{"line":132,"column":63},"end":{"line":132,"column":77}},{"start":{"line":132,"column":80},"end":{"line":132,"column":96}}],"line":132},"20":{"loc":{"start":{"line":134,"column":9},"end":{"line":134,"column":61}},"type":"binary-expr","locations":[{"start":{"line":134,"column":9},"end":{"line":134,"column":17}},{"start":{"line":134,"column":21},"end":{"line":134,"column":61}}],"line":134}},"s":{"0":0,"1":0,"2":0,"3":0,"4":0,"5":0,"6":0,"7":0,"8":0,"9":0,"10":0,"11":0,"12":0,"13":0,"14":0,"15":0,"16":0,"17":0,"18":0,"19":0},"f":{"0":0,"1":0,"2":0,"3":0,"4":0,"5":0},"b":{"0":[0],"1":[0],"2":[0,0],"3":[0,0],"4":[0,0],"5":[0,0],"6":[0,0],"7":[0,0],"8":[0,0],"9":[0,0],"10":[0,0],"11":[0,0],"12":[0,0],"13":[0,0],"14":[0,0],"15":[0,0],"16":[0,0],"17":[0,0],"18":[0,0],"19":[0,0],"20":[0,0]}}
,"/Users/bobbylitmon/rork-neuronexa--cognitive-disorders-support-app/components/AccessibleButton.tsx": {"path":"/Users/bobbylitmon/rork-neuronexa--cognitive-disorders-support-app/components/AccessibleButton.tsx","statementMap":{"0":{"start":{"line":57,"column":21},"end":{"line":57,"column":31}},"1":{"start":{"line":58,"column":23},"end":{"line":58,"column":41}},"2":{"start":{"line":59,"column":18},"end":{"line":59,"column":30}},"3":{"start":{"line":61,"column":17},"end":{"line":61,"column":82}},"4":{"start":{"line":61,"column":31},"end":{"line":61,"column":61}},"5":{"start":{"line":63,"column":22},"end":{"line":66,"column":3}},"6":{"start":{"line":64,"column":4},"end":{"line":64,"column":27}},"7":{"start":{"line":65,"column":4},"end":{"line":65,"column":14}},"8":{"start":{"line":68,"column":23},"end":{"line":76,"column":3}},"9":{"start":{"line":78,"column":21},"end":{"line":84,"column":3}},"10":{"start":{"line":86,"column":24},"end":{"line":103,"column":3}},"11":{"start":{"line":87,"column":4},"end":{"line":94,"column":5}},"12":{"start":{"line":88,"column":6},"end":{"line":93,"column":8}},"13":{"start":{"line":96,"column":4},"end":{"line":102,"column":6}},"14":{"start":{"line":105,"column":2},"end":{"line":123,"column":4}},"15":{"start":{"line":126,"column":21},"end":{"line":235,"column":1}},"16":{"start":{"line":130,"column":29},"end":{"line":130,"column":57}},"17":{"start":{"line":132,"column":2},"end":{"line":234,"column":5}}},"fnMap":{"0":{"name":"AccessibleButton","decl":{"start":{"line":40,"column":24},"end":{"line":40,"column":40}},"loc":{"start":{"line":56,"column":26},"end":{"line":124,"column":1}},"line":56},"1":{"name":"(anonymous_1)","decl":{"start":{"line":61,"column":25},"end":{"line":61,"column":26}},"loc":{"start":{"line":61,"column":31},"end":{"line":61,"column":61}},"line":61},"2":{"name":"(anonymous_2)","decl":{"start":{"line":63,"column":22},"end":{"line":63,"column":23}},"loc":{"start":{"line":63,"column":28},"end":{"line":66,"column":3}},"line":63},"3":{"name":"(anonymous_3)","decl":{"start":{"line":86,"column":24},"end":{"line":86,"column":25}},"loc":{"start":{"line":86,"column":30},"end":{"line":103,"column":3}},"line":86},"4":{"name":"(anonymous_4)","decl":{"start":{"line":126,"column":21},"end":{"line":126,"column":22}},"loc":{"start":{"line":129,"column":5},"end":{"line":235,"column":1}},"line":129}},"branchMap":{"0":{"loc":{"start":{"line":43,"column":2},"end":{"line":43,"column":21}},"type":"default-arg","locations":[{"start":{"line":43,"column":12},"end":{"line":43,"column":21}}],"line":43},"1":{"loc":{"start":{"line":44,"column":2},"end":{"line":44,"column":13}},"type":"default-arg","locations":[{"start":{"line":44,"column":9},"end":{"line":44,"column":13}}],"line":44},"2":{"loc":{"start":{"line":45,"column":2},"end":{"line":45,"column":18}},"type":"default-arg","locations":[{"start":{"line":45,"column":13},"end":{"line":45,"column":18}}],"line":45},"3":{"loc":{"start":{"line":46,"column":2},"end":{"line":46,"column":17}},"type":"default-arg","locations":[{"start":{"line":46,"column":12},"end":{"line":46,"column":17}}],"line":46},"4":{"loc":{"start":{"line":48,"column":2},"end":{"line":48,"column":23}},"type":"default-arg","locations":[{"start":{"line":48,"column":17},"end":{"line":48,"column":23}}],"line":48},"5":{"loc":{"start":{"line":49,"column":2},"end":{"line":49,"column":19}},"type":"default-arg","locations":[{"start":{"line":49,"column":14},"end":{"line":49,"column":19}}],"line":49},"6":{"loc":{"start":{"line":55,"column":2},"end":{"line":55,"column":30}},"type":"default-arg","locations":[{"start":{"line":55,"column":22},"end":{"line":55,"column":30}}],"line":55},"7":{"loc":{"start":{"line":72,"column":4},"end":{"line":72,"column":37}},"type":"binary-expr","locations":[{"start":{"line":72,"column":4},"end":{"line":72,"column":12}},{"start":{"line":72,"column":16},"end":{"line":72,"column":37}}],"line":72},"8":{"loc":{"start":{"line":73,"column":4},"end":{"line":73,"column":39}},"type":"binary-expr","locations":[{"start":{"line":73,"column":4},"end":{"line":73,"column":13}},{"start":{"line":73,"column":17},"end":{"line":73,"column":39}}],"line":73},"9":{"loc":{"start":{"line":74,"column":4},"end":{"line":74,"column":54}},"type":"binary-expr","locations":[{"start":{"line":74,"column":4},"end":{"line":74,"column":28}},{"start":{"line":74,"column":32},"end":{"line":74,"column":54}}],"line":74},"10":{"loc":{"start":{"line":82,"column":4},"end":{"line":82,"column":35}},"type":"binary-expr","locations":[{"start":{"line":82,"column":4},"end":{"line":82,"column":12}},{"start":{"line":82,"column":16},"end":{"line":82,"column":35}}],"line":82},"11":{"loc":{"start":{"line":87,"column":4},"end":{"line":94,"column":5}},"type":"if","locations":[{"start":{"line":87,"column":4},"end":{"line":94,"column":5}},{"start":{},"end":{}}],"line":87},"12":{"loc":{"start":{"line":90,"column":17},"end":{"line":90,"column":96}},"type":"cond-expr","locations":[{"start":{"line":90,"column":65},"end":{"line":90,"column":79}},{"start":{"line":90,"column":82},"end":{"line":90,"column":96}}],"line":90},"13":{"loc":{"start":{"line":90,"column":17},"end":{"line":90,"column":62}},"type":"binary-expr","locations":[{"start":{"line":90,"column":17},"end":{"line":90,"column":38}},{"start":{"line":90,"column":42},"end":{"line":90,"column":62}}],"line":90},"14":{"loc":{"start":{"line":98,"column":9},"end":{"line":98,"column":100}},"type":"binary-expr","locations":[{"start":{"line":98,"column":9},"end":{"line":98,"column":13}},{"start":{"line":98,"column":17},"end":{"line":98,"column":40}},{"start":{"line":98,"column":44},"end":{"line":98,"column":100}}],"line":98},"15":{"loc":{"start":{"line":100,"column":9},"end":{"line":100,"column":102}},"type":"binary-expr","locations":[{"start":{"line":100,"column":9},"end":{"line":100,"column":13}},{"start":{"line":100,"column":17},"end":{"line":100,"column":41}},{"start":{"line":100,"column":45},"end":{"line":100,"column":102}}],"line":100},"16":{"loc":{"start":{"line":109,"column":16},"end":{"line":109,"column":35}},"type":"binary-expr","locations":[{"start":{"line":109,"column":16},"end":{"line":109,"column":24}},{"start":{"line":109,"column":28},"end":{"line":109,"column":35}}],"line":109},"17":{"loc":{"start":{"line":113,"column":26},"end":{"line":113,"column":53}},"type":"binary-expr","locations":[{"start":{"line":113,"column":26},"end":{"line":113,"column":44}},{"start":{"line":113,"column":48},"end":{"line":113,"column":53}}],"line":113},"18":{"loc":{"start":{"line":117,"column":18},"end":{"line":117,"column":37}},"type":"binary-expr","locations":[{"start":{"line":117,"column":18},"end":{"line":117,"column":26}},{"start":{"line":117,"column":30},"end":{"line":117,"column":37}}],"line":117},"19":{"loc":{"start":{"line":130,"column":29},"end":{"line":130,"column":57}},"type":"cond-expr","locations":[{"start":{"line":130,"column":50},"end":{"line":130,"column":53}},{"start":{"line":130,"column":56},"end":{"line":130,"column":57}}],"line":130},"20":{"loc":{"start":{"line":140,"column":21},"end":{"line":140,"column":53}},"type":"cond-expr","locations":[{"start":{"line":140,"column":46},"end":{"line":140,"column":47}},{"start":{"line":140,"column":50},"end":{"line":140,"column":53}}],"line":140},"21":{"loc":{"start":{"line":142,"column":17},"end":{"line":142,"column":47}},"type":"cond-expr","locations":[{"start":{"line":142,"column":42},"end":{"line":142,"column":43}},{"start":{"line":142,"column":46},"end":{"line":142,"column":47}}],"line":142}},"s":{"0":0,"1":0,"2":0,"3":0,"4":0,"5":0,"6":0,"7":0,"8":0,"9":0,"10":0,"11":0,"12":0,"13":0,"14":0,"15":0,"16":0,"17":0},"f":{"0":0,"1":0,"2":0,"3":0,"4":0},"b":{"0":[0],"1":[0],"2":[0],"3":[0],"4":[0],"5":[0],"6":[0],"7":[0,0],"8":[0,0],"9":[0,0],"10":[0,0],"11":[0,0],"12":[0,0],"13":[0,0],"14":[0,0,0],"15":[0,0,0],"16":[0,0],"17":[0,0],"18":[0,0],"19":[0,0],"20":[0,0],"21":[0,0]}}
,"/Users/bobbylitmon/rork-neuronexa--cognitive-disorders-support-app/components/AchievementToast.tsx": {"path":"/Users/bobbylitmon/rork-neuronexa--cognitive-disorders-support-app/components/AchievementToast.tsx","statementMap":{"0":{"start":{"line":14,"column":21},"end":{"line":51,"column":1}},"1":{"start":{"line":54,"column":21},"end":{"line":54,"column":67}},"2":{"start":{"line":55,"column":18},"end":{"line":55,"column":61}},"3":{"start":{"line":57,"column":2},"end":{"line":90,"column":45}},"4":{"start":{"line":58,"column":4},"end":{"line":89,"column":5}},"5":{"start":{"line":59,"column":6},"end":{"line":71,"column":17}},"6":{"start":{"line":73,"column":20},"end":{"line":86,"column":14}},"7":{"start":{"line":74,"column":8},"end":{"line":85,"column":33}},"8":{"start":{"line":85,"column":23},"end":{"line":85,"column":31}},"9":{"start":{"line":88,"column":6},"end":{"line":88,"column":39}},"10":{"start":{"line":88,"column":19},"end":{"line":88,"column":38}},"11":{"start":{"line":92,"column":2},"end":{"line":92,"column":28}},"12":{"start":{"line":92,"column":16},"end":{"line":92,"column":28}},"13":{"start":{"line":94,"column":22},"end":{"line":94,"column":40}},"14":{"start":{"line":95,"column":24},"end":{"line":95,"column":40}},"15":{"start":{"line":97,"column":2},"end":{"line":115,"column":4}},"16":{"start":{"line":118,"column":15},"end":{"line":157,"column":2}}},"fnMap":{"0":{"name":"AchievementToast","decl":{"start":{"line":53,"column":16},"end":{"line":53,"column":32}},"loc":{"start":{"line":53,"column":83},"end":{"line":116,"column":1}},"line":53},"1":{"name":"(anonymous_1)","decl":{"start":{"line":57,"column":12},"end":{"line":57,"column":13}},"loc":{"start":{"line":57,"column":18},"end":{"line":90,"column":3}},"line":57},"2":{"name":"(anonymous_2)","decl":{"start":{"line":73,"column":31},"end":{"line":73,"column":32}},"loc":{"start":{"line":73,"column":37},"end":{"line":86,"column":7}},"line":73},"3":{"name":"(anonymous_3)","decl":{"start":{"line":85,"column":17},"end":{"line":85,"column":18}},"loc":{"start":{"line":85,"column":23},"end":{"line":85,"column":31}},"line":85},"4":{"name":"(anonymous_4)","decl":{"start":{"line":88,"column":13},"end":{"line":88,"column":14}},"loc":{"start":{"line":88,"column":19},"end":{"line":88,"column":38}},"line":88}},"branchMap":{"0":{"loc":{"start":{"line":58,"column":4},"end":{"line":89,"column":5}},"type":"if","locations":[{"start":{"line":58,"column":4},"end":{"line":89,"column":5}},{"start":{},"end":{}}],"line":58},"1":{"loc":{"start":{"line":92,"column":2},"end":{"line":92,"column":28}},"type":"if","locations":[{"start":{"line":92,"column":2},"end":{"line":92,"column":28}},{"start":{},"end":{}}],"line":92}},"s":{"0":0,"1":0,"2":0,"3":0,"4":0,"5":0,"6":0,"7":0,"8":0,"9":0,"10":0,"11":0,"12":0,"13":0,"14":0,"15":0,"16":0},"f":{"0":0,"1":0,"2":0,"3":0,"4":0},"b":{"0":[0,0],"1":[0,0]}}
,"/Users/bobbylitmon/rork-neuronexa--cognitive-disorders-support-app/components/AddPatientModal.tsx": {"path":"/Users/bobbylitmon/rork-neuronexa--cognitive-disorders-support-app/components/AddPatientModal.tsx","statementMap":{"0":{"start":{"line":13,"column":25},"end":{"line":13,"column":38}},"1":{"start":{"line":14,"column":30},"end":{"line":14,"column":61}},"2":{"start":{"line":15,"column":26},"end":{"line":15,"column":38}},"3":{"start":{"line":16,"column":28},"end":{"line":16,"column":40}},"4":{"start":{"line":17,"column":26},"end":{"line":17,"column":38}},"5":{"start":{"line":18,"column":34},"end":{"line":18,"column":49}},"6":{"start":{"line":20,"column":17},"end":{"line":26,"column":3}},"7":{"start":{"line":21,"column":14},"end":{"line":21,"column":25}},"8":{"start":{"line":22,"column":4},"end":{"line":22,"column":19}},"9":{"start":{"line":22,"column":12},"end":{"line":22,"column":19}},"10":{"start":{"line":23,"column":4},"end":{"line":23,"column":56}},"11":{"start":{"line":24,"column":4},"end":{"line":24,"column":14}},"12":{"start":{"line":25,"column":4},"end":{"line":25,"column":69}},"13":{"start":{"line":28,"column":20},"end":{"line":56,"column":3}},"14":{"start":{"line":29,"column":22},"end":{"line":29,"column":34}},"15":{"start":{"line":30,"column":28},"end":{"line":30,"column":53}},"16":{"start":{"line":32,"column":4},"end":{"line":35,"column":5}},"17":{"start":{"line":33,"column":6},"end":{"line":33,"column":81}},"18":{"start":{"line":34,"column":6},"end":{"line":34,"column":13}},"19":{"start":{"line":37,"column":4},"end":{"line":40,"column":5}},"20":{"start":{"line":38,"column":6},"end":{"line":38,"column":74}},"21":{"start":{"line":39,"column":6},"end":{"line":39,"column":13}},"22":{"start":{"line":42,"column":4},"end":{"line":42,"column":22}},"23":{"start":{"line":43,"column":4},"end":{"line":55,"column":5}},"24":{"start":{"line":44,"column":6},"end":{"line":44,"column":83}},"25":{"start":{"line":45,"column":6},"end":{"line":45,"column":67}},"26":{"start":{"line":46,"column":6},"end":{"line":46,"column":19}},"27":{"start":{"line":47,"column":6},"end":{"line":47,"column":18}},"28":{"start":{"line":48,"column":6},"end":{"line":48,"column":16}},"29":{"start":{"line":49,"column":6},"end":{"line":49,"column":102}},"30":{"start":{"line":51,"column":6},"end":{"line":51,"column":70}},"31":{"start":{"line":52,"column":6},"end":{"line":52,"column":71}},"32":{"start":{"line":54,"column":6},"end":{"line":54,"column":25}},"33":{"start":{"line":58,"column":2},"end":{"line":193,"column":4}},"34":{"start":{"line":88,"column":33},"end":{"line":88,"column":47}},"35":{"start":{"line":89,"column":18},"end":{"line":104,"column":20}},"36":{"start":{"line":92,"column":37},"end":{"line":92,"column":51}},"37":{"start":{"line":114,"column":41},"end":{"line":114,"column":65}},"38":{"start":{"line":127,"column":45},"end":{"line":130,"column":21}},"39":{"start":{"line":165,"column":45},"end":{"line":168,"column":21}},"40":{"start":{"line":181,"column":41},"end":{"line":184,"column":17}}},"fnMap":{"0":{"name":"AddPatientModal","decl":{"start":{"line":10,"column":24},"end":{"line":10,"column":39}},"loc":{"start":{"line":12,"column":70},"end":{"line":194,"column":1}},"line":12},"1":{"name":"(anonymous_1)","decl":{"start":{"line":20,"column":17},"end":{"line":20,"column":18}},"loc":{"start":{"line":20,"column":23},"end":{"line":26,"column":3}},"line":20},"2":{"name":"(anonymous_2)","decl":{"start":{"line":28,"column":20},"end":{"line":28,"column":21}},"loc":{"start":{"line":28,"column":32},"end":{"line":56,"column":3}},"line":28},"3":{"name":"(anonymous_3)","decl":{"start":{"line":87,"column":54},"end":{"line":87,"column":55}},"loc":{"start":{"line":87,"column":63},"end":{"line":105,"column":17}},"line":87},"4":{"name":"(anonymous_4)","decl":{"start":{"line":92,"column":31},"end":{"line":92,"column":32}},"loc":{"start":{"line":92,"column":37},"end":{"line":92,"column":51}},"line":92},"5":{"name":"(anonymous_5)","decl":{"start":{"line":114,"column":34},"end":{"line":114,"column":35}},"loc":{"start":{"line":114,"column":41},"end":{"line":114,"column":65}},"line":114},"6":{"name":"(anonymous_6)","decl":{"start":{"line":127,"column":27},"end":{"line":127,"column":28}},"loc":{"start":{"line":127,"column":45},"end":{"line":130,"column":21}},"line":127},"7":{"name":"(anonymous_7)","decl":{"start":{"line":165,"column":27},"end":{"line":165,"column":28}},"loc":{"start":{"line":165,"column":45},"end":{"line":168,"column":21}},"line":165},"8":{"name":"(anonymous_8)","decl":{"start":{"line":181,"column":23},"end":{"line":181,"column":24}},"loc":{"start":{"line":181,"column":41},"end":{"line":184,"column":17}},"line":181}},"branchMap":{"0":{"loc":{"start":{"line":11,"column":20},"end":{"line":11,"column":42}},"type":"default-arg","locations":[{"start":{"line":11,"column":36},"end":{"line":11,"column":42}}],"line":11},"1":{"loc":{"start":{"line":22,"column":4},"end":{"line":22,"column":19}},"type":"if","locations":[{"start":{"line":22,"column":4},"end":{"line":22,"column":19}},{"start":{},"end":{}}],"line":22},"2":{"loc":{"start":{"line":32,"column":4},"end":{"line":35,"column":5}},"type":"if","locations":[{"start":{"line":32,"column":4},"end":{"line":35,"column":5}},{"start":{},"end":{}}],"line":32},"3":{"loc":{"start":{"line":32,"column":8},"end":{"line":32,"column":38}},"type":"binary-expr","locations":[{"start":{"line":32,"column":8},"end":{"line":32,"column":18}},{"start":{"line":32,"column":22},"end":{"line":32,"column":38}}],"line":32},"4":{"loc":{"start":{"line":37,"column":4},"end":{"line":40,"column":5}},"type":"if","locations":[{"start":{"line":37,"column":4},"end":{"line":40,"column":5}},{"start":{},"end":{}}],"line":37},"5":{"loc":{"start":{"line":61,"column":40},"end":{"line":61,"column":85}},"type":"cond-expr","locations":[{"start":{"line":61,"column":64},"end":{"line":61,"column":73}},{"start":{"line":61,"column":76},"end":{"line":61,"column":85}}],"line":61},"6":{"loc":{"start":{"line":97,"column":41},"end":{"line":97,"column":75}},"type":"cond-expr","locations":[{"start":{"line":97,"column":50},"end":{"line":97,"column":59}},{"start":{"line":97,"column":62},"end":{"line":97,"column":75}}],"line":97},"7":{"loc":{"start":{"line":100,"column":44},"end":{"line":100,"column":74}},"type":"cond-expr","locations":[{"start":{"line":100,"column":53},"end":{"line":100,"column":62}},{"start":{"line":100,"column":65},"end":{"line":100,"column":74}}],"line":100},"8":{"loc":{"start":{"line":101,"column":25},"end":{"line":101,"column":69}},"type":"cond-expr","locations":[{"start":{"line":101,"column":42},"end":{"line":101,"column":52}},{"start":{"line":101,"column":55},"end":{"line":101,"column":69}}],"line":101},"9":{"loc":{"start":{"line":108,"column":15},"end":{"line":135,"column":15}},"type":"binary-expr","locations":[{"start":{"line":108,"column":15},"end":{"line":108,"column":32}},{"start":{"line":109,"column":16},"end":{"line":134,"column":23}}],"line":108},"10":{"loc":{"start":{"line":128,"column":39},"end":{"line":128,"column":75}},"type":"cond-expr","locations":[{"start":{"line":128,"column":54},"end":{"line":128,"column":63}},{"start":{"line":128,"column":66},"end":{"line":128,"column":75}}],"line":128},"11":{"loc":{"start":{"line":129,"column":84},"end":{"line":129,"column":101}},"type":"cond-expr","locations":[{"start":{"line":129,"column":94},"end":{"line":129,"column":97}},{"start":{"line":129,"column":100},"end":{"line":129,"column":101}}],"line":129},"12":{"loc":{"start":{"line":137,"column":15},"end":{"line":175,"column":15}},"type":"binary-expr","locations":[{"start":{"line":137,"column":15},"end":{"line":137,"column":34}},{"start":{"line":138,"column":16},"end":{"line":174,"column":23}}],"line":137},"13":{"loc":{"start":{"line":164,"column":30},"end":{"line":164,"column":71}},"type":"binary-expr","locations":[{"start":{"line":164,"column":30},"end":{"line":164,"column":43}},{"start":{"line":164,"column":47},"end":{"line":164,"column":59}},{"start":{"line":164,"column":63},"end":{"line":164,"column":71}}],"line":164},"14":{"loc":{"start":{"line":166,"column":39},"end":{"line":166,"column":104}},"type":"cond-expr","locations":[{"start":{"line":166,"column":83},"end":{"line":166,"column":92}},{"start":{"line":166,"column":95},"end":{"line":166,"column":104}}],"line":166},"15":{"loc":{"start":{"line":166,"column":39},"end":{"line":166,"column":80}},"type":"binary-expr","locations":[{"start":{"line":166,"column":39},"end":{"line":166,"column":52}},{"start":{"line":166,"column":56},"end":{"line":166,"column":68}},{"start":{"line":166,"column":72},"end":{"line":166,"column":80}}],"line":166},"16":{"loc":{"start":{"line":167,"column":84},"end":{"line":167,"column":101}},"type":"cond-expr","locations":[{"start":{"line":167,"column":94},"end":{"line":167,"column":97}},{"start":{"line":167,"column":100},"end":{"line":167,"column":101}}],"line":167},"17":{"loc":{"start":{"line":170,"column":42},"end":{"line":170,"column":74}},"type":"cond-expr","locations":[{"start":{"line":170,"column":53},"end":{"line":170,"column":62}},{"start":{"line":170,"column":65},"end":{"line":170,"column":74}}],"line":170},"18":{"loc":{"start":{"line":171,"column":23},"end":{"line":171,"column":61}},"type":"cond-expr","locations":[{"start":{"line":171,"column":34},"end":{"line":171,"column":45}},{"start":{"line":171,"column":48},"end":{"line":171,"column":61}}],"line":171},"19":{"loc":{"start":{"line":183,"column":35},"end":{"line":183,"column":66}},"type":"cond-expr","locations":[{"start":{"line":183,"column":45},"end":{"line":183,"column":54}},{"start":{"line":183,"column":57},"end":{"line":183,"column":66}}],"line":183}},"s":{"0":0,"1":0,"2":0,"3":0,"4":0,"5":0,"6":0,"7":0,"8":0,"9":0,"10":0,"11":0,"12":0,"13":0,"14":0,"15":0,"16":0,"17":0,"18":0,"19":0,"20":0,"21":0,"22":0,"23":0,"24":0,"25":0,"26":0,"27":0,"28":0,"29":0,"30":0,"31":0,"32":0,"33":0,"34":0,"35":0,"36":0,"37":0,"38":0,"39":0,"40":0},"f":{"0":0,"1":0,"2":0,"3":0,"4":0,"5":0,"6":0,"7":0,"8":0},"b":{"0":[0],"1":[0,0],"2":[0,0],"3":[0,0],"4":[0,0],"5":[0,0],"6":[0,0],"7":[0,0],"8":[0,0],"9":[0,0],"10":[0,0],"11":[0,0],"12":[0,0],"13":[0,0,0],"14":[0,0],"15":[0,0,0],"16":[0,0],"17":[0,0],"18":[0,0],"19":[0,0]}}
,"/Users/bobbylitmon/rork-neuronexa--cognitive-disorders-support-app/components/BottomCTA.tsx": {"path":"/Users/bobbylitmon/rork-neuronexa--cognitive-disorders-support-app/components/BottomCTA.tsx","statementMap":{"0":{"start":{"line":11,"column":51},"end":{"line":21,"column":1}},"1":{"start":{"line":12,"column":16},"end":{"line":12,"column":35}},"2":{"start":{"line":13,"column":13},"end":{"line":13,"column":55}},"3":{"start":{"line":14,"column":2},"end":{"line":20,"column":4}},"4":{"start":{"line":23,"column":15},"end":{"line":45,"column":2}}},"fnMap":{"0":{"name":"(anonymous_0)","decl":{"start":{"line":11,"column":51},"end":{"line":11,"column":52}},"loc":{"start":{"line":11,"column":93},"end":{"line":21,"column":1}},"line":11}},"branchMap":{"0":{"loc":{"start":{"line":11,"column":70},"end":{"line":11,"column":86}},"type":"default-arg","locations":[{"start":{"line":11,"column":77},"end":{"line":11,"column":86}}],"line":11},"1":{"loc":{"start":{"line":13,"column":13},"end":{"line":13,"column":55}},"type":"cond-expr","locations":[{"start":{"line":13,"column":34},"end":{"line":13,"column":43}},{"start":{"line":13,"column":46},"end":{"line":13,"column":55}}],"line":13}},"s":{"0":0,"1":0,"2":0,"3":0,"4":0},"f":{"0":0},"b":{"0":[0],"1":[0,0]}}
,"/Users/bobbylitmon/rork-neuronexa--cognitive-disorders-support-app/components/BreathingExercise.tsx": {"path":"/Users/bobbylitmon/rork-neuronexa--cognitive-disorders-support-app/components/BreathingExercise.tsx","statementMap":{"0":{"start":{"line":17,"column":21},"end":{"line":17,"column":31}},"1":{"start":{"line":18,"column":22},"end":{"line":18,"column":38}},"2":{"start":{"line":19,"column":23},"end":{"line":19,"column":87}},"3":{"start":{"line":20,"column":34},"end":{"line":20,"column":49}},"4":{"start":{"line":21,"column":42},"end":{"line":21,"column":53}},"5":{"start":{"line":22,"column":28},"end":{"line":22,"column":62}},"6":{"start":{"line":23,"column":34},"end":{"line":23,"column":58}},"7":{"start":{"line":25,"column":20},"end":{"line":25,"column":59}},"8":{"start":{"line":26,"column":22},"end":{"line":26,"column":61}},"9":{"start":{"line":28,"column":20},"end":{"line":28,"column":44}},"10":{"start":{"line":29,"column":21},"end":{"line":29,"column":47}},"11":{"start":{"line":31,"column":31},"end":{"line":44,"column":22}},"12":{"start":{"line":32,"column":4},"end":{"line":43,"column":5}},"13":{"start":{"line":34,"column":8},"end":{"line":34,"column":28}},"14":{"start":{"line":36,"column":8},"end":{"line":36,"column":30}},"15":{"start":{"line":38,"column":8},"end":{"line":38,"column":44}},"16":{"start":{"line":40,"column":8},"end":{"line":40,"column":30}},"17":{"start":{"line":42,"column":8},"end":{"line":42,"column":30}},"18":{"start":{"line":46,"column":24},"end":{"line":58,"column":64}},"19":{"start":{"line":47,"column":22},"end":{"line":47,"column":38}},"20":{"start":{"line":48,"column":4},"end":{"line":57,"column":5}},"21":{"start":{"line":49,"column":6},"end":{"line":49,"column":25}},"22":{"start":{"line":50,"column":6},"end":{"line":50,"column":25}},"23":{"start":{"line":51,"column":6},"end":{"line":51,"column":25}},"24":{"start":{"line":52,"column":6},"end":{"line":52,"column":34}},"25":{"start":{"line":53,"column":6},"end":{"line":53,"column":21}},"26":{"start":{"line":55,"column":6},"end":{"line":55,"column":33}},"27":{"start":{"line":56,"column":6},"end":{"line":56,"column":25}},"28":{"start":{"line":60,"column":24},"end":{"line":64,"column":3}},"29":{"start":{"line":61,"column":4},"end":{"line":63,"column":5}},"30":{"start":{"line":62,"column":6},"end":{"line":62,"column":61}},"31":{"start":{"line":66,"column":26},"end":{"line":86,"column":53}},"32":{"start":{"line":67,"column":4},"end":{"line":67,"column":20}},"33":{"start":{"line":68,"column":4},"end":{"line":85,"column":5}},"34":{"start":{"line":70,"column":8},"end":{"line":70,"column":25}},"35":{"start":{"line":71,"column":8},"end":{"line":71,"column":14}},"36":{"start":{"line":73,"column":8},"end":{"line":73,"column":27}},"37":{"start":{"line":74,"column":8},"end":{"line":74,"column":14}},"38":{"start":{"line":76,"column":8},"end":{"line":80,"column":9}},"39":{"start":{"line":77,"column":10},"end":{"line":77,"column":38}},"40":{"start":{"line":79,"column":10},"end":{"line":79,"column":26}},"41":{"start":{"line":81,"column":8},"end":{"line":81,"column":14}},"42":{"start":{"line":83,"column":8},"end":{"line":83,"column":24}},"43":{"start":{"line":84,"column":8},"end":{"line":84,"column":14}},"44":{"start":{"line":88,"column":2},"end":{"line":102,"column":56}},"45":{"start":{"line":89,"column":4},"end":{"line":89,"column":26}},"46":{"start":{"line":89,"column":19},"end":{"line":89,"column":26}},"47":{"start":{"line":91,"column":21},"end":{"line":99,"column":12}},"48":{"start":{"line":92,"column":6},"end":{"line":98,"column":9}},"49":{"start":{"line":93,"column":8},"end":{"line":96,"column":9}},"50":{"start":{"line":94,"column":10},"end":{"line":94,"column":28}},"51":{"start":{"line":95,"column":10},"end":{"line":95,"column":40}},"52":{"start":{"line":97,"column":8},"end":{"line":97,"column":24}},"53":{"start":{"line":101,"column":4},"end":{"line":101,"column":41}},"54":{"start":{"line":101,"column":17},"end":{"line":101,"column":40}},"55":{"start":{"line":104,"column":23},"end":{"line":165,"column":47}},"56":{"start":{"line":105,"column":21},"end":{"line":105,"column":36}},"57":{"start":{"line":107,"column":4},"end":{"line":164,"column":5}},"58":{"start":{"line":109,"column":8},"end":{"line":120,"column":19}},"59":{"start":{"line":121,"column":8},"end":{"line":121,"column":14}},"60":{"start":{"line":123,"column":8},"end":{"line":134,"column":19}},"61":{"start":{"line":135,"column":8},"end":{"line":135,"column":14}},"62":{"start":{"line":137,"column":8},"end":{"line":148,"column":19}},"63":{"start":{"line":149,"column":8},"end":{"line":149,"column":14}},"64":{"start":{"line":151,"column":8},"end":{"line":162,"column":19}},"65":{"start":{"line":163,"column":8},"end":{"line":163,"column":14}},"66":{"start":{"line":167,"column":2},"end":{"line":171,"column":38}},"67":{"start":{"line":168,"column":4},"end":{"line":168,"column":26}},"68":{"start":{"line":168,"column":19},"end":{"line":168,"column":26}},"69":{"start":{"line":170,"column":4},"end":{"line":170,"column":19}},"70":{"start":{"line":173,"column":22},"end":{"line":178,"column":3}},"71":{"start":{"line":174,"column":4},"end":{"line":174,"column":22}},"72":{"start":{"line":175,"column":4},"end":{"line":175,"column":23}},"73":{"start":{"line":176,"column":4},"end":{"line":176,"column":23}},"74":{"start":{"line":177,"column":4},"end":{"line":177,"column":32}},"75":{"start":{"line":180,"column":22},"end":{"line":182,"column":3}},"76":{"start":{"line":181,"column":4},"end":{"line":181,"column":23}},"77":{"start":{"line":184,"column":22},"end":{"line":191,"column":3}},"78":{"start":{"line":185,"column":4},"end":{"line":185,"column":23}},"79":{"start":{"line":186,"column":4},"end":{"line":186,"column":23}},"80":{"start":{"line":187,"column":4},"end":{"line":187,"column":23}},"81":{"start":{"line":188,"column":4},"end":{"line":188,"column":32}},"82":{"start":{"line":189,"column":4},"end":{"line":189,"column":28}},"83":{"start":{"line":190,"column":4},"end":{"line":190,"column":30}},"84":{"start":{"line":193,"column":23},"end":{"line":206,"column":3}},"85":{"start":{"line":194,"column":4},"end":{"line":205,"column":5}},"86":{"start":{"line":196,"column":8},"end":{"line":196,"column":28}},"87":{"start":{"line":198,"column":8},"end":{"line":198,"column":22}},"88":{"start":{"line":200,"column":8},"end":{"line":200,"column":29}},"89":{"start":{"line":202,"column":8},"end":{"line":202,"column":22}},"90":{"start":{"line":204,"column":8},"end":{"line":204,"column":18}},"91":{"start":{"line":210,"column":17},"end":{"line":344,"column":4}},"92":{"start":{"line":346,"column":2},"end":{"line":438,"column":4}}},"fnMap":{"0":{"name":"BreathingExercise","decl":{"start":{"line":16,"column":24},"end":{"line":16,"column":41}},"loc":{"start":{"line":16,"column":91},"end":{"line":439,"column":1}},"line":16},"1":{"name":"(anonymous_1)","decl":{"start":{"line":31,"column":43},"end":{"line":31,"column":44}},"loc":{"start":{"line":31,"column":57},"end":{"line":44,"column":3}},"line":31},"2":{"name":"(anonymous_2)","decl":{"start":{"line":46,"column":36},"end":{"line":46,"column":37}},"loc":{"start":{"line":46,"column":42},"end":{"line":58,"column":3}},"line":46},"3":{"name":"(anonymous_3)","decl":{"start":{"line":60,"column":24},"end":{"line":60,"column":25}},"loc":{"start":{"line":60,"column":30},"end":{"line":64,"column":3}},"line":60},"4":{"name":"(anonymous_4)","decl":{"start":{"line":66,"column":38},"end":{"line":66,"column":39}},"loc":{"start":{"line":66,"column":44},"end":{"line":86,"column":3}},"line":66},"5":{"name":"(anonymous_5)","decl":{"start":{"line":88,"column":12},"end":{"line":88,"column":13}},"loc":{"start":{"line":88,"column":18},"end":{"line":102,"column":3}},"line":88},"6":{"name":"(anonymous_6)","decl":{"start":{"line":91,"column":33},"end":{"line":91,"column":34}},"loc":{"start":{"line":91,"column":39},"end":{"line":99,"column":5}},"line":91},"7":{"name":"(anonymous_7)","decl":{"start":{"line":92,"column":18},"end":{"line":92,"column":19}},"loc":{"start":{"line":92,"column":28},"end":{"line":98,"column":7}},"line":92},"8":{"name":"(anonymous_8)","decl":{"start":{"line":101,"column":11},"end":{"line":101,"column":12}},"loc":{"start":{"line":101,"column":17},"end":{"line":101,"column":40}},"line":101},"9":{"name":"(anonymous_9)","decl":{"start":{"line":104,"column":35},"end":{"line":104,"column":36}},"loc":{"start":{"line":104,"column":41},"end":{"line":165,"column":3}},"line":104},"10":{"name":"(anonymous_10)","decl":{"start":{"line":167,"column":12},"end":{"line":167,"column":13}},"loc":{"start":{"line":167,"column":18},"end":{"line":171,"column":3}},"line":167},"11":{"name":"(anonymous_11)","decl":{"start":{"line":173,"column":22},"end":{"line":173,"column":23}},"loc":{"start":{"line":173,"column":28},"end":{"line":178,"column":3}},"line":173},"12":{"name":"(anonymous_12)","decl":{"start":{"line":180,"column":22},"end":{"line":180,"column":23}},"loc":{"start":{"line":180,"column":28},"end":{"line":182,"column":3}},"line":180},"13":{"name":"(anonymous_13)","decl":{"start":{"line":184,"column":22},"end":{"line":184,"column":23}},"loc":{"start":{"line":184,"column":28},"end":{"line":191,"column":3}},"line":184},"14":{"name":"(anonymous_14)","decl":{"start":{"line":193,"column":23},"end":{"line":193,"column":24}},"loc":{"start":{"line":193,"column":37},"end":{"line":206,"column":3}},"line":193}},"branchMap":{"0":{"loc":{"start":{"line":19,"column":23},"end":{"line":19,"column":87}},"type":"binary-expr","locations":[{"start":{"line":19,"column":23},"end":{"line":19,"column":50}},{"start":{"line":19,"column":54},"end":{"line":19,"column":87}}],"line":19},"1":{"loc":{"start":{"line":32,"column":4},"end":{"line":43,"column":5}},"type":"switch","locations":[{"start":{"line":33,"column":6},"end":{"line":34,"column":28}},{"start":{"line":35,"column":6},"end":{"line":36,"column":30}},{"start":{"line":37,"column":6},"end":{"line":38,"column":44}},{"start":{"line":39,"column":6},"end":{"line":40,"column":30}},{"start":{"line":41,"column":6},"end":{"line":42,"column":30}}],"line":32},"2":{"loc":{"start":{"line":38,"column":15},"end":{"line":38,"column":43}},"type":"binary-expr","locations":[{"start":{"line":38,"column":15},"end":{"line":38,"column":38}},{"start":{"line":38,"column":42},"end":{"line":38,"column":43}}],"line":38},"3":{"loc":{"start":{"line":48,"column":4},"end":{"line":57,"column":5}},"type":"if","locations":[{"start":{"line":48,"column":4},"end":{"line":57,"column":5}},{"start":{"line":54,"column":11},"end":{"line":57,"column":5}}],"line":48},"4":{"loc":{"start":{"line":61,"column":4},"end":{"line":63,"column":5}},"type":"if","locations":[{"start":{"line":61,"column":4},"end":{"line":63,"column":5}},{"start":{},"end":{}}],"line":61},"5":{"loc":{"start":{"line":68,"column":4},"end":{"line":85,"column":5}},"type":"switch","locations":[{"start":{"line":69,"column":6},"end":{"line":71,"column":14}},{"start":{"line":72,"column":6},"end":{"line":74,"column":14}},{"start":{"line":75,"column":6},"end":{"line":81,"column":14}},{"start":{"line":82,"column":6},"end":{"line":84,"column":14}}],"line":68},"6":{"loc":{"start":{"line":76,"column":8},"end":{"line":80,"column":9}},"type":"if","locations":[{"start":{"line":76,"column":8},"end":{"line":80,"column":9}},{"start":{"line":78,"column":15},"end":{"line":80,"column":9}}],"line":76},"7":{"loc":{"start":{"line":76,"column":12},"end":{"line":76,"column":66}},"type":"binary-expr","locations":[{"start":{"line":76,"column":12},"end":{"line":76,"column":35}},{"start":{"line":76,"column":39},"end":{"line":76,"column":66}}],"line":76},"8":{"loc":{"start":{"line":89,"column":4},"end":{"line":89,"column":26}},"type":"if","locations":[{"start":{"line":89,"column":4},"end":{"line":89,"column":26}},{"start":{},"end":{}}],"line":89},"9":{"loc":{"start":{"line":93,"column":8},"end":{"line":96,"column":9}},"type":"if","locations":[{"start":{"line":93,"column":8},"end":{"line":96,"column":9}},{"start":{},"end":{}}],"line":93},"10":{"loc":{"start":{"line":107,"column":4},"end":{"line":164,"column":5}},"type":"switch","locations":[{"start":{"line":108,"column":6},"end":{"line":121,"column":14}},{"start":{"line":122,"column":6},"end":{"line":135,"column":14}},{"start":{"line":136,"column":6},"end":{"line":149,"column":14}},{"start":{"line":150,"column":6},"end":{"line":163,"column":14}}],"line":107},"11":{"loc":{"start":{"line":168,"column":4},"end":{"line":168,"column":26}},"type":"if","locations":[{"start":{"line":168,"column":4},"end":{"line":168,"column":26}},{"start":{},"end":{}}],"line":168},"12":{"loc":{"start":{"line":194,"column":4},"end":{"line":205,"column":5}},"type":"switch","locations":[{"start":{"line":195,"column":6},"end":{"line":196,"column":28}},{"start":{"line":197,"column":6},"end":{"line":198,"column":22}},{"start":{"line":199,"column":6},"end":{"line":200,"column":29}},{"start":{"line":201,"column":6},"end":{"line":202,"column":22}},{"start":{"line":203,"column":6},"end":{"line":204,"column":18}}],"line":194},"13":{"loc":{"start":{"line":379,"column":46},"end":{"line":379,"column":89}},"type":"binary-expr","locations":[{"start":{"line":379,"column":46},"end":{"line":379,"column":58}},{"start":{"line":379,"column":62},"end":{"line":379,"column":89}}],"line":379},"14":{"loc":{"start":{"line":380,"column":11},"end":{"line":380,"column":102}},"type":"binary-expr","locations":[{"start":{"line":380,"column":11},"end":{"line":380,"column":29}},{"start":{"line":380,"column":34},"end":{"line":380,"column":101}}],"line":380},"15":{"loc":{"start":{"line":380,"column":34},"end":{"line":380,"column":101}},"type":"cond-expr","locations":[{"start":{"line":380,"column":49},"end":{"line":380,"column":61}},{"start":{"line":380,"column":64},"end":{"line":380,"column":101}}],"line":380},"16":{"loc":{"start":{"line":381,"column":11},"end":{"line":381,"column":82}},"type":"binary-expr","locations":[{"start":{"line":381,"column":11},"end":{"line":381,"column":27}},{"start":{"line":381,"column":32},"end":{"line":381,"column":81}}],"line":381},"17":{"loc":{"start":{"line":381,"column":32},"end":{"line":381,"column":81}},"type":"cond-expr","locations":[{"start":{"line":381,"column":47},"end":{"line":381,"column":53}},{"start":{"line":381,"column":56},"end":{"line":381,"column":81}}],"line":381},"18":{"loc":{"start":{"line":382,"column":11},"end":{"line":382,"column":105}},"type":"binary-expr","locations":[{"start":{"line":382,"column":11},"end":{"line":382,"column":29}},{"start":{"line":382,"column":34},"end":{"line":382,"column":104}}],"line":382},"19":{"loc":{"start":{"line":382,"column":34},"end":{"line":382,"column":104}},"type":"cond-expr","locations":[{"start":{"line":382,"column":49},"end":{"line":382,"column":62}},{"start":{"line":382,"column":65},"end":{"line":382,"column":104}}],"line":382},"20":{"loc":{"start":{"line":383,"column":11},"end":{"line":383,"column":99}},"type":"binary-expr","locations":[{"start":{"line":383,"column":11},"end":{"line":383,"column":38}},{"start":{"line":383,"column":43},"end":{"line":383,"column":98}}],"line":383},"21":{"loc":{"start":{"line":383,"column":43},"end":{"line":383,"column":98}},"type":"cond-expr","locations":[{"start":{"line":383,"column":58},"end":{"line":383,"column":65}},{"start":{"line":383,"column":68},"end":{"line":383,"column":98}}],"line":383},"22":{"loc":{"start":{"line":388,"column":9},"end":{"line":404,"column":9}},"type":"cond-expr","locations":[{"start":{"line":389,"column":10},"end":{"line":395,"column":29}},{"start":{"line":397,"column":10},"end":{"line":403,"column":29}}],"line":388},"23":{"loc":{"start":{"line":420,"column":9},"end":{"line":425,"column":9}},"type":"binary-expr","locations":[{"start":{"line":420,"column":9},"end":{"line":420,"column":25}},{"start":{"line":421,"column":10},"end":{"line":424,"column":17}}],"line":420},"24":{"loc":{"start":{"line":430,"column":9},"end":{"line":435,"column":9}},"type":"binary-expr","locations":[{"start":{"line":430,"column":9},"end":{"line":430,"column":32}},{"start":{"line":430,"column":36},"end":{"line":430,"column":63}},{"start":{"line":431,"column":10},"end":{"line":434,"column":17}}],"line":430}},"s":{"0":0,"1":0,"2":0,"3":0,"4":0,"5":0,"6":0,"7":0,"8":0,"9":0,"10":0,"11":0,"12":0,"13":0,"14":0,"15":0,"16":0,"17":0,"18":0,"19":0,"20":0,"21":0,"22":0,"23":0,"24":0,"25":0,"26":0,"27":0,"28":0,"29":0,"30":0,"31":0,"32":0,"33":0,"34":0,"35":0,"36":0,"37":0,"38":0,"39":0,"40":0,"41":0,"42":0,"43":0,"44":0,"45":0,"46":0,"47":0,"48":0,"49":0,"50":0,"51":0,"52":0,"53":0,"54":0,"55":0,"56":0,"57":0,"58":0,"59":0,"60":0,"61":0,"62":0,"63":0,"64":0,"65":0,"66":0,"67":0,"68":0,"69":0,"70":0,"71":0,"72":0,"73":0,"74":0,"75":0,"76":0,"77":0,"78":0,"79":0,"80":0,"81":0,"82":0,"83":0,"84":0,"85":0,"86":0,"87":0,"88":0,"89":0,"90":0,"91":0,"92":0},"f":{"0":0,"1":0,"2":0,"3":0,"4":0,"5":0,"6":0,"7":0,"8":0,"9":0,"10":0,"11":0,"12":0,"13":0,"14":0},"b":{"0":[0,0],"1":[0,0,0,0,0],"2":[0,0],"3":[0,0],"4":[0,0],"5":[0,0,0,0],"6":[0,0],"7":[0,0],"8":[0,0],"9":[0,0],"10":[0,0,0,0],"11":[0,0],"12":[0,0,0,0,0],"13":[0,0],"14":[0,0],"15":[0,0],"16":[0,0],"17":[0,0],"18":[0,0],"19":[0,0],"20":[0,0],"21":[0,0],"22":[0,0],"23":[0,0],"24":[0,0,0]}}
,"/Users/bobbylitmon/rork-neuronexa--cognitive-disorders-support-app/components/Button.tsx": {"path":"/Users/bobbylitmon/rork-neuronexa--cognitive-disorders-support-app/components/Button.tsx","statementMap":{"0":{"start":{"line":47,"column":21},"end":{"line":47,"column":31}},"1":{"start":{"line":49,"column":17},"end":{"line":49,"column":62}},"2":{"start":{"line":49,"column":31},"end":{"line":49,"column":51}},"3":{"start":{"line":51,"column":23},"end":{"line":58,"column":3}},"4":{"start":{"line":60,"column":21},"end":{"line":66,"column":3}},"5":{"start":{"line":68,"column":24},"end":{"line":85,"column":3}},"6":{"start":{"line":69,"column":4},"end":{"line":76,"column":5}},"7":{"start":{"line":70,"column":6},"end":{"line":75,"column":8}},"8":{"start":{"line":78,"column":4},"end":{"line":84,"column":6}},"9":{"start":{"line":87,"column":2},"end":{"line":97,"column":4}},"10":{"start":{"line":100,"column":21},"end":{"line":204,"column":2}},"11":{"start":{"line":100,"column":72},"end":{"line":204,"column":2}}},"fnMap":{"0":{"name":"Button","decl":{"start":{"line":33,"column":24},"end":{"line":33,"column":30}},"loc":{"start":{"line":46,"column":16},"end":{"line":98,"column":1}},"line":46},"1":{"name":"(anonymous_1)","decl":{"start":{"line":49,"column":25},"end":{"line":49,"column":26}},"loc":{"start":{"line":49,"column":31},"end":{"line":49,"column":51}},"line":49},"2":{"name":"(anonymous_2)","decl":{"start":{"line":68,"column":24},"end":{"line":68,"column":25}},"loc":{"start":{"line":68,"column":30},"end":{"line":85,"column":3}},"line":68},"3":{"name":"(anonymous_3)","decl":{"start":{"line":100,"column":21},"end":{"line":100,"column":22}},"loc":{"start":{"line":100,"column":72},"end":{"line":204,"column":2}},"line":100}},"branchMap":{"0":{"loc":{"start":{"line":36,"column":2},"end":{"line":36,"column":21}},"type":"default-arg","locations":[{"start":{"line":36,"column":12},"end":{"line":36,"column":21}}],"line":36},"1":{"loc":{"start":{"line":37,"column":2},"end":{"line":37,"column":13}},"type":"default-arg","locations":[{"start":{"line":37,"column":9},"end":{"line":37,"column":13}}],"line":37},"2":{"loc":{"start":{"line":38,"column":2},"end":{"line":38,"column":18}},"type":"default-arg","locations":[{"start":{"line":38,"column":13},"end":{"line":38,"column":18}}],"line":38},"3":{"loc":{"start":{"line":39,"column":2},"end":{"line":39,"column":17}},"type":"default-arg","locations":[{"start":{"line":39,"column":12},"end":{"line":39,"column":17}}],"line":39},"4":{"loc":{"start":{"line":41,"column":2},"end":{"line":41,"column":23}},"type":"default-arg","locations":[{"start":{"line":41,"column":17},"end":{"line":41,"column":23}}],"line":41},"5":{"loc":{"start":{"line":42,"column":2},"end":{"line":42,"column":19}},"type":"default-arg","locations":[{"start":{"line":42,"column":14},"end":{"line":42,"column":19}}],"line":42},"6":{"loc":{"start":{"line":55,"column":4},"end":{"line":55,"column":37}},"type":"binary-expr","locations":[{"start":{"line":55,"column":4},"end":{"line":55,"column":12}},{"start":{"line":55,"column":16},"end":{"line":55,"column":37}}],"line":55},"7":{"loc":{"start":{"line":56,"column":4},"end":{"line":56,"column":39}},"type":"binary-expr","locations":[{"start":{"line":56,"column":4},"end":{"line":56,"column":13}},{"start":{"line":56,"column":17},"end":{"line":56,"column":39}}],"line":56},"8":{"loc":{"start":{"line":64,"column":4},"end":{"line":64,"column":35}},"type":"binary-expr","locations":[{"start":{"line":64,"column":4},"end":{"line":64,"column":12}},{"start":{"line":64,"column":16},"end":{"line":64,"column":35}}],"line":64},"9":{"loc":{"start":{"line":69,"column":4},"end":{"line":76,"column":5}},"type":"if","locations":[{"start":{"line":69,"column":4},"end":{"line":76,"column":5}},{"start":{},"end":{}}],"line":69},"10":{"loc":{"start":{"line":72,"column":17},"end":{"line":72,"column":96}},"type":"cond-expr","locations":[{"start":{"line":72,"column":65},"end":{"line":72,"column":79}},{"start":{"line":72,"column":82},"end":{"line":72,"column":96}}],"line":72},"11":{"loc":{"start":{"line":72,"column":17},"end":{"line":72,"column":62}},"type":"binary-expr","locations":[{"start":{"line":72,"column":17},"end":{"line":72,"column":38}},{"start":{"line":72,"column":42},"end":{"line":72,"column":62}}],"line":72},"12":{"loc":{"start":{"line":80,"column":9},"end":{"line":80,"column":100}},"type":"binary-expr","locations":[{"start":{"line":80,"column":9},"end":{"line":80,"column":13}},{"start":{"line":80,"column":17},"end":{"line":80,"column":40}},{"start":{"line":80,"column":44},"end":{"line":80,"column":100}}],"line":80},"13":{"loc":{"start":{"line":82,"column":9},"end":{"line":82,"column":102}},"type":"binary-expr","locations":[{"start":{"line":82,"column":9},"end":{"line":82,"column":13}},{"start":{"line":82,"column":17},"end":{"line":82,"column":41}},{"start":{"line":82,"column":45},"end":{"line":82,"column":102}}],"line":82},"14":{"loc":{"start":{"line":91,"column":16},"end":{"line":91,"column":35}},"type":"binary-expr","locations":[{"start":{"line":91,"column":16},"end":{"line":91,"column":24}},{"start":{"line":91,"column":28},"end":{"line":91,"column":35}}],"line":91}},"s":{"0":0,"1":0,"2":0,"3":0,"4":0,"5":0,"6":0,"7":0,"8":0,"9":0,"10":0,"11":0},"f":{"0":0,"1":0,"2":0,"3":0},"b":{"0":[0],"1":[0],"2":[0],"3":[0],"4":[0],"5":[0],"6":[0,0],"7":[0,0],"8":[0,0],"9":[0,0],"10":[0,0],"11":[0,0],"12":[0,0,0],"13":[0,0,0],"14":[0,0]}}
,"/Users/bobbylitmon/rork-neuronexa--cognitive-disorders-support-app/components/CalendarView.tsx": {"path":"/Users/bobbylitmon/rork-neuronexa--cognitive-disorders-support-app/components/CalendarView.tsx","statementMap":{"0":{"start":{"line":15,"column":21},"end":{"line":15,"column":31}},"1":{"start":{"line":16,"column":40},"end":{"line":16,"column":76}},"2":{"start":{"line":17,"column":50},"end":{"line":17,"column":77}},"3":{"start":{"line":19,"column":25},"end":{"line":28,"column":3}},"4":{"start":{"line":20,"column":17},"end":{"line":20,"column":35}},"5":{"start":{"line":21,"column":18},"end":{"line":21,"column":33}},"6":{"start":{"line":22,"column":21},"end":{"line":22,"column":45}},"7":{"start":{"line":23,"column":20},"end":{"line":23,"column":48}},"8":{"start":{"line":24,"column":24},"end":{"line":24,"column":41}},"9":{"start":{"line":25,"column":30},"end":{"line":25,"column":47}},"10":{"start":{"line":27,"column":4},"end":{"line":27,"column":59}},"11":{"start":{"line":30,"column":26},"end":{"line":37,"column":3}},"12":{"start":{"line":31,"column":20},"end":{"line":31,"column":52}},"13":{"start":{"line":32,"column":4},"end":{"line":36,"column":7}},"14":{"start":{"line":33,"column":23},"end":{"line":33,"column":75}},"15":{"start":{"line":34,"column":22},"end":{"line":34,"column":94}},"16":{"start":{"line":35,"column":6},"end":{"line":35,"column":57}},"17":{"start":{"line":39,"column":26},"end":{"line":49,"column":3}},"18":{"start":{"line":40,"column":20},"end":{"line":40,"column":39}},"19":{"start":{"line":41,"column":4},"end":{"line":41,"column":43}},"20":{"start":{"line":43,"column":4},"end":{"line":48,"column":7}},"21":{"start":{"line":44,"column":23},"end":{"line":44,"column":47}},"22":{"start":{"line":45,"column":22},"end":{"line":45,"column":66}},"23":{"start":{"line":46,"column":6},"end":{"line":47,"column":68}},"24":{"start":{"line":51,"column":27},"end":{"line":61,"column":3}},"25":{"start":{"line":52,"column":17},"end":{"line":52,"column":35}},"26":{"start":{"line":53,"column":18},"end":{"line":53,"column":33}},"27":{"start":{"line":55,"column":4},"end":{"line":60,"column":7}},"28":{"start":{"line":56,"column":23},"end":{"line":56,"column":47}},"29":{"start":{"line":57,"column":22},"end":{"line":57,"column":66}},"30":{"start":{"line":58,"column":6},"end":{"line":59,"column":89}},"31":{"start":{"line":63,"column":58},"end":{"line":63,"column":85}},"32":{"start":{"line":64,"column":16},"end":{"line":64,"column":26}},"33":{"start":{"line":65,"column":21},"end":{"line":65,"column":43}},"34":{"start":{"line":66,"column":20},"end":{"line":66,"column":42}},"35":{"start":{"line":67,"column":21},"end":{"line":67,"column":50}},"36":{"start":{"line":69,"column":24},"end":{"line":71,"column":3}},"37":{"start":{"line":70,"column":4},"end":{"line":70,"column":49}},"38":{"start":{"line":73,"column":20},"end":{"line":75,"column":3}},"39":{"start":{"line":74,"column":4},"end":{"line":74,"column":49}},"40":{"start":{"line":77,"column":21},"end":{"line":80,"column":3}},"41":{"start":{"line":82,"column":19},"end":{"line":82,"column":68}},"42":{"start":{"line":84,"column":23},"end":{"line":93,"column":38}},"43":{"start":{"line":85,"column":17},"end":{"line":85,"column":19}},"44":{"start":{"line":86,"column":4},"end":{"line":88,"column":5}},"45":{"start":{"line":86,"column":17},"end":{"line":86,"column":18}},"46":{"start":{"line":87,"column":6},"end":{"line":87,"column":22}},"47":{"start":{"line":89,"column":4},"end":{"line":91,"column":5}},"48":{"start":{"line":89,"column":19},"end":{"line":89,"column":20}},"49":{"start":{"line":90,"column":6},"end":{"line":90,"column":21}},"50":{"start":{"line":92,"column":4},"end":{"line":92,"column":16}},"51":{"start":{"line":95,"column":18},"end":{"line":99,"column":3}},"52":{"start":{"line":96,"column":4},"end":{"line":98,"column":40}},"53":{"start":{"line":101,"column":25},"end":{"line":106,"column":3}},"54":{"start":{"line":102,"column":4},"end":{"line":102,"column":36}},"55":{"start":{"line":102,"column":23},"end":{"line":102,"column":36}},"56":{"start":{"line":103,"column":4},"end":{"line":105,"column":47}},"57":{"start":{"line":108,"column":24},"end":{"line":111,"column":3}},"58":{"start":{"line":109,"column":17},"end":{"line":109,"column":43}},"59":{"start":{"line":110,"column":4},"end":{"line":110,"column":44}},"60":{"start":{"line":113,"column":28},"end":{"line":116,"column":31}},"61":{"start":{"line":114,"column":4},"end":{"line":114,"column":37}},"62":{"start":{"line":114,"column":27},"end":{"line":114,"column":37}},"63":{"start":{"line":115,"column":4},"end":{"line":115,"column":45}},"64":{"start":{"line":118,"column":24},"end":{"line":127,"column":3}},"65":{"start":{"line":119,"column":4},"end":{"line":126,"column":5}},"66":{"start":{"line":121,"column":8},"end":{"line":121,"column":65}},"67":{"start":{"line":123,"column":8},"end":{"line":123,"column":58}},"68":{"start":{"line":125,"column":8},"end":{"line":125,"column":61}},"69":{"start":{"line":129,"column":17},"end":{"line":310,"column":4}},"70":{"start":{"line":312,"column":2},"end":{"line":438,"column":4}},"71":{"start":{"line":350,"column":12},"end":{"line":350,"column":63}},"72":{"start":{"line":356,"column":12},"end":{"line":358,"column":13}},"73":{"start":{"line":357,"column":14},"end":{"line":357,"column":93}},"74":{"start":{"line":360,"column":12},"end":{"line":393,"column":14}},"75":{"start":{"line":370,"column":33},"end":{"line":370,"column":59}},"76":{"start":{"line":371,"column":20},"end":{"line":371,"column":46}},"77":{"start":{"line":372,"column":20},"end":{"line":372,"column":41}},"78":{"start":{"line":411,"column":18},"end":{"line":428,"column":37}},"79":{"start":{"line":414,"column":35},"end":{"line":414,"column":66}},"80":{"start":{"line":424,"column":50},"end":{"line":424,"column":61}}},"fnMap":{"0":{"name":"CalendarView","decl":{"start":{"line":14,"column":24},"end":{"line":14,"column":36}},"loc":{"start":{"line":14,"column":95},"end":{"line":439,"column":1}},"line":14},"1":{"name":"(anonymous_1)","decl":{"start":{"line":19,"column":25},"end":{"line":19,"column":26}},"loc":{"start":{"line":19,"column":41},"end":{"line":28,"column":3}},"line":19},"2":{"name":"(anonymous_2)","decl":{"start":{"line":30,"column":26},"end":{"line":30,"column":27}},"loc":{"start":{"line":30,"column":42},"end":{"line":37,"column":3}},"line":30},"3":{"name":"(anonymous_3)","decl":{"start":{"line":32,"column":24},"end":{"line":32,"column":25}},"loc":{"start":{"line":32,"column":32},"end":{"line":36,"column":5}},"line":32},"4":{"name":"(anonymous_4)","decl":{"start":{"line":39,"column":26},"end":{"line":39,"column":27}},"loc":{"start":{"line":39,"column":47},"end":{"line":49,"column":3}},"line":39},"5":{"name":"(anonymous_5)","decl":{"start":{"line":43,"column":24},"end":{"line":43,"column":25}},"loc":{"start":{"line":43,"column":32},"end":{"line":48,"column":5}},"line":43},"6":{"name":"(anonymous_6)","decl":{"start":{"line":51,"column":27},"end":{"line":51,"column":28}},"loc":{"start":{"line":51,"column":43},"end":{"line":61,"column":3}},"line":51},"7":{"name":"(anonymous_7)","decl":{"start":{"line":55,"column":24},"end":{"line":55,"column":25}},"loc":{"start":{"line":55,"column":32},"end":{"line":60,"column":5}},"line":55},"8":{"name":"(anonymous_8)","decl":{"start":{"line":69,"column":24},"end":{"line":69,"column":25}},"loc":{"start":{"line":69,"column":30},"end":{"line":71,"column":3}},"line":69},"9":{"name":"(anonymous_9)","decl":{"start":{"line":73,"column":20},"end":{"line":73,"column":21}},"loc":{"start":{"line":73,"column":26},"end":{"line":75,"column":3}},"line":73},"10":{"name":"(anonymous_10)","decl":{"start":{"line":84,"column":31},"end":{"line":84,"column":32}},"loc":{"start":{"line":84,"column":37},"end":{"line":93,"column":3}},"line":84},"11":{"name":"(anonymous_11)","decl":{"start":{"line":95,"column":18},"end":{"line":95,"column":19}},"loc":{"start":{"line":95,"column":35},"end":{"line":99,"column":3}},"line":95},"12":{"name":"(anonymous_12)","decl":{"start":{"line":101,"column":25},"end":{"line":101,"column":26}},"loc":{"start":{"line":101,"column":42},"end":{"line":106,"column":3}},"line":101},"13":{"name":"(anonymous_13)","decl":{"start":{"line":108,"column":24},"end":{"line":108,"column":25}},"loc":{"start":{"line":108,"column":41},"end":{"line":111,"column":3}},"line":108},"14":{"name":"(anonymous_14)","decl":{"start":{"line":113,"column":36},"end":{"line":113,"column":37}},"loc":{"start":{"line":113,"column":42},"end":{"line":116,"column":3}},"line":113},"15":{"name":"(anonymous_15)","decl":{"start":{"line":118,"column":24},"end":{"line":118,"column":25}},"loc":{"start":{"line":118,"column":40},"end":{"line":127,"column":3}},"line":118},"16":{"name":"(anonymous_16)","decl":{"start":{"line":349,"column":24},"end":{"line":349,"column":25}},"loc":{"start":{"line":350,"column":12},"end":{"line":350,"column":63}},"line":350},"17":{"name":"(anonymous_17)","decl":{"start":{"line":355,"column":28},"end":{"line":355,"column":29}},"loc":{"start":{"line":355,"column":44},"end":{"line":394,"column":11}},"line":355},"18":{"name":"(anonymous_18)","decl":{"start":{"line":369,"column":27},"end":{"line":369,"column":28}},"loc":{"start":{"line":369,"column":33},"end":{"line":373,"column":19}},"line":369},"19":{"name":"(anonymous_19)","decl":{"start":{"line":410,"column":39},"end":{"line":410,"column":40}},"loc":{"start":{"line":411,"column":18},"end":{"line":428,"column":37}},"line":411},"20":{"name":"(anonymous_20)","decl":{"start":{"line":414,"column":29},"end":{"line":414,"column":30}},"loc":{"start":{"line":414,"column":35},"end":{"line":414,"column":66}},"line":414},"21":{"name":"(anonymous_21)","decl":{"start":{"line":424,"column":45},"end":{"line":424,"column":46}},"loc":{"start":{"line":424,"column":50},"end":{"line":424,"column":61}},"line":424}},"branchMap":{"0":{"loc":{"start":{"line":16,"column":49},"end":{"line":16,"column":75}},"type":"binary-expr","locations":[{"start":{"line":16,"column":49},"end":{"line":16,"column":61}},{"start":{"line":16,"column":65},"end":{"line":16,"column":75}}],"line":16},"1":{"loc":{"start":{"line":34,"column":22},"end":{"line":34,"column":94}},"type":"cond-expr","locations":[{"start":{"line":34,"column":37},"end":{"line":34,"column":87}},{"start":{"line":34,"column":90},"end":{"line":34,"column":94}}],"line":34},"2":{"loc":{"start":{"line":35,"column":13},"end":{"line":35,"column":56}},"type":"binary-expr","locations":[{"start":{"line":35,"column":13},"end":{"line":35,"column":33}},{"start":{"line":35,"column":37},"end":{"line":35,"column":56}}],"line":35},"3":{"loc":{"start":{"line":45,"column":22},"end":{"line":45,"column":66}},"type":"cond-expr","locations":[{"start":{"line":45,"column":37},"end":{"line":45,"column":59}},{"start":{"line":45,"column":62},"end":{"line":45,"column":66}}],"line":45},"4":{"loc":{"start":{"line":46,"column":13},"end":{"line":47,"column":67}},"type":"binary-expr","locations":[{"start":{"line":46,"column":14},"end":{"line":46,"column":35}},{"start":{"line":46,"column":39},"end":{"line":46,"column":57}},{"start":{"line":47,"column":14},"end":{"line":47,"column":21}},{"start":{"line":47,"column":25},"end":{"line":47,"column":45}},{"start":{"line":47,"column":49},"end":{"line":47,"column":66}}],"line":46},"5":{"loc":{"start":{"line":57,"column":22},"end":{"line":57,"column":66}},"type":"cond-expr","locations":[{"start":{"line":57,"column":37},"end":{"line":57,"column":59}},{"start":{"line":57,"column":6
[...]
mn":5}},"11":{"start":{"line":32,"column":30},"end":{"line":37,"column":7}},"12":{"start":{"line":38,"column":6},"end":{"line":38,"column":25}},"13":{"start":{"line":39,"column":6},"end":{"line":39,"column":65}},"14":{"start":{"line":44,"column":28},"end":{"line":49,"column":5}},"15":{"start":{"line":50,"column":4},"end":{"line":50,"column":23}},"16":{"start":{"line":51,"column":4},"end":{"line":51,"column":62}},"17":{"start":{"line":55,"column":28},"end":{"line":60,"column":5}},"18":{"start":{"line":61,"column":4},"end":{"line":61,"column":23}},"19":{"start":{"line":62,"column":4},"end":{"line":62,"column":63}},"20":{"start":{"line":66,"column":28},"end":{"line":72,"column":5}},"21":{"start":{"line":73,"column":4},"end":{"line":73,"column":23}},"22":{"start":{"line":74,"column":4},"end":{"line":74,"column":72}},"23":{"start":{"line":78,"column":4},"end":{"line":78,"column":26}},"24":{"start":{"line":82,"column":4},"end":{"line":82,"column":19}},"25":{"start":{"line":86,"column":4},"end":{"line":86,"column":46}},"26":{"start":{"line":90,"column":22},"end":{"line":90,"column":34}},"27":{"start":{"line":93,"column":2},"end":{"line":93,"column":56}},"28":{"start":{"line":97,"column":2},"end":{"line":97,"column":61}},"29":{"start":{"line":101,"column":2},"end":{"line":101,"column":62}},"30":{"start":{"line":105,"column":2},"end":{"line":105,"column":61}}},"fnMap":{"0":{"name":"(anonymous_0)","decl":{"start":{"line":16,"column":2},"end":{"line":16,"column":3}},"loc":{"start":{"line":16,"column":101},"end":{"line":21,"column":3}},"line":16},"1":{"name":"(anonymous_1)","decl":{"start":{"line":23,"column":2},"end":{"line":23,"column":3}},"loc":{"start":{"line":23,"column":40},"end":{"line":28,"column":3}},"line":23},"2":{"name":"(anonymous_2)","decl":{"start":{"line":30,"column":2},"end":{"line":30,"column":3}},"loc":{"start":{"line":30,"column":66},"end":{"line":41,"column":3}},"line":30},"3":{"name":"(anonymous_3)","decl":{"start":{"line":43,"column":2},"end":{"line":43,"column":3}},"loc":{"start":{"line":43,"column":65},"end":{"line":52,"column":3}},"line":43},"4":{"name":"(anonymous_4)","decl":{"start":{"line":54,"column":2},"end":{"line":54,"column":3}},"loc":{"start":{"line":54,"column":65},"end":{"line":63,"column":3}},"line":54},"5":{"name":"(anonymous_5)","decl":{"start":{"line":65,"column":2},"end":{"line":65,"column":3}},"loc":{"start":{"line":65,"column":81},"end":{"line":75,"column":3}},"line":65},"6":{"name":"(anonymous_6)","decl":{"start":{"line":77,"column":2},"end":{"line":77,"column":3}},"loc":{"start":{"line":77,"column":24},"end":{"line":79,"column":3}},"line":77},"7":{"name":"(anonymous_7)","decl":{"start":{"line":81,"column":2},"end":{"line":81,"column":3}},"loc":{"start":{"line":81,"column":20},"end":{"line":83,"column":3}},"line":81},"8":{"name":"(anonymous_8)","decl":{"start":{"line":85,"column":2},"end":{"line":85,"column":3}},"loc":{"start":{"line":85,"column":23},"end":{"line":87,"column":3}},"line":85},"9":{"name":"logTaskAction","decl":{"start":{"line":92,"column":16},"end":{"line":92,"column":29}},"loc":{"start":{"line":92,"column":103},"end":{"line":94,"column":1}},"line":92},"10":{"name":"logAIInteraction","decl":{"start":{"line":96,"column":16},"end":{"line":96,"column":32}},"loc":{"start":{"line":96,"column":90},"end":{"line":98,"column":1}},"line":96},"11":{"name":"logUserAction","decl":{"start":{"line":100,"column":16},"end":{"line":100,"column":29}},"loc":{"start":{"line":100,"column":103},"end":{"line":102,"column":1}},"line":100},"12":{"name":"logError","decl":{"start":{"line":104,"column":16},"end":{"line":104,"column":24}},"loc":{"start":{"line":104,"column":104},"end":{"line":106,"column":1}},"line":104}},"branchMap":{"0":{"loc":{"start":{"line":19,"column":23},"end":{"line":19,"column":67}},"type":"cond-expr","locations":[{"start":{"line":19,"column":33},"end":{"line":19,"column":62}},{"start":{"line":19,"column":65},"end":{"line":19,"column":67}}],"line":19},"1":{"loc":{"start":{"line":25,"column":4},"end":{"line":27,"column":5}},"type":"if","locations":[{"start":{"line":25,"column":4},"end":{"line":27,"column":5}},{"start":{},"end":{}}],"line":25},"2":{"loc":{"start":{"line":31,"column":4},"end":{"line":40,"column":5}},"type":"if","locations":[{"start":{"line":31,"column":4},"end":{"line":40,"column":5}},{"start":{},"end":{}}],"line":31}},"s":{"0":1,"1":1,"2":1,"3":6,"4":6,"5":6,"6":6,"7":6,"8":6,"9":0,"10":1,"11":1,"12":1,"13":1,"14":3,"15":3,"16":3,"17":1,"18":1,"19":1,"20":1,"21":1,"22":1,"23":0,"24":0,"25":0,"26":1,"27":0,"28":0,"29":0,"30":0},"f":{"0":6,"1":6,"2":1,"3":3,"4":1,"5":1,"6":0,"7":0,"8":0,"9":0,"10":0,"11":0,"12":0},"b":{"0":[5,1],"1":[0,6],"2":[1,0]},"_coverageSchema":"1a1c01bbd47fc00a2c39e90264f33305004495a9","hash":"c311eaf276a7639a6f0917bf443d8b25d5c4e07e"}
,"/Users/bobbylitmon/rork-neuronexa--cognitive-disorders-support-app/utils/memoryOptimization.ts": {"path":"/Users/bobbylitmon/rork-neuronexa--cognitive-disorders-support-app/utils/memoryOptimization.ts","statementMap":{"0":{"start":{"line":4,"column":2},"end":{"line":8,"column":5}},"1":{"start":{"line":5,"column":4},"end":{"line":7,"column":7}},"2":{"start":{"line":6,"column":6},"end":{"line":6,"column":20}},"3":{"start":{"line":15,"column":54},"end":{"line":15,"column":58}},"4":{"start":{"line":17,"column":2},"end":{"line":27,"column":4}},"5":{"start":{"line":18,"column":18},"end":{"line":21,"column":5}},"6":{"start":{"line":19,"column":6},"end":{"line":19,"column":21}},"7":{"start":{"line":20,"column":6},"end":{"line":20,"column":20}},"8":{"start":{"line":23,"column":4},"end":{"line":25,"column":5}},"9":{"start":{"line":24,"column":6},"end":{"line":24,"column":28}},"10":{"start":{"line":26,"column":4},"end":{"line":26,"column":38}},"11":{"start":{"line":36,"column":2},"end":{"line":42,"column":4}},"12":{"start":{"line":37,"column":4},"end":{"line":41,"column":5}},"13":{"start":{"line":38,"column":6},"end":{"line":38,"column":20}},"14":{"start":{"line":39,"column":6},"end":{"line":39,"column":24}},"15":{"start":{"line":40,"column":6},"end":{"line":40,"column":52}},"16":{"start":{"line":40,"column":24},"end":{"line":40,"column":42}},"17":{"start":{"line":48,"column":16},"end":{"line":48,"column":48}},"18":{"start":{"line":50,"column":2},"end":{"line":68,"column":4}},"19":{"start":{"line":51,"column":16},"end":{"line":51,"column":36}},"20":{"start":{"line":53,"column":4},"end":{"line":55,"column":5}},"21":{"start":{"line":54,"column":6},"end":{"line":54,"column":29}},"22":{"start":{"line":57,"column":19},"end":{"line":57,"column":49}},"23":{"start":{"line":58,"column":4},"end":{"line":58,"column":27}},"24":{"start":{"line":60,"column":4},"end":{"line":65,"column":5}},"25":{"start":{"line":61,"column":23},"end":{"line":61,"column":70}},"26":{"start":{"line":62,"column":6},"end":{"line":64,"column":7}},"27":{"start":{"line":63,"column":8},"end":{"line":63,"column":31}},"28":{"start":{"line":67,"column":4},"end":{"line":67,"column":18}},"29":{"start":{"line":72,"column":23},"end":{"line":72,"column":25}},"30":{"start":{"line":73,"column":23},"end":{"line":73,"column":28}},"31":{"start":{"line":78,"column":4},"end":{"line":78,"column":31}},"32":{"start":{"line":79,"column":4},"end":{"line":79,"column":31}},"33":{"start":{"line":83,"column":4},"end":{"line":83,"column":26}},"34":{"start":{"line":84,"column":4},"end":{"line":84,"column":24}},"35":{"start":{"line":88,"column":4},"end":{"line":88,"column":30}},"36":{"start":{"line":89,"column":4},"end":{"line":89,"column":24}},"37":{"start":{"line":93,"column":4},"end":{"line":95,"column":5}},"38":{"start":{"line":94,"column":6},"end":{"line":94,"column":13}},"39":{"start":{"line":97,"column":4},"end":{"line":97,"column":27}},"40":{"start":{"line":99,"column":4},"end":{"line":102,"column":5}},"41":{"start":{"line":100,"column":20},"end":{"line":100,"column":56}},"42":{"start":{"line":101,"column":6},"end":{"line":101,"column":34}},"43":{"start":{"line":104,"column":4},"end":{"line":104,"column":28}}},"fnMap":{"0":{"name":"runAfterInteractions","decl":{"start":{"line":3,"column":16},"end":{"line":3,"column":36}},"loc":{"start":{"line":3,"column":65},"end":{"line":9,"column":1}},"line":3},"1":{"name":"(anonymous_1)","decl":{"start":{"line":4,"column":21},"end":{"line":4,"column":22}},"loc":{"start":{"line":4,"column":34},"end":{"line":8,"column":3}},"line":4},"2":{"name":"(anonymous_2)","decl":{"start":{"line":5,"column":44},"end":{"line":5,"column":45}},"loc":{"start":{"line":5,"column":50},"end":{"line":7,"column":5}},"line":5},"3":{"name":"debounce","decl":{"start":{"line":11,"column":16},"end":{"line":11,"column":24}},"loc":{"start":{"line":14,"column":36},"end":{"line":28,"column":1}},"line":14},"4":{"name":"executedFunction","decl":{"start":{"line":17,"column":18},"end":{"line":17,"column":34}},"loc":{"start":{"line":17,"column":59},"end":{"line":27,"column":3}},"line":17},"5":{"name":"(anonymous_5)","decl":{"start":{"line":18,"column":18},"end":{"line":18,"column":19}},"loc":{"start":{"line":18,"column":24},"end":{"line":21,"column":5}},"line":18},"6":{"name":"throttle","decl":{"start":{"line":30,"column":16},"end":{"line":30,"column":24}},"loc":{"start":{"line":33,"column":36},"end":{"line":43,"column":1}},"line":33},"7":{"name":"executedFunction","decl":{"start":{"line":36,"column":18},"end":{"line":36,"column":34}},"loc":{"start":{"line":36,"column":59},"end":{"line":42,"column":3}},"line":36},"8":{"name":"(anonymous_8)","decl":{"start":{"line":40,"column":17},"end":{"line":40,"column":18}},"loc":{"start":{"line":40,"column":24},"end":{"line":40,"column":42}},"line":40},"9":{"name":"memoize","decl":{"start":{"line":45,"column":16},"end":{"line":45,"column":23}},"loc":{"start":{"line":47,"column":45},"end":{"line":69,"column":1}},"line":47},"10":{"name":"memoized","decl":{"start":{"line":50,"column":18},"end":{"line":50,"column":26}},"loc":{"start":{"line":50,"column":66},"end":{"line":68,"column":3}},"line":50},"11":{"name":"(anonymous_11)","decl":{"start":{"line":77,"column":2},"end":{"line":77,"column":3}},"loc":{"start":{"line":77,"column":72},"end":{"line":80,"column":3}},"line":77},"12":{"name":"(anonymous_12)","decl":{"start":{"line":82,"column":2},"end":{"line":82,"column":3}},"loc":{"start":{"line":82,"column":21},"end":{"line":85,"column":3}},"line":82},"13":{"name":"(anonymous_13)","decl":{"start":{"line":87,"column":2},"end":{"line":87,"column":3}},"loc":{"start":{"line":87,"column":29},"end":{"line":90,"column":3}},"line":87},"14":{"name":"(anonymous_14)","decl":{"start":{"line":92,"column":2},"end":{"line":92,"column":3}},"loc":{"start":{"line":92,"column":46},"end":{"line":105,"column":3}},"line":92}},"branchMap":{"0":{"loc":{"start":{"line":23,"column":4},"end":{"line":25,"column":5}},"type":"if","locations":[{"start":{"line":23,"column":4},"end":{"line":25,"column":5}},{"start":{},"end":{}}],"line":23},"1":{"loc":{"start":{"line":37,"column":4},"end":{"line":41,"column":5}},"type":"if","locations":[{"start":{"line":37,"column":4},"end":{"line":41,"column":5}},{"start":{},"end":{}}],"line":37},"2":{"loc":{"start":{"line":53,"column":4},"end":{"line":55,"column":5}},"type":"if","locations":[{"start":{"line":53,"column":4},"end":{"line":55,"column":5}},{"start":{},"end":{}}],"line":53},"3":{"loc":{"start":{"line":60,"column":4},"end":{"line":65,"column":5}},"type":"if","locations":[{"start":{"line":60,"column":4},"end":{"line":65,"column":5}},{"start":{},"end":{}}],"line":60},"4":{"loc":{"start":{"line":62,"column":6},"end":{"line":64,"column":7}},"type":"if","locations":[{"start":{"line":62,"column":6},"end":{"line":64,"column":7}},{"start":{},"end":{}}],"line":62},"5":{"loc":{"start":{"line":77,"column":56},"end":{"line":77,"column":70}},"type":"default-arg","locations":[{"start":{"line":77,"column":68},"end":{"line":77,"column":70}}],"line":77},"6":{"loc":{"start":{"line":93,"column":4},"end":{"line":95,"column":5}},"type":"if","locations":[{"start":{"line":93,"column":4},"end":{"line":95,"column":5}},{"start":{},"end":{}}],"line":93},"7":{"loc":{"start":{"line":93,"column":8},"end":{"line":93,"column":50}},"type":"binary-expr","locations":[{"start":{"line":93,"column":8},"end":{"line":93,"column":23}},{"start":{"line":93,"column":27},"end":{"line":93,"column":50}}],"line":93}},"s":{"0":0,"1":0,"2":0,"3":0,"4":0,"5":0,"6":0,"7":0,"8":0,"9":0,"10":0,"11":0,"12":0,"13":0,"14":0,"15":0,"16":0,"17":0,"18":0,"19":0,"20":0,"21":0,"22":0,"23":0,"24":0,"25":0,"26":0,"27":0,"28":0,"29":0,"30":0,"31":0,"32":0,"33":0,"34":0,"35":0,"36":0,"37":0,"38":0,"39":0,"40":0,"41":0,"42":0,"43":0},"f":{"0":0,"1":0,"2":0,"3":0,"4":0,"5":0,"6":0,"7":0,"8":0,"9":0,"10":0,"11":0,"12":0,"13":0,"14":0},"b":{"0":[0,0],"1":[0,0],"2":[0,0],"3":[0,0],"4":[0,0],"5":[0],"6":[0,0],"7":[0,0]}}
,"/Users/bobbylitmon/rork-neuronexa--cognitive-disorders-support-app/utils/performance.ts": {"path":"/Users/bobbylitmon/rork-neuronexa--cognitive-disorders-support-app/utils/performance.ts","statementMap":{"0":{"start":{"line":12,"column":52},"end":{"line":12,"column":61}},"1":{"start":{"line":13,"column":50},"end":{"line":13,"column":52}},"2":{"start":{"line":14,"column":32},"end":{"line":14,"column":34}},"3":{"start":{"line":17,"column":38},"end":{"line":21,"column":5}},"4":{"start":{"line":22,"column":4},"end":{"line":22,"column":35}},"5":{"start":{"line":23,"column":4},"end":{"line":23,"column":59}},"6":{"start":{"line":27,"column":19},"end":{"line":27,"column":41}},"7":{"start":{"line":28,"column":4},"end":{"line":31,"column":5}},"8":{"start":{"line":29,"column":6},"end":{"line":29,"column":66}},"9":{"start":{"line":30,"column":6},"end":{"line":30,"column":18}},"10":{"start":{"line":33,"column":20},"end":{"line":33,"column":30}},"11":{"start":{"line":34,"column":21},"end":{"line":34,"column":47}},"12":{"start":{"line":36,"column":47},"end":{"line":40,"column":5}},"13":{"start":{"line":42,"column":4},"end":{"line":42,"column":48}},"14":{"start":{"line":43,"column":4},"end":{"line":45,"column":5}},"15":{"start":{"line":44,"column":6},"end":{"line":44,"column":36}},"16":{"start":{"line":47,"column":4},"end":{"line":47,"column":30}},"17":{"start":{"line":49,"column":4},"end":{"line":49,"column":77}},"18":{"start":{"line":51,"column":4},"end":{"line":53,"column":5}},"19":{"start":{"line":52,"column":6},"end":{"line":52,"column":87}},"20":{"start":{"line":55,"column":4},"end":{"line":55,"column":20}},"21":{"start":{"line":59,"column":4},"end":{"line":59,"column":31}},"22":{"start":{"line":60,"column":4},"end":{"line":67,"column":5}},"23":{"start":{"line":61,"column":21},"end":{"line":61,"column":31}},"24":{"start":{"line":62,"column":6},"end":{"line":62,"column":21}},"25":{"start":{"line":63,"column":6},"end":{"line":63,"column":20}},"26":{"start":{"line":65,"column":6},"end":{"line":65,"column":21}},"27":{"start":{"line":66,"column":6},"end":{"line":66,"column":18}},"28":{"start":{"line":71,"column":4},"end":{"line":71,"column":38}},"29":{"start":{"line":75,"column":20},"end":{"line":75,"column":98}},"30":{"start":{"line":75,"column":54},"end":{"line":75,"column":97}},"31":{"start":{"line":76,"column":4},"end":{"line":76,"column":42}},"32":{"start":{"line":76,"column":30},"end":{"line":76,"column":42}},"33":{"start":{"line":78,"column":18},"end":{"line":78,"column":72}},"34":{"start":{"line":78,"column":45},"end":{"line":78,"column":68}},"35":{"start":{"line":79,"column":4},"end":{"line":79,"column":34}},"36":{"start":{"line":83,"column":4},"end":{"line":83,"column":25}},"37":{"start":{"line":84,"column":4},"end":{"line":84,"column":31}},"38":{"start":{"line":88,"column":4},"end":{"line":91,"column":16}},"39":{"start":{"line":95,"column":34},"end":{"line":95,"column":58}},"40":{"start":{"line":98,"column":2},"end":{"line":98,"column":46}},"41":{"start":{"line":102,"column":2},"end":{"line":102,"column":33}},"42":{"start":{"line":103,"column":2},"end":{"line":110,"column":3}},"43":{"start":{"line":104,"column":19},"end":{"line":104,"column":23}},"44":{"start":{"line":105,"column":4},"end":{"line":105,"column":33}},"45":{"start":{"line":106,"column":4},"end":{"line":106,"column":18}},"46":{"start":{"line":108,"column":4},"end":{"line":108,"column":33}},"47":{"start":{"line":109,"column":4},"end":{"line":109,"column":16}}},"fnMap":{"0":{"name":"(anonymous_0)","decl":{"start":{"line":16,"column":2},"end":{"line":16,"column":3}},"loc":{"start":{"line":16,"column":64},"end":{"line":24,"column":3}},"line":16},"1":{"name":"(anonymous_1)","decl":{"start":{"line":26,"column":2},"end":{"line":26,"column":3}},"loc":{"start":{"line":26,"column":35},"end":{"line":56,"column":3}},"line":26},"2":{"name":"(anonymous_2)","decl":{"start":{"line":58,"column":2},"end":{"line":58,"column":3}},"loc":{"start":{"line":58,"column":103},"end":{"line":68,"column":3}},"line":58},"3":{"name":"(anonymous_3)","decl":{"start":{"line":70,"column":2},"end":{"line":70,"column":3}},"loc":{"start":{"line":70,"column":36},"end":{"line":72,"column":3}},"line":70},"4":{"name":"(anonymous_4)","decl":{"start":{"line":74,"column":2},"end":{"line":74,"column":3}},"loc":{"start":{"line":74,"column":46},"end":{"line":80,"column":3}},"line":74},"5":{"name":"(anonymous_5)","decl":{"start":{"line":75,"column":49},"end":{"line":75,"column":50}},"loc":{"start":{"line":75,"column":54},"end":{"line":75,"column":97}},"line":75},"6":{"name":"(anonymous_6)","decl":{"start":{"line":78,"column":33},"end":{"line":78,"column":34}},"loc":{"start":{"line":78,"column":45},"end":{"line":78,"column":68}},"line":78},"7":{"name":"(anonymous_7)","decl":{"start":{"line":82,"column":2},"end":{"line":82,"column":3}},"loc":{"start":{"line":82,"column":23},"end":{"line":85,"column":3}},"line":82},"8":{"name":"(anonymous_8)","decl":{"start":{"line":87,"column":2},"end":{"line":87,"column":3}},"loc":{"start":{"line":87,"column":26},"end":{"line":92,"column":3}},"line":87},"9":{"name":"measureAsync","decl":{"start":{"line":97,"column":16},"end":{"line":97,"column":28}},"loc":{"start":{"line":97,"column":80},"end":{"line":99,"column":1}},"line":97},"10":{"name":"measureSync","decl":{"start":{"line":101,"column":16},"end":{"line":101,"column":27}},"loc":{"start":{"line":101,"column":61},"end":{"line":111,"column":1}},"line":101}},"branchMap":{"0":{"loc":{"start":{"line":28,"column":4},"end":{"line":31,"column":5}},"type":"if","locations":[{"start":{"line":28,"column":4},"end":{"line":31,"column":5}},{"start":{},"end":{}}],"line":28},"1":{"loc":{"start":{"line":43,"column":4},"end":{"line":45,"column":5}},"type":"if","locations":[{"start":{"line":43,"column":4},"end":{"line":45,"column":5}},{"start":{},"end":{}}],"line":43},"2":{"loc":{"start":{"line":51,"column":4},"end":{"line":53,"column":5}},"type":"if","locations":[{"start":{"line":51,"column":4},"end":{"line":53,"column":5}},{"start":{},"end":{}}],"line":51},"3":{"loc":{"start":{"line":75,"column":54},"end":{"line":75,"column":97}},"type":"binary-expr","locations":[{"start":{"line":75,"column":54},"end":{"line":75,"column":69}},{"start":{"line":75,"column":73},"end":{"line":75,"column":97}}],"line":75},"4":{"loc":{"start":{"line":76,"column":4},"end":{"line":76,"column":42}},"type":"if","locations":[{"start":{"line":76,"column":4},"end":{"line":76,"column":42}},{"start":{},"end":{}}],"line":76},"5":{"loc":{"start":{"line":78,"column":52},"end":{"line":78,"column":67}},"type":"binary-expr","locations":[{"start":{"line":78,"column":52},"end":{"line":78,"column":62}},{"start":{"line":78,"column":66},"end":{"line":78,"column":67}}],"line":78}},"s":{"0":0,"1":0,"2":0,"3":0,"4":0,"5":0,"6":0,"7":0,"8":0,"9":0,"10":0,"11":0,"12":0,"13":0,"14":0,"15":0,"16":0,"17":0,"18":0,"19":0,"20":0,"21":0,"22":0,"23":0,"24":0,"25":0,"26":0,"27":0,"28":0,"29":0,"30":0,"31":0,"32":0,"33":0,"34":0,"35":0,"36":0,"37":0,"38":0,"39":0,"40":0,"41":0,"42":0,"43":0,"44":0,"45":0,"46":0,"47":0},"f":{"0":0,"1":0,"2":0,"3":0,"4":0,"5":0,"6":0,"7":0,"8":0,"9":0,"10":0},"b":{"0":[0,0],"1":[0,0],"2":[0,0],"3":[0,0],"4":[0,0],"5":[0,0]}}
}
