TN:
SF:components/AITaskCoach.tsx
FN:15,AITaskCoach
FN:24,(anonymous_1)
FN:29,(anonymous_2)
FN:49,(anonymous_3)
FN:64,(anonymous_4)
FN:65,(anonymous_5)
FN:66,(anonymous_6)
FN:70,(anonymous_7)
FN:76,(anonymous_8)
FN:86,(anonymous_9)
FN:90,(anonymous_10)
FN:94,(anonymous_11)
FN:98,(anonymous_12)
FN:193,(anonymous_13)
FNF:14
FNH:0
FNDA:0,AITaskCoach
FNDA:0,(anonymous_1)
FNDA:0,(anonymous_2)
FNDA:0,(anonymous_3)
FNDA:0,(anonymous_4)
FNDA:0,(anonymous_5)
FNDA:0,(anonymous_6)
FNDA:0,(anonymous_7)
FNDA:0,(anonymous_8)
FNDA:0,(anonymous_9)
FNDA:0,(anonymous_10)
FNDA:0,(anonymous_11)
FNDA:0,(anonymous_12)
FNDA:0,(anonymous_13)
DA:16,0
DA:17,0
DA:18,0
DA:19,0
DA:20,0
DA:21,0
DA:23,0
DA:24,0
DA:25,0
DA:26,0
DA:27,0
DA:29,0
DA:30,0
DA:44,0
DA:45,0
DA:49,0
DA:50,0
DA:52,0
DA:56,0
DA:60,0
DA:61,0
DA:64,0
DA:65,0
DA:66,0
DA:70,0
DA:71,0
DA:73,0
DA:74,0
DA:76,0
DA:77,0
DA:78,0
DA:79,0
DA:81,0
DA:86,0
DA:87,0
DA:88,0
DA:89,0
DA:90,0
DA:94,0
DA:95,0
DA:96,0
DA:97,0
DA:98,0
DA:102,0
DA:104,0
DA:105,0
DA:114,0
DA:122,0
DA:124,0
DA:193,0
DA:272,0
LF:51
LH:0
BRDA:44,0,0,0
BRDA:44,0,1,0
BRDA:44,1,0,0
BRDA:44,1,1,0
BRDA:44,1,2,0
BRDA:50,2,0,0
BRDA:50,2,1,0
BRDA:52,3,0,0
BRDA:52,3,1,0
BRDA:52,4,0,0
BRDA:52,4,1,0
BRDA:56,5,0,0
BRDA:56,5,1,0
BRDA:71,6,0,0
BRDA:71,6,1,0
BRDA:78,7,0,0
BRDA:78,7,1,0
BRDA:87,8,0,0
BRDA:87,8,1,0
BRDA:95,9,0,0
BRDA:95,9,1,0
BRDA:102,10,0,0
BRDA:102,10,1,0
BRDA:104,11,0,0
BRDA:104,11,1,0
BRDA:144,12,0,0
BRDA:144,12,1,0
BRDA:151,13,0,0
BRDA:151,13,1,0
BRDA:161,14,0,0
BRDA:161,14,1,0
BRDA:174,15,0,0
BRDA:174,15,1,0
BRDA:174,16,0,0
BRDA:174,16,1,0
BRDA:179,17,0,0
BRDA:179,17,1,0
BRDA:179,17,2,0
BRDA:190,18,0,0
BRDA:190,18,1,0
BRDA:190,18,2,0
BRDA:192,19,0,0
BRDA:192,19,1,0
BRDA:196,20,0,0
BRDA:196,20,1,0
BRDA:198,21,0,0
BRDA:198,21,1,0
BRDA:203,22,0,0
BRDA:203,22,1,0
BRDA:211,23,0,0
BRDA:211,23,1,0
BRDA:216,24,0,0
BRDA:216,24,1,0
BRDA:226,25,0,0
BRDA:226,25,1,0
BRDA:237,26,0,0
BRDA:237,26,1,0
BRDA:242,27,0,0
BRDA:242,27,1,0
BRDA:246,28,0,0
BRDA:246,28,1,0
BRDA:253,29,0,0
BRDA:253,29,1,0
BRDA:261,30,0,0
BRDA:261,30,1,0
BRDA:265,31,0,0
BRDA:265,31,1,0
BRF:67
BRH:0
end_of_record
TN:
SF:components/AccessibilityControls.tsx
FN:14,AccessibilityControls
FN:23,(anonymous_1)
FN:80,(anonymous_2)
FN:97,(anonymous_3)
FN:114,(anonymous_4)
FN:127,(anonymous_5)
FNF:6
FNH:0
FNDA:0,AccessibilityControls
FNDA:0,(anonymous_1)
FNDA:0,(anonymous_2)
FNDA:0,(anonymous_3)
FNDA:0,(anonymous_4)
FNDA:0,(anonymous_5)
DA:18,0
DA:19,0
DA:20,0
DA:21,0
DA:23,0
DA:24,0
DA:25,0
DA:27,0
DA:28,0
DA:29,0
DA:32,0
DA:33,0
DA:36,0
DA:37,0
DA:39,0
DA:75,0
DA:80,0
DA:97,0
DA:114,0
DA:127,0
LF:20
LH:0
BRDA:15,0,0,0
BRDA:16,1,0,0
BRDA:28,2,0,0
BRDA:28,2,1,0
BRDA:32,3,0,0
BRDA:32,3,1,0
BRDA:36,4,0,0
BRDA:36,4,1,0
BRDA:37,5,0,0
BRDA:37,5,1,0
BRDA:43,6,0,0
BRDA:43,6,1,0
BRDA:44,7,0,0
BRDA:44,7,1,0
BRDA:65,8,0,0
BRDA:65,8,1,0
BRDA:79,9,0,0
BRDA:79,9,1,0
BRDA:85,10,0,0
BRDA:85,10,1,0
BRDA:91,11,0,0
BRDA:91,11,1,0
BRDA:96,12,0,0
BRDA:96,12,1,0
BRDA:102,13,0,0
BRDA:102,13,1,0
BRDA:108,14,0,0
BRDA:108,14,1,0
BRDA:113,15,0,0
BRDA:113,15,1,0
BRDA:119,16,0,0
BRDA:119,16,1,0
BRDA:121,17,0,0
BRDA:121,17,1,0
BRDA:126,18,0,0
BRDA:126,18,1,0
BRDA:132,19,0,0
BRDA:132,19,1,0
BRDA:134,20,0,0
BRDA:134,20,1,0
BRF:40
BRH:0
end_of_record
TN:
SF:components/AccessibleButton.tsx
FN:40,AccessibleButton
FN:61,(anonymous_1)
FN:63,(anonymous_2)
FN:86,(anonymous_3)
FN:126,(anonymous_4)
FNF:5
FNH:0
FNDA:0,AccessibleButton
FNDA:0,(anonymous_1)
FNDA:0,(anonymous_2)
FNDA:0,(anonymous_3)
FNDA:0,(anonymous_4)
DA:57,0
DA:58,0
DA:59,0
DA:61,0
DA:63,0
DA:64,0
DA:65,0
DA:68,0
DA:78,0
DA:86,0
DA:87,0
DA:88,0
DA:96,0
DA:105,0
DA:126,0
DA:130,0
DA:132,0
LF:17
LH:0
BRDA:43,0,0,0
BRDA:44,1,0,0
BRDA:45,2,0,0
BRDA:46,3,0,0
BRDA:48,4,0,0
BRDA:49,5,0,0
BRDA:55,6,0,0
BRDA:72,7,0,0
BRDA:72,7,1,0
BRDA:73,8,0,0
BRDA:73,8,1,0
BRDA:74,9,0,0
BRDA:74,9,1,0
BRDA:82,10,0,0
BRDA:82,10,1,0
BRDA:87,11,0,0
BRDA:87,11,1,0
BRDA:90,12,0,0
BRDA:90,12,1,0
BRDA:90,13,0,0
BRDA:90,13,1,0
BRDA:98,14,0,0
BRDA:98,14,1,0
BRDA:98,14,2,0
BRDA:100,15,0,0
BRDA:100,15,1,0
BRDA:100,15,2,0
BRDA:109,16,0,0
BRDA:109,16,1,0
BRDA:113,17,0,0
BRDA:113,17,1,0
BRDA:117,18,0,0
BRDA:117,18,1,0
BRDA:130,19,0,0
BRDA:130,19,1,0
BRDA:140,20,0,0
BRDA:140,20,1,0
BRDA:142,21,0,0
BRDA:142,21,1,0
BRF:39
BRH:0
end_of_record
TN:
SF:components/AchievementToast.tsx
FN:53,AchievementToast
FN:57,(anonymous_1)
FN:73,(anonymous_2)
FN:85,(anonymous_3)
FN:88,(anonymous_4)
FNF:5
FNH:0
FNDA:0,AchievementToast
FNDA:0,(anonymous_1)
FNDA:0,(anonymous_2)
FNDA:0,(anonymous_3)
FNDA:0,(anonymous_4)
DA:14,0
DA:54,0
DA:55,0
DA:57,0
DA:58,0
DA:59,0
DA:73,0
DA:74,0
DA:85,0
DA:88,0
DA:92,0
DA:94,0
DA:95,0
DA:97,0
DA:118,0
LF:15
LH:0
BRDA:58,0,0,0
BRDA:58,0,1,0
BRDA:92,1,0,0
BRDA:92,1,1,0
BRF:4
BRH:0
end_of_record
TN:
SF:components/AddPatientModal.tsx
FN:10,AddPatientModal
FN:20,(anonymous_1)
FN:28,(anonymous_2)
FN:87,(anonymous_3)
FN:92,(anonymous_4)
FN:114,(anonymous_5)
FN:127,(anonymous_6)
FN:165,(anonymous_7)
FN:181,(anonymous_8)
FNF:9
FNH:0
FNDA:0,AddPatientModal
FNDA:0,(anonymous_1)
FNDA:0,(anonymous_2)
FNDA:0,(anonymous_3)
FNDA:0,(anonymous_4)
FNDA:0,(anonymous_5)
FNDA:0,(anonymous_6)
FNDA:0,(anonymous_7)
FNDA:0,(anonymous_8)
DA:13,0
DA:14,0
DA:15,0
DA:16,0
DA:17,0
DA:18,0
DA:20,0
DA:21,0
DA:22,0
DA:23,0
DA:24,0
DA:25,0
DA:28,0
DA:29,0
DA:30,0
DA:32,0
DA:33,0
DA:34,0
DA:37,0
DA:38,0
DA:39,0
DA:42,0
DA:43,0
DA:44,0
DA:45,0
DA:46,0
DA:47,0
DA:48,0
DA:49,0
DA:51,0
DA:52,0
DA:54,0
DA:58,0
DA:88,0
DA:89,0
DA:92,0
DA:114,0
DA:127,0
DA:165,0
DA:181,0
LF:40
LH:0
BRDA:11,0,0,0
BRDA:22,1,0,0
BRDA:22,1,1,0
BRDA:32,2,0,0
BRDA:32,2,1,0
BRDA:32,3,0,0
BRDA:32,3,1,0
BRDA:37,4,0,0
BRDA:37,4,1,0
BRDA:61,5,0,0
BRDA:61,5,1,0
BRDA:97,6,0,0
BRDA:97,6,1,0
BRDA:100,7,0,0
BRDA:100,7,1,0
BRDA:101,8,0,0
BRDA:101,8,1,0
BRDA:108,9,0,0
BRDA:108,9,1,0
BRDA:128,10,0,0
BRDA:128,10,1,0
BRDA:129,11,0,0
BRDA:129,11,1,0
BRDA:137,12,0,0
BRDA:137,12,1,0
BRDA:164,13,0,0
BRDA:164,13,1,0
BRDA:164,13,2,0
BRDA:166,14,0,0
BRDA:166,14,1,0
BRDA:166,15,0,0
BRDA:166,15,1,0
BRDA:166,15,2,0
BRDA:167,16,0,0
BRDA:167,16,1,0
BRDA:170,17,0,0
BRDA:170,17,1,0
BRDA:171,18,0,0
BRDA:171,18,1,0
BRDA:183,19,0,0
BRDA:183,19,1,0
BRF:41
BRH:0
end_of_record
TN:
SF:components/BottomCTA.tsx
FN:11,(anonymous_0)
FNF:1
FNH:0
FNDA:0,(anonymous_0)
DA:11,0
DA:12,0
DA:13,0
DA:14,0
DA:23,0
LF:5
LH:0
BRDA:11,0,0,0
BRDA:13,1,0,0
BRDA:13,1,1,0
BRF:3
BRH:0
end_of_record
TN:
SF:components/BreathingExercise.tsx
FN:16,BreathingExercise
FN:31,(anonymous_1)
FN:46,(anonymous_2)
FN:60,(anonymous_3)
FN:66,(anonymous_4)
FN:88,(anonymous_5)
FN:91,(anonymous_6)
FN:92,(anonymous_7)
FN:101,(anonymous_8)
FN:104,(anonymous_9)
FN:167,(anonymous_10)
FN:173,(anonymous_11)
FN:180,(anonymous_12)
FN:184,(anonymous_13)
FN:193,(anonymous_14)
FNF:15
FNH:0
FNDA:0,BreathingExercise
FNDA:0,(anonymous_1)
FNDA:0,(anonymous_2)
FNDA:0,(anonymous_3)
FNDA:0,(anonymous_4)
FNDA:0,(anonymous_5)
FNDA:0,(anonymous_6)
FNDA:0,(anonymous_7)
FNDA:0,(anonymous_8)
FNDA:0,(anonymous_9)
FNDA:0,(anonymous_10)
FNDA:0,(anonymous_11)
FNDA:0,(anonymous_12)
FNDA:0,(anonymous_13)
FNDA:0,(anonymous_14)
DA:17,0
DA:18,0
DA:19,0
DA:20,0
DA:21,0
DA:22,0
DA:23,0
DA:25,0
DA:26,0
DA:28,0
DA:29,0
DA:31,0
DA:32,0
DA:34,0
DA:36,0
DA:38,0
DA:40,0
DA:42,0
DA:46,0
DA:47,0
DA:48,0
DA:49,0
DA:50,0
DA:51,0
DA:52,0
DA:53,0
DA:55,0
DA:56,0
DA:60,0
DA:61,0
DA:62,0
DA:66,0
DA:67,0
DA:68,0
DA:70,0
DA:71,0
DA:73,0
DA:74,0
DA:76,0
DA:77,0
DA:79,0
DA:81,0
DA:83,0
DA:84,0
DA:88,0
DA:89,0
DA:91,0
DA:92,0
DA:93,0
DA:94,0
DA:95,0
DA:97,0
DA:101,0
DA:104,0
DA:105,0
DA:107,0
DA:109,0
DA:121,0
DA:123,0
DA:135,0
DA:137,0
DA:149,0
DA:151,0
DA:163,0
DA:167,0
DA:168,0
DA:170,0
DA:173,0
DA:174,0
DA:175,0
DA:176,0
DA:177,0
DA:180,0
DA:181,0
DA:184,0
DA:185,0
DA:186,0
DA:187,0
DA:188,0
DA:189,0
DA:190,0
DA:193,0
DA:194,0
DA:196,0
DA:198,0
DA:200,0
DA:202,0
DA:204,0
DA:210,0
DA:346,0
LF:90
LH:0
BRDA:19,0,0,0
BRDA:19,0,1,0
BRDA:32,1,0,0
BRDA:32,1,1,0
BRDA:32,1,2,0
BRDA:32,1,3,0
BRDA:32,1,4,0
BRDA:38,2,0,0
BRDA:38,2,1,0
BRDA:48,3,0,0
BRDA:48,3,1,0
BRDA:61,4,0,0
BRDA:61,4,1,0
BRDA:68,5,0,0
BRDA:68,5,1,0
BRDA:68,5,2,0
BRDA:68,5,3,0
BRDA:76,6,0,0
BRDA:76,6,1,0
BRDA:76,7,0,0
BRDA:76,7,1,0
BRDA:89,8,0,0
BRDA:89,8,1,0
BRDA:93,9,0,0
BRDA:93,9,1,0
BRDA:107,10,0,0
BRDA:107,10,1,0
BRDA:107,10,2,0
BRDA:107,10,3,0
BRDA:168,11,0,0
BRDA:168,11,1,0
BRDA:194,12,0,0
BRDA:194,12,1,0
BRDA:194,12,2,0
BRDA:194,12,3,0
BRDA:194,12,4,0
BRDA:379,13,0,0
BRDA:379,13,1,0
BRDA:380,14,0,0
BRDA:380,14,1,0
BRDA:380,15,0,0
BRDA:380,15,1,0
BRDA:381,16,0,0
BRDA:381,16,1,0
BRDA:381,17,0,0
BRDA:381,17,1,0
BRDA:382,18,0,0
BRDA:382,18,1,0
BRDA:382,19,0,0
BRDA:382,19,1,0
BRDA:383,20,0,0
BRDA:383,20,1,0
BRDA:383,21,0,0
BRDA:383,21,1,0
BRDA:388,22,0,0
BRDA:388,22,1,0
BRDA:420,23,0,0
BRDA:420,23,1,0
BRDA:430,24,0,0
BRDA:430,24,1,0
BRDA:430,24,2,0
BRF:61
BRH:0
end_of_record
TN:
SF:components/Button.tsx
FN:33,Button
FN:49,(anonymous_1)
FN:68,(anonymous_2)
FN:100,(anonymous_3)
FNF:4
FNH:0
FNDA:0,Button
FNDA:0,(anonymous_1)
FNDA:0,(anonymous_2)
FNDA:0,(anonymous_3)
DA:47,0
DA:49,0
DA:51,0
DA:60,0
DA:68,0
DA:69,0
DA:70,0
DA:78,0
DA:87,0
DA:100,0
LF:10
LH:0
BRDA:36,0,0,0
BRDA:37,1,0,0
BRDA:38,2,0,0
BRDA:39,3,0,0
BRDA:41,4,0,0
BRDA:42,5,0,0
BRDA:55,6,0,0
BRDA:55,6,1,0
BRDA:56,7,0,0
BRDA:56,7,1,0
BRDA:64,8,0,0
BRDA:64,8,1,0
BRDA:69,9,0,0
BRDA:69,9,1,0
BRDA:72,10,0,0
BRDA:72,10,1,0
BRDA:72,11,0,0
BRDA:72,11,1,0
BRDA:80,12,0,0
BRDA:80,12,1,0
BRDA:80,12,2,0
BRDA:82,13,0,0
BRDA:82,13,1,0
BRDA:82,13,2,0
BRDA:91,14,0,0
BRDA:91,14,1,0
BRF:26
BRH:0
end_of_record
TN:
SF:components/CalendarView.tsx
FN:14,CalendarView
FN:19,(anonymous_1)
FN:30,(anonymous_2)
FN:32,(anonymous_3)
FN:39,(anonymous_4)
FN:43,(anonymous_5)
FN:51,(anonymous_6)
FN:55,(anonymous_7)
FN:69,(anonymous_8)
FN:73,(anonymous_9)
FN:84,(anonymous_10)
FN:95,(anonymous_11)
FN:101,(anonymous_12)
FN:108,(anonymous_13)
FN:113,(anonymous_14)
FN:118,(anonymous_15)
FN:349,(anonymous_16)
FN:355,(anonymous_17)
FN:369,(anonymous_18)
FN:410,(anonymous_19)
FN:414,(anonymous_20)
FN:424,(anonymous_21)
FNF:22
FNH:0
FNDA:0,CalendarView
FNDA:0,(anonymous_1)
FNDA:0,(anonymous_2)
FNDA:0,(anonymous_3)
FNDA:0,(anonymous_4)
FNDA:0,(anonymous_5)
FNDA:0,(anonymous_6)
FNDA:0,(anonymous_7)
FNDA:0,(anonymous_8)
FNDA:0,(anonymous_9)
FNDA:0,(anonymous_10)
FNDA:0,(anonymous_11)
FNDA:0,(anonymous_12)
FNDA:0,(anonymous_13)
FNDA:0,(anonymous_14)
FNDA:0,(anonymous_15)
FNDA:0,(anonymous_16)
FNDA:0,(anonymous_17)
FNDA:0,(anonymous_18)
FNDA:0,(anonymous_19)
FNDA:0,(anonymous_20)
FNDA:0,(anonymous_21)
DA:15,0
DA:16,0
DA:17,0
DA:19,0
DA:20,0
DA:21,0
DA:22,0
DA:23,0
DA:24,0
DA:25,0
DA:27,0
DA:30,0
DA:31,0
DA:32,0
DA:33,0
DA:34,0
DA:35,0
DA:39,0
DA:40,0
DA:41,0
DA:43,0
DA:44,0
DA:45,0
DA:46,0
DA:51,0
DA:52,0
DA:53,0
DA:55,0
DA:56,0
DA:57,0
DA:58,0
DA:63,0
DA:64,0
DA:65,0
DA:66,0
DA:67,0
DA:69,0
DA:70,0
DA:73,0
DA:74,0
DA:77,0
DA:82,0
DA:84,0
DA:85,0
DA:86,0
DA:87,0
DA:89,0
DA:90,0
DA:92,0
DA:95,0
DA:96,0
DA:101,0
DA:102,0
DA:103,0
DA:108,0
DA:109,0
DA:110,0
DA:113,0
DA:114,0
DA:115,0
DA:118,0
DA:119,0
DA:121,0
DA:123,0
DA:125,0
DA:129,0
DA:312,0
DA:350,0
DA:356,0
DA:357,0
DA:360,0
DA:370,0
DA:371,0
DA:372,0
DA:411,0
DA:414,0
DA:424,0
LF:77
LH:0
BRDA:16,0,0,0
BRDA:16,0,1,0
BRDA:34,1,0,0
BRDA:34,1,1,0
BRDA:35,2,0,0
BRDA:35,2,1,0
BRDA:45,3,0,0
BRDA:45,3,1,0
BRDA:46,4,0,0
BRDA:46,4,1,0
BRDA:46,4,2,0
BRDA:46,4,3,0
BRDA:46,4,4,0
BRDA:57,5,0,0
BRDA:57,5,1,0
BRDA:58,6,0,0
BRDA:58,6,1,0
BRDA:58,6,2,0
BRDA:58,6,3,0
BRDA:58,6,4,0
BRDA:96,7,0,0
BRDA:96,7,1,0
BRDA:96,7,2,0
BRDA:102,8,0,0
BRDA:102,8,1,0
BRDA:103,9,0,0
BRDA:103,9,1,0
BRDA:103,9,2,0
BRDA:114,10,0,0
BRDA:114,10,1,0
BRDA:119,11,0,0
BRDA:119,11,1,0
BRDA:119,11,2,0
BRDA:356,12,0,0
BRDA:356,12,1,0
BRDA:365,13,0,0
BRDA:365,13,1,0
BRDA:366,14,0,0
BRDA:366,14,1,0
BRDA:366,14,2,0
BRDA:367,15,0,0
BRDA:367,15,1,0
BRDA:367,15,2,0
BRDA:367,15,3,0
BRDA:379,16,0,0
BRDA:379,16,1,0
BRDA:380,17,0,0
BRDA:380,17,1,0
BRDA:380,17,2,0
BRDA:385,18,0,0
BRDA:385,18,1,0
BRDA:388,19,0,0
BRDA:388,19,1,0
BRDA:388,19,2,0
BRDA:398,20,0,0
BRDA:398,20,1,0
BRDA:407,21,0,0
BRDA:407,21,1,0
BRDA:422,22,0,0
BRDA:422,22,1,0
BRF:60
BRH:0
end_of_record
TN:
SF:components/Card.tsx
FN:15,Card
FN:24,(anonymous_1)
FN:41,(anonymous_2)
FNF:3
FNH:0
FNDA:0,Card
FNDA:0,(anonymous_1)
FNDA:0,(anonymous_2)
DA:23,0
DA:24,0
DA:26,0
DA:34,0
DA:41,0
LF:5
LH:0
BRDA:18,0,0,0
BRDA:19,1,0,0
BRDA:20,2,0,0
BRDA:29,3,0,0
BRDA:29,3,1,0
BRDA:30,4,0,0
BRDA:30,4,1,0
BRF:7
BRH:0
end_of_record
TN:
SF:components/ConfirmDialog.tsx
FN:27,ConfirmDialog
FN:40,(anonymous_1)
FN:83,(anonymous_2)
FNF:3
FNH:0
FNDA:0,ConfirmDialog
FNDA:0,(anonymous_1)
FNDA:0,(anonymous_2)
DA:39,0
DA:40,0
DA:42,0
DA:83,0
LF:4
LH:0
BRDA:31,0,0,0
BRDA:32,1,0,0
BRDA:33,2,0,0
BRDA:54,3,0,0
BRDA:54,3,1,0
BRF:5
BRH:0
end_of_record
TN:
SF:components/EnterCodeBar.tsx
FN:5,EnterCodeBar
FN:20,(anonymous_1)
FN:28,(anonymous_2)
FN:33,(anonymous_3)
FNF:4
FNH:0
FNDA:0,EnterCodeBar
FNDA:0,(anonymous_1)
FNDA:0,(anonymous_2)
FNDA:0,(anonymous_3)
DA:6,0
DA:7,0
DA:9,0
DA:20,0
DA:29,0
DA:30,0
DA:33,0
DA:49,0
LF:8
LH:0
BRDA:36,0,0,0
BRDA:36,0,1,0
BRDA:36,1,0,0
BRDA:36,1,1,0
BRDA:37,2,0,0
BRDA:37,2,1,0
BRDA:41,3,0,0
BRDA:41,3,1,0
BRF:8
BRH:0
end_of_record
TN:
SF:components/ErrorBoundary.tsx
FN:17,(anonymous_0)
FN:26,(anonymous_1)
FN:30,(anonymous_2)
FN:58,(anonymous_3)
FN:66,(anonymous_4)
FNF:5
FNH:0
FNDA:0,(anonymous_0)
FNDA:0,(anonymous_1)
FNDA:0,(anonymous_2)
FNDA:0,(anonymous_3)
FNDA:0,(anonymous_4)
DA:18,0
DA:19,0
DA:27,0
DA:31,0
DA:32,0
DA:33,0
DA:34,0
DA:35,0
DA:36,0
DA:42,0
DA:47,0
DA:48,0
DA:58,0
DA:59,0
DA:67,0
DA:68,0
DA:69,0
DA:72,0
DA:114,0
DA:118,0
LF:20
LH:0
BRDA:47,0,0,0
BRDA:47,0,1,0
BRDA:47,1,0,0
BRDA:47,1,1,0
BRDA:67,2,0,0
BRDA:67,2,1,0
BRDA:68,3,0,0
BRDA:68,3,1,0
BRDA:68,4,0,0
BRDA:68,4,1,0
BRDA:68,4,2,0
BRDA:84,5,0,0
BRDA:84,5,1,0
BRDA:84,5,2,0
BRDA:88,6,0,0
BRDA:88,6,1,0
BRF:16
BRH:0
end_of_record
TN:
SF:components/FeatureTooltip.tsx
FN:13,FeatureTooltip
FN:20,(anonymous_1)
FN:56,(anonymous_2)
FNF:3
FNH:0
FNDA:0,FeatureTooltip
FNDA:0,(anonymous_1)
FNDA:0,(anonymous_2)
DA:14,0
DA:15,0
DA:17,0
DA:18,0
DA:20,0
DA:22,0
DA:56,0
LF:7
LH:0
BRDA:17,0,0,0
BRDA:17,0,1,0
BRDA:18,1,0,0
BRDA:18,1,1,0
BRF:4
BRH:0
end_of_record
TN:
SF:components/FingerTraceBreathing.tsx
FN:23,FingerTraceBreathing
FN:36,(anonymous_1)
FN:40,(anonymous_2)
FN:46,(anonymous_3)
FN:49,(anonymous_4)
FN:50,(anonymous_5)
FN:80,(anonymous_6)
FN:83,(anonymous_7)
FN:102,(anonymous_8)
FN:110,(anonymous_9)
FN:114,(anonymous_10)
FN:123,(anonymous_11)
FN:134,(anonymous_12)
FN:236,(anonymous_13)
FNF:14
FNH:0
FNDA:0,FingerTraceBreathing
FNDA:0,(anonymous_1)
FNDA:0,(anonymous_2)
FNDA:0,(anonymous_3)
FNDA:0,(anonymous_4)
FNDA:0,(anonymous_5)
FNDA:0,(anonymous_6)
FNDA:0,(anonymous_7)
FNDA:0,(anonymous_8)
FNDA:0,(anonymous_9)
FNDA:0,(anonymous_10)
FNDA:0,(anonymous_11)
FNDA:0,(anonymous_12)
FNDA:0,(anonymous_13)
DA:24,0
DA:25,0
DA:26,0
DA:27,0
DA:28,0
DA:30,0
DA:31,0
DA:33,0
DA:34,0
DA:36,0
DA:38,0
DA:40,0
DA:41,0
DA:42,0
DA:46,0
DA:47,0
DA:49,0
DA:50,0
DA:51,0
DA:52,0
DA:54,0
DA:55,0
DA:56,0
DA:57,0
DA:58,0
DA:60,0
DA:61,0
DA:64,0
DA:65,0
DA:66,0
DA:67,0
DA:68,0
DA:69,0
DA:71,0
DA:72,0
DA:76,0
DA:80,0
DA:83,0
DA:84,0
DA:86,0
DA:102,0
DA:103,0
DA:104,0
DA:105,0
DA:106,0
DA:107,0
DA:110,0
DA:111,0
DA:114,0
DA:115,0
DA:116,0
DA:117,0
DA:118,0
DA:119,0
DA:120,0
DA:123,0
DA:124,0
DA:125,0
DA:128,0
DA:129,0
DA:134,0
DA:135,0
DA:144,0
DA:150,0
DA:151,0
DA:156,0
DA:236,0
LF:67
LH:0
BRDA:41,0,0,0
BRDA:41,0,1,0
BRDA:47,1,0,0
BRDA:47,1,1,0
BRDA:51,2,0,0
BRDA:51,2,1,0
BRDA:54,3,0,0
BRDA:54,3,1,0
BRDA:56,4,0,0
BRDA:56,4,1,0
BRDA:65,5,0,0
BRDA:65,5,1,0
BRDA:84,6,0,0
BRDA:84,6,1,0
BRDA:124,7,0,0
BRDA:124,7,1,0
BRDA:129,8,0,0
BRDA:129,8,1,0
BRDA:172,9,0,0
BRDA:172,9,1,0
BRDA:172,9,2,0
BRDA:189,10,0,0
BRDA:189,10,1,0
BRDA:189,10,2,0
BRDA:195,11,0,0
BRDA:195,11,1,0
BRF:26
BRH:0
end_of_record
TN:
SF:components/FingerTraceExercise.tsx
FN:25,FingerTraceExercise
FN:38,(anonymous_1)
FN:42,(anonymous_2)
FN:48,(anonymous_3)
FN:54,(anonymous_4)
FN:79,(anonymous_5)
FN:118,(anonymous_6)
FN:125,(anonymous_7)
FN:130,(anonymous_8)
FN:135,(anonymous_9)
FN:141,(anonymous_10)
FN:152,(anonymous_11)
FN:158,(anonymous_12)
FN:220,(anonymous_13)
FN:245,(anonymous_14)
FN:290,(anonymous_15)
FNF:16
FNH:0
FNDA:0,FingerTraceExercise
FNDA:0,(anonymous_1)
FNDA:0,(anonymous_2)
FNDA:0,(anonymous_3)
FNDA:0,(anonymous_4)
FNDA:0,(anonymous_5)
FNDA:0,(anonymous_6)
FNDA:0,(anonymous_7)
FNDA:0,(anonymous_8)
FNDA:0,(anonymous_9)
FNDA:0,(anonymous_10)
FNDA:0,(anonymous_11)
FNDA:0,(anonymous_12)
FNDA:0,(anonymous_13)
FNDA:0,(anonymous_14)
FNDA:0,(anonymous_15)
DA:26,0
DA:27,0
DA:28,0
DA:29,0
DA:30,0
DA:31,0
DA:32,0
DA:33,0
DA:35,0
DA:36,0
DA:38,0
DA:40,0
DA:42,0
DA:43,0
DA:44,0
DA:48,0
DA:49,0
DA:50,0
DA:54,0
DA:55,0
DA:56,0
DA:58,0
DA:60,0
DA:62,0
DA:64,0
DA:66,0
DA:68,0
DA:70,0
DA:72,0
DA:74,0
DA:78,0
DA:80,0
DA:81,0
DA:83,0
DA:85,0
DA:86,0
DA:87,0
DA:88,0
DA:90,0
DA:99,0
DA:101,0
DA:111,0
DA:117,0
DA:119,0
DA:120,0
DA:125,0
DA:126,0
DA:127,0
DA:130,0
DA:131,0
DA:132,0
DA:135,0
DA:136,0
DA:137,0
DA:138,0
DA:139,0
DA:140,0
DA:141,0
DA:142,0
DA:144,0
DA:152,0
DA:153,0
DA:154,0
DA:155,0
DA:156,0
DA:157,0
DA:158,0
DA:161,0
DA:221,0
DA:246,0
DA:290,0
DA:291,0
LF:72
LH:0
BRDA:40,0,0,0
BRDA:40,0,1,0
BRDA:40,1,0,0
BRDA:40,1,1,0
BRDA:43,2,0,0
BRDA:43,2,1,0
BRDA:49,3,0,0
BRDA:49,3,1,0
BRDA:55,4,0,0
BRDA:55,4,1,0
BRDA:56,5,0,0
BRDA:56,5,1,0
BRDA:58,6,0,0
BRDA:58,6,1,0
BRDA:58,6,2,0
BRDA:58,6,3,0
BRDA:58,6,4,0
BRDA:58,6,5,0
BRDA:58,6,6,0
BRDA:58,6,7,0
BRDA:85,7,0,0
BRDA:85,7,1,0
BRDA:85,8,0,0
BRDA:85,8,1,0
BRDA:92,9,0,0
BRDA:92,9,1,0
BRDA:99,10,0,0
BRDA:99,10,1,0
BRDA:192,11,0,0
BRDA:192,11,1,0
BRDA:205,12,0,0
BRDA:205,12,1,0
BRDA:208,13,0,0
BRDA:208,13,1,0
BRDA:216,14,0,0
BRDA:216,14,1,0
BRDA:216,15,0,0
BRDA:216,15,1,0
BRDA:218,16,0,0
BRDA:218,16,1,0
BRDA:218,16,2,0
BRDA:227,17,0,0
BRDA:227,17,1,0
BRDA:232,18,0,0
BRDA:232,18,1,0
BRDA:239,19,0,0
BRDA:239,19,1,0
BRDA:239,19,2,0
BRDA:255,20,0,0
BRDA:255,20,1,0
BRDA:255,20,2,0
BRDA:266,21,0,0
BRDA:266,21,1,0
BRDA:266,21,2,0
BRDA:274,22,0,0
BRDA:274,22,1,0
BRDA:280,23,0,0
BRDA:280,23,1,0
BRF:58
BRH:0
end_of_record
TN:
SF:components/NotificationBadge.tsx
FN:11,NotificationBadge
FNF:1
FNH:0
FNDA:0,NotificationBadge
DA:16,0
DA:17,0
DA:19,0
DA:20,0
DA:23,0
DA:24,0
DA:26,0
DA:35,0
LF:8
LH:0
BRDA:12,0,0,0
BRDA:13,1,0,0
BRDA:14,2,0,0
BRDA:19,3,0,0
BRDA:19,3,1,0
BRDA:19,4,0,0
BRDA:19,4,1,0
BRDA:23,5,0,0
BRDA:23,5,1,0
BRF:9
BRH:0
end_of_record
TN:
SF:components/NotificationButton.tsx
FN:13,NotificationButton
FN:19,(anonymous_1)
FNF:2
FNH:0
FNDA:0,NotificationButton
FNDA:0,(anonymous_1)
DA:14,0
DA:15,0
DA:17,0
DA:19,0
DA:33,0
LF:5
LH:0
BRDA:13,0,0,0
BRDA:13,1,0,0
BRDA:24,2,0,0
BRDA:24,2,1,0
BRF:4
BRH:0
end_of_record
TN:
SF:components/NotificationCenter.tsx
FN:14,NotificationItem
FN:15,(anonymous_1)
FN:25,(anonymous_2)
FN:90,NotificationCenter
FN:104,(anonymous_4)
FN:107,(anonymous_5)
FN:135,(anonymous_6)
FN:150,(anonymous_7)
FN:164,(anonymous_8)
FN:173,(anonymous_9)
FN:199,(anonymous_10)
FN:203,(anonymous_11)
FN:204,(anonymous_12)
FNF:13
FNH:0
FNDA:0,NotificationItem
FNDA:0,(anonymous_1)
FNDA:0,(anonymous_2)
FNDA:0,NotificationCenter
FNDA:0,(anonymous_4)
FNDA:0,(anonymous_5)
FNDA:0,(anonymous_6)
FNDA:0,(anonymous_7)
FNDA:0,(anonymous_8)
FNDA:0,(anonymous_9)
FNDA:0,(anonymous_10)
FNDA:0,(anonymous_11)
FNDA:0,(anonymous_12)
DA:15,0
DA:16,0
DA:17,0
DA:18,0
DA:19,0
DA:20,0
DA:21,0
DA:25,0
DA:26,0
DA:27,0
DA:28,0
DA:29,0
DA:30,0
DA:31,0
DA:33,0
DA:34,0
DA:35,0
DA:36,0
DA:37,0
DA:40,0
DA:91,0
DA:99,0
DA:101,0
DA:103,0
DA:104,0
DA:107,0
DA:108,0
DA:110,0
DA:111,0
DA:112,0
DA:113,0
DA:114,0
DA:115,0
DA:120,0
DA:135,0
DA:150,0
DA:164,0
DA:173,0
DA:200,0
DA:203,0
DA:204,0
DA:213,0
LF:42
LH:0
BRDA:16,0,0,0
BRDA:16,0,1,0
BRDA:16,0,2,0
BRDA:16,0,3,0
BRDA:16,0,4,0
BRDA:33,1,0,0
BRDA:33,1,1,0
BRDA:34,2,0,0
BRDA:34,2,1,0
BRDA:35,3,0,0
BRDA:35,3,1,0
BRDA:36,4,0,0
BRDA:36,4,1,0
BRDA:44,5,0,0
BRDA:44,5,1,0
BRDA:63,6,0,0
BRDA:63,6,1,0
BRDA:65,7,0,0
BRDA:65,7,1,0
BRDA:70,8,0,0
BRDA:70,8,1,0
BRDA:103,9,0,0
BRDA:103,9,1,0
BRDA:110,10,0,0
BRDA:110,10,1,0
BRDA:112,11,0,0
BRDA:112,11,1,0
BRDA:112,12,0,0
BRDA:112,12,1,0
BRDA:114,13,0,0
BRDA:114,13,1,0
BRDA:114,14,0,0
BRDA:114,14,1,0
BRDA:126,15,0,0
BRDA:126,15,1,0
BRDA:135,16,0,0
BRDA:135,16,1,0
BRDA:141,17,0,0
BRDA:141,17,1,0
BRDA:150,18,0,0
BRDA:150,18,1,0
BRDA:163,19,0,0
BRDA:163,19,1,0
BRDA:166,20,0,0
BRDA:166,20,1,0
BRDA:172,21,0,0
BRDA:172,21,1,0
BRDA:175,22,0,0
BRDA:175,22,1,0
BRDA:186,23,0,0
BRDA:186,23,1,0
BRDA:190,24,0,0
BRDA:190,24,1,0
BRDA:193,25,0,0
BRDA:193,25,1,0
BRF:55
BRH:0
end_of_record
TN:
SF:components/NotificationToast.tsx
FN:14,NotificationToast
FN:23,(anonymous_1)
FN:35,(anonymous_2)
FN:40,(anonymous_3)
FN:55,(anonymous_4)
FN:59,(anonymous_5)
FN:62,(anonymous_6)
FN:80,(anonymous_7)
FN:119,(anonymous_8)
FNF:9
FNH:0
FNDA:0,NotificationToast
FNDA:0,(anonymous_1)
FNDA:0,(anonymous_2)
FNDA:0,(anonymous_3)
FNDA:0,(anonymous_4)
FNDA:0,(anonymous_5)
FNDA:0,(anonymous_6)
FNDA:0,(anonymous_7)
FNDA:0,(anonymous_8)
DA:20,0
DA:21,0
DA:23,0
DA:24,0
DA:36,0
DA:40,0
DA:41,0
DA:55,0
DA:56,0
DA:59,0
DA:62,0
DA:63,0
DA:65,0
DA:68,0
DA:70,0
DA:72,0
DA:76,0
DA:80,0
DA:81,0
DA:83,0
DA:85,0
DA:87,0
DA:89,0
DA:91,0
DA:95,0
DA:100,0
DA:106,0
DA:119,0
DA:128,0
DA:147,0
LF:30
LH:0
BRDA:18,0,0,0
BRDA:65,1,0,0
BRDA:65,1,1,0
BRDA:65,1,2,0
BRDA:65,1,3,0
BRDA:65,1,4,0
BRDA:72,2,0,0
BRDA:72,2,1,0
BRDA:81,3,0,0
BRDA:81,3,1,0
BRDA:81,3,2,0
BRDA:81,3,3,0
BRDA:81,3,4,0
BRDA:131,4,0,0
BRDA:131,4,1,0
BRDA:135,5,0,0
BRDA:135,5,1,0
BRF:17
BRH:0
end_of_record
TN:
SF:components/PremiumGate.tsx
FN:14,PremiumGate
FN:36,(anonymous_1)
FNF:2
FNH:0
FNDA:0,PremiumGate
FNDA:0,(anonymous_1)
DA:15,0
DA:17,0
DA:18,0
DA:21,0
DA:36,0
DA:61,0
LF:6
LH:0
BRDA:17,0,0,0
BRDA:17,0,1,0
BRDA:17,1,0,0
BRDA:17,1,1,0
BRF:4
BRH:0
end_of_record
TN:
SF:components/RealtimeNotificationListener.tsx
FN:6,RealtimeNotificationListener
FN:10,(anonymous_1)
FN:16,(anonymous_2)
FN:32,(anonymous_3)
FN:39,(anonymous_4)
FNF:5
FNH:0
FNDA:0,RealtimeNotificationListener
FNDA:0,(anonymous_1)
FNDA:0,(anonymous_2)
FNDA:0,(anonymous_3)
FNDA:0,(anonymous_4)
DA:7,0
DA:8,0
DA:10,0
DA:11,0
DA:12,0
DA:14,0
DA:17,0
DA:19,0
DA:20,0
DA:32,0
DA:33,0
DA:34,0
DA:35,0
DA:39,0
DA:40,0
DA:43,0
LF:16
LH:0
BRDA:19,0,0,0
BRDA:19,0,1,0
BRDA:19,1,0,0
BRDA:19,1,1,0
BRDA:21,2,0,0
BRDA:21,2,1,0
BRDA:24,3,0,0
BRDA:24,3,1,0
BRDA:24,4,0,0
BRDA:24,4,1,0
BRF:10
BRH:0
end_of_record
TN:
SF:components/RecommendationCard.tsx
FN:24,RecommendationCard
FN:28,(anonymous_1)
FN:48,(anonymous_2)
FN:61,(anonymous_3)
FN:72,(anonymous_4)
FN:81,(anonymous_5)
FNF:6
FNH:0
FNDA:0,RecommendationCard
FNDA:0,(anonymous_1)
FNDA:0,(anonymous_2)
FNDA:0,(anonymous_3)
FNDA:0,(anonymous_4)
FNDA:0,(anonymous_5)
DA:25,0
DA:26,0
DA:28,0
DA:29,0
DA:31,0
DA:34,0
DA:36,0
DA:38,0
DA:40,0
DA:42,0
DA:44,0
DA:48,0
DA:49,0
DA:51,0
DA:53,0
DA:55,0
DA:57,0
DA:61,0
DA:62,0
DA:64,0
DA:66,0
DA:68,0
DA:72,0
DA:73,0
DA:74,0
DA:75,0
DA:76,0
DA:78,0
DA:81,0
DA:82,0
DA:83,0
DA:86,0
DA:214,0
DA:215,0
DA:217,0
LF:35
LH:0
BRDA:29,0,0,0
BRDA:29,0,1,0
BRDA:29,0,2,0
BRDA:29,0,3,0
BRDA:29,0,4,0
BRDA:29,0,5,0
BRDA:29,0,6,0
BRDA:29,0,7,0
BRDA:49,1,0,0
BRDA:49,1,1,0
BRDA:49,1,2,0
BRDA:49,1,3,0
BRDA:62,2,0,0
BRDA:62,2,1,0
BRDA:62,2,2,0
BRDA:73,3,0,0
BRDA:73,3,1,0
BRDA:75,4,0,0
BRDA:75,4,1,0
BRDA:229,5,0,0
BRDA:229,5,1,0
BRDA:229,5,2,0
BRF:22
BRH:0
end_of_record
TN:
SF:components/RetentionPrompt.tsx
FN:23,RetentionPrompt
FN:26,(anonymous_1)
FNF:2
FNH:0
FNDA:0,RetentionPrompt
FNDA:0,(anonymous_1)
DA:13,0
DA:24,0
DA:26,0
DA:27,0
DA:29,0
DA:30,0
DA:32,0
DA:33,0
DA:35,0
DA:36,0
DA:38,0
DA:39,0
DA:41,0
DA:42,0
DA:45,0
DA:47,0
DA:50,0
DA:52,0
DA:84,0
LF:19
LH:0
BRDA:24,0,0,0
BRDA:24,0,1,0
BRDA:27,1,0,0
BRDA:27,1,1,0
BRDA:27,1,2,0
BRDA:27,1,3,0
BRDA:27,1,4,0
BRDA:27,1,5,0
BRDA:27,1,6,0
BRDA:50,2,0,0
BRDA:50,2,1,0
BRDA:65,3,0,0
BRDA:65,3,1,0
BRF:13
BRH:0
end_of_record
TN:
SF:components/RoleGate.tsx
FN:13,RoleGate
FNF:1
FNH:0
FNDA:0,RoleGate
DA:14,0
DA:15,0
DA:17,0
DA:32,0
DA:33,0
DA:41,0
DA:42,0
DA:43,0
DA:45,0
DA:48,0
LF:10
LH:0
BRDA:32,0,0,0
BRDA:32,0,1,0
BRDA:32,1,0,0
BRDA:32,1,1,0
BRDA:41,2,0,0
BRDA:41,2,1,0
BRDA:41,3,0,0
BRDA:41,3,1,0
BRDA:42,4,0,0
BRDA:42,4,1,0
BRF:10
BRH:0
end_of_record
TN:
SF:components/SmartPaywall.tsx
FN:47,SmartPaywall
FN:51,(anonymous_1)
FN:61,(anonymous_2)
FN:107,(anonymous_3)
FNF:4
FNH:0
FNDA:0,SmartPaywall
FNDA:0,(anonymous_1)
FNDA:0,(anonymous_2)
FNDA:0,(anonymous_3)
DA:17,0
DA:38,0
DA:48,0
DA:49,0
DA:51,0
DA:52,0
DA:53,0
DA:55,0
DA:56,0
DA:57,0
DA:61,0
DA:62,0
DA:63,0
DA:64,0
DA:65,0
DA:68,0
DA:70,0
DA:71,0
DA:72,0
DA:74,0
DA:108,0
DA:109,0
DA:147,0
LF:23
LH:0
BRDA:52,0,0,0
BRDA:52,0,1,0
BRDA:55,1,0,0
BRDA:55,1,1,0
BRDA:56,2,0,0
BRDA:56,2,1,0
BRDA:57,3,0,0
BRDA:57,3,1,0
BRDA:68,4,0,0
BRDA:68,4,1,0
BRDA:89,5,0,0
BRDA:89,5,1,0
BRDA:97,6,0,0
BRDA:97,6,1,0
BRF:14
BRH:0
end_of_record
TN:
SF:components/StreakBanner.tsx
FN:11,StreakBanner
FN:14,(anonymous_1)
FNF:2
FNH:0
FNDA:0,StreakBanner
FNDA:0,(anonymous_1)
DA:12,0
DA:14,0
DA:15,0
DA:16,0
DA:25,0
DA:27,0
DA:28,0
DA:29,0
DA:31,0
DA:64,0
LF:10
LH:0
BRDA:11,0,0,0
BRDA:12,1,0,0
BRDA:12,1,1,0
BRDA:15,2,0,0
BRDA:15,2,1,0
BRDA:25,3,0,0
BRDA:25,3,1,0
BRDA:28,4,0,0
BRDA:28,4,1,0
BRDA:29,5,0,0
BRDA:29,5,1,0
BRDA:44,6,0,0
BRDA:44,6,1,0
BRDA:47,7,0,0
BRDA:47,7,1,0
BRDA:53,8,0,0
BRDA:53,8,1,0
BRF:17
BRH:0
end_of_record
TN:
SF:components/TimeWheelPicker.tsx
FN:15,TimeWheelPicker
FN:25,(anonymous_1)
FN:26,(anonymous_2)
FN:29,(anonymous_3)
FN:41,(anonymous_4)
FN:50,(anonymous_5)
FN:55,(anonymous_6)
FN:64,(anonymous_7)
FN:73,(anonymous_8)
FN:82,(anonymous_9)
FN:88,(anonymous_10)
FN:94,(anonymous_11)
FN:168,(anonymous_12)
FN:186,(anonymous_13)
FN:206,(anonymous_14)
FN:220,(anonymous_15)
FNF:16
FNH:0
FNDA:0,TimeWheelPicker
FNDA:0,(anonymous_1)
FNDA:0,(anonymous_2)
FNDA:0,(anonymous_3)
FNDA:0,(anonymous_4)
FNDA:0,(anonymous_5)
FNDA:0,(anonymous_6)
FNDA:0,(anonymous_7)
FNDA:0,(anonymous_8)
FNDA:0,(anonymous_9)
FNDA:0,(anonymous_10)
FNDA:0,(anonymous_11)
FNDA:0,(anonymous_12)
FNDA:0,(anonymous_13)
FNDA:0,(anonymous_14)
FNDA:0,(anonymous_15)
DA:12,0
DA:13,0
DA:16,0
DA:17,0
DA:18,0
DA:19,0
DA:21,0
DA:22,0
DA:23,0
DA:25,0
DA:26,0
DA:27,0
DA:29,0
DA:30,0
DA:31,0
DA:32,0
DA:33,0
DA:34,0
DA:35,0
DA:37,0
DA:38,0
DA:39,0
DA:41,0
DA:42,0
DA:43,0
DA:44,0
DA:50,0
DA:51,0
DA:52,0
DA:55,0
DA:56,0
DA:57,0
DA:58,0
DA:59,0
DA:60,0
DA:64,0
DA:65,0
DA:66,0
DA:67,0
DA:68,0
DA:69,0
DA:73,0
DA:74,0
DA:75,0
DA:76,0
DA:77,0
DA:78,0
DA:82,0
DA:83,0
DA:84,0
DA:85,0
DA:88,0
DA:89,0
DA:90,0
DA:91,0
DA:94,0
DA:95,0
DA:96,0
DA:97,0
DA:100,0
DA:168,0
DA:175,0
DA:187,0
DA:196,0
DA:206,0
DA:220,0
LF:66
LH:0
BRDA:30,0,0,0
BRDA:30,0,1,0
BRDA:32,1,0,0
BRDA:32,1,1,0
BRDA:44,2,0,0
BRDA:44,2,1,0
BRDA:59,3,0,0
BRDA:59,3,1,0
BRDA:59,4,0,0
BRDA:59,4,1,0
BRDA:68,5,0,0
BRDA:68,5,1,0
BRDA:68,6,0,0
BRDA:68,6,1,0
BRDA:77,7,0,0
BRDA:77,7,1,0
BRDA:77,8,0,0
BRDA:77,8,1,0
BRDA:189,9,0,0
BRDA:189,9,1,0
BRF:20
BRH:0
end_of_record
TN:
SF:components/TracingCanvas.tsx
FN:23,(anonymous_0)
FN:48,(anonymous_1)
FN:58,(anonymous_2)
FN:69,(anonymous_3)
FN:76,(anonymous_4)
FN:81,(anonymous_5)
FN:92,(anonymous_6)
FN:109,(anonymous_7)
FN:117,(anonymous_8)
FN:129,(anonymous_9)
FN:147,(anonymous_10)
FN:152,(anonymous_11)
FN:153,(anonymous_12)
FN:161,(anonymous_13)
FN:179,(anonymous_14)
FN:192,(anonymous_15)
FN:213,(anonymous_16)
FN:253,distanceToPolyline
FN:261,pointToSegmentDistance
FN:279,segmentsCross
FN:285,(anonymous_20)
FNF:21
FNH:0
FNDA:0,(anonymous_0)
FNDA:0,(anonymous_1)
FNDA:0,(anonymous_2)
FNDA:0,(anonymous_3)
FNDA:0,(anonymous_4)
FNDA:0,(anonymous_5)
FNDA:0,(anonymous_6)
FNDA:0,(anonymous_7)
FNDA:0,(anonymous_8)
FNDA:0,(anonymous_9)
FNDA:0,(anonymous_10)
FNDA:0,(anonymous_11)
FNDA:0,(anonymous_12)
FNDA:0,(anonymous_13)
FNDA:0,(anonymous_14)
FNDA:0,(anonymous_15)
FNDA:0,(anonymous_16)
FNDA:0,distanceToPolyline
FNDA:0,pointToSegmentDistance
FNDA:0,segmentsCross
FNDA:0,(anonymous_20)
DA:23,0
DA:34,0
DA:35,0
DA:36,0
DA:37,0
DA:38,0
DA:39,0
DA:40,0
DA:41,0
DA:46,0
DA:48,0
DA:49,0
DA:50,0
DA:51,0
DA:52,0
DA:53,0
DA:54,0
DA:55,0
DA:58,0
DA:59,0
DA:60,0
DA:61,0
DA:62,0
DA:63,0
DA:64,0
DA:65,0
DA:66,0
DA:69,0
DA:70,0
DA:71,0
DA:72,0
DA:73,0
DA:76,0
DA:77,0
DA:78,0
DA:81,0
DA:82,0
DA:83,0
DA:84,0
DA:85,0
DA:92,0
DA:93,0
DA:109,0
DA:110,0
DA:111,0
DA:112,0
DA:113,0
DA:114,0
DA:117,0
DA:118,0
DA:119,0
DA:120,0
DA:121,0
DA:122,0
DA:123,0
DA:125,0
DA:126,0
DA:129,0
DA:130,0
DA:131,0
DA:132,0
DA:134,0
DA:135,0
DA:136,0
DA:137,0
DA:138,0
DA:142,0
DA:145,0
DA:148,0
DA:149,0
DA:150,0
DA:153,0
DA:154,0
DA:155,0
DA:156,0
DA:158,0
DA:162,0
DA:164,0
DA:165,0
DA:170,0
DA:171,0
DA:173,0
DA:174,0
DA:175,0
DA:176,0
DA:177,0
DA:179,0
DA:182,0
DA:183,0
DA:184,0
DA:187,0
DA:189,0
DA:193,0
DA:194,0
DA:195,0
DA:196,0
DA:197,0
DA:214,0
DA:215,0
DA:254,0
DA:255,0
DA:256,0
DA:258,0
DA:266,0
DA:267,0
DA:268,0
DA:269,0
DA:270,0
DA:271,0
DA:272,0
DA:273,0
DA:274,0
DA:275,0
DA:276,0
DA:285,0
DA:286,0
DA:287,0
DA:290,0
LF:118
LH:0
BRDA:24,0,0,0
BRDA:25,1,0,0
BRDA:26,2,0,0
BRDA:27,3,0,0
BRDA:28,4,0,0
BRDA:70,5,0,0
BRDA:70,5,1,0
BRDA:70,6,0,0
BRDA:70,6,1,0
BRDA:77,7,0,0
BRDA:77,7,1,0
BRDA:77,8,0,0
BRDA:77,8,1,0
BRDA:82,9,0,0
BRDA:82,9,1,0
BRDA:82,10,0,0
BRDA:82,10,1,0
BRDA:111,11,0,0
BRDA:111,11,1,0
BRDA:119,12,0,0
BRDA:119,12,1,0
BRDA:119,13,0,0
BRDA:119,13,1,0
BRDA:123,14,0,0
BRDA:123,14,1,0
BRDA:130,15,0,0
BRDA:130,15,1,0
BRDA:130,16,0,0
BRDA:130,16,1,0
BRDA:135,17,0,0
BRDA:135,17,1,0
BRDA:135,18,0,0
BRDA:135,18,1,0
BRDA:155,19,0,0
BRDA:155,19,1,0
BRDA:155,20,0,0
BRDA:155,20,1,0
BRDA:164,21,0,0
BRDA:164,21,1,0
BRDA:187,22,0,0
BRDA:187,22,1,0
BRDA:202,23,0,0
BRDA:202,23,1,0
BRDA:202,23,2,0
BRDA:225,24,0,0
BRDA:225,24,1,0
BRDA:235,25,0,0
BRDA:235,25,1,0
BRDA:235,25,2,0
BRDA:271,26,0,0
BRDA:271,26,1,0
BRDA:273,27,0,0
BRDA:273,27,1,0
BRDA:287,28,0,0
BRDA:287,28,1,0
BRF:55
BRH:0
end_of_record
TN:
SF:components/VisualTimer.tsx
FN:12,VisualTimer
FN:18,(anonymous_1)
FN:21,(anonymous_2)
FN:22,(anonymous_3)
FN:34,(anonymous_4)
FN:42,(anonymous_5)
FN:51,(anonymous_6)
FN:55,(anonymous_7)
FNF:8
FNH:0
FNDA:0,VisualTimer
FNDA:0,(anonymous_1)
FNDA:0,(anonymous_2)
FNDA:0,(anonymous_3)
FNDA:0,(anonymous_4)
FNDA:0,(anonymous_5)
FNDA:0,(anonymous_6)
FNDA:0,(anonymous_7)
DA:13,0
DA:14,0
DA:15,0
DA:16,0
DA:18,0
DA:20,0
DA:21,0
DA:22,0
DA:23,0
DA:24,0
DA:25,0
DA:26,0
DA:27,0
DA:29,0
DA:34,0
DA:35,0
DA:36,0
DA:37,0
DA:42,0
DA:43,0
DA:44,0
DA:51,0
DA:52,0
DA:55,0
DA:56,0
DA:57,0
DA:60,0
DA:61,0
DA:63,0
DA:68,0
DA:110,0
LF:31
LH:0
BRDA:12,0,0,0
BRDA:20,1,0,0
BRDA:20,1,1,0
BRDA:20,2,0,0
BRDA:20,2,1,0
BRDA:24,3,0,0
BRDA:24,3,1,0
BRDA:35,4,0,0
BRDA:35,4,1,0
BRDA:91,5,0,0
BRDA:91,5,1,0
BRF:11
BRH:0
end_of_record
TN:
SF:components/VoiceInputButton.tsx
FN:16,VoiceInputButton
FN:36,(anonymous_1)
FN:40,(anonymous_2)
FN:46,(anonymous_3)
FN:63,(anonymous_4)
FN:71,(anonymous_5)
FNF:6
FNH:0
FNDA:0,VoiceInputButton
FNDA:0,(anonymous_1)
FNDA:0,(anonymous_2)
FNDA:0,(anonymous_3)
FNDA:0,(anonymous_4)
FNDA:0,(anonymous_5)
DA:23,0
DA:24,0
DA:34,0
DA:37,0
DA:38,0
DA:41,0
DA:42,0
DA:46,0
DA:47,0
DA:49,0
DA:51,0
DA:52,0
DA:53,0
DA:56,0
DA:57,0
DA:59,0
DA:63,0
DA:64,0
DA:65,0
DA:66,0
DA:67,0
DA:68,0
DA:71,0
DA:72,0
DA:73,0
DA:74,0
DA:77,0
DA:120,0
LF:28
LH:0
BRDA:19,0,0,0
BRDA:20,1,0,0
BRDA:21,2,0,0
BRDA:47,3,0,0
BRDA:47,3,1,0
BRDA:51,4,0,0
BRDA:51,4,1,0
BRDA:56,5,0,0
BRDA:56,5,1,0
BRDA:64,6,0,0
BRDA:64,6,1,0
BRDA:65,7,0,0
BRDA:65,7,1,0
BRDA:66,8,0,0
BRDA:66,8,1,0
BRDA:67,9,0,0
BRDA:67,9,1,0
BRDA:72,10,0,0
BRDA:72,10,1,0
BRDA:73,11,0,0
BRDA:73,11,1,0
BRDA:94,12,0,0
BRDA:94,12,1,0
BRDA:95,13,0,0
BRDA:95,13,1,0
BRDA:110,14,0,0
BRDA:110,14,1,0
BRDA:125,15,0,0
BRDA:125,15,1,0
BRDA:128,16,0,0
BRDA:128,16,1,0
BRDA:130,17,0,0
BRDA:130,17,1,0
BRDA:136,18,0,0
BRDA:136,18,1,0
BRDA:140,19,0,0
BRDA:140,19,1,0
BRDA:142,20,0,0
BRDA:142,20,1,0
BRDA:144,21,0,0
BRDA:144,21,1,0
BRDA:151,22,0,0
BRDA:151,22,1,0
BRDA:151,22,2,0
BRDA:153,23,0,0
BRDA:153,23,1,0
BRDA:157,24,0,0
BRDA:157,24,1,0
BRF:48
BRH:0
end_of_record
TN:
SF:contexts/AccessibilityContext.tsx
FN:30,(anonymous_0)
FN:34,(anonymous_1)
FN:38,(anonymous_2)
FN:52,(anonymous_3)
FN:62,(anonymous_4)
FN:66,(anonymous_5)
FNF:6
FNH:0
FNDA:0,(anonymous_0)
FNDA:0,(anonymous_1)
FNDA:0,(anonymous_2)
FNDA:0,(anonymous_3)
FNDA:0,(anonymous_4)
FNDA:0,(anonymous_5)
DA:6,0
DA:8,0
DA:30,0
DA:31,0
DA:32,0
DA:34,0
DA:35,0
DA:38,0
DA:39,0
DA:40,0
DA:41,0
DA:42,0
DA:43,0
DA:46,0
DA:48,0
DA:52,0
DA:53,0
DA:54,0
DA:55,0
DA:56,0
DA:58,0
DA:62,0
DA:63,0
DA:66,0
LF:24
LH:0
BRDA:41,0,0,0
BRDA:41,0,1,0
BRF:2
BRH:0
end_of_record
TN:
SF:contexts/CaregiverContext.tsx
FN:24,loadCaregivers
FN:34,saveCaregivers
FN:44,loadNotifications
FN:54,saveNotifications
FN:64,loadInvites
FN:74,saveInvites
FN:84,(anonymous_6)
FN:94,(anonymous_7)
FN:106,(anonymous_8)
FN:118,(anonymous_9)
FN:126,(anonymous_10)
FN:127,(anonymous_11)
FN:128,(anonymous_12)
FN:130,(anonymous_13)
FN:152,(anonymous_14)
FN:153,(anonymous_15)
FN:159,(anonymous_16)
FN:160,(anonymous_17)
FN:164,(anonymous_18)
FN:165,(anonymous_19)
FN:172,(anonymous_20)
FN:173,(anonymous_21)
FN:189,(anonymous_22)
FN:204,(anonymous_23)
FN:205,(anonymous_24)
FN:211,(anonymous_25)
FN:212,(anonymous_26)
FN:216,(anonymous_27)
FN:220,(anonymous_28)
FN:221,(anonymous_29)
FN:224,(anonymous_30)
FN:225,(anonymous_31)
FN:237,(anonymous_32)
FN:242,(anonymous_33)
FN:252,(anonymous_34)
FN:267,(anonymous_35)
FN:269,(anonymous_36)
FN:289,(anonymous_37)
FN:302,(anonymous_38)
FN:303,(anonymous_39)
FN:308,(anonymous_40)
FN:311,(anonymous_41)
FN:332,(anonymous_42)
FN:337,(anonymous_43)
FN:346,(anonymous_44)
FN:354,(anonymous_45)
FN:370,(anonymous_46)
FN:373,(anonymous_47)
FN:378,(anonymous_48)
FNF:49
FNH:0
FNDA:0,loadCaregivers
FNDA:0,saveCaregivers
FNDA:0,loadNotifications
FNDA:0,saveNotifications
FNDA:0,loadInvites
FNDA:0,saveInvites
FNDA:0,(anonymous_6)
FNDA:0,(anonymous_7)
FNDA:0,(anonymous_8)
FNDA:0,(anonymous_9)
FNDA:0,(anonymous_10)
FNDA:0,(anonymous_11)
FNDA:0,(anonymous_12)
FNDA:0,(anonymous_13)
FNDA:0,(anonymous_14)
FNDA:0,(anonymous_15)
FNDA:0,(anonymous_16)
FNDA:0,(anonymous_17)
FNDA:0,(anonymous_18)
FNDA:0,(anonymous_19)
FNDA:0,(anonymous_20)
FNDA:0,(anonymous_21)
FNDA:0,(anonymous_22)
FNDA:0,(anonymous_23)
FNDA:0,(anonymous_24)
FNDA:0,(anonymous_25)
FNDA:0,(anonymous_26)
FNDA:0,(anonymous_27)
FNDA:0,(anonymous_28)
FNDA:0,(anonymous_29)
FNDA:0,(anonymous_30)
FNDA:0,(anonymous_31)
FNDA:0,(anonymous_32)
FNDA:0,(anonymous_33)
FNDA:0,(anonymous_34)
FNDA:0,(anonymous_35)
FNDA:0,(anonymous_36)
FNDA:0,(anonymous_37)
FNDA:0,(anonymous_38)
FNDA:0,(anonymous_39)
FNDA:0,(anonymous_40)
FNDA:0,(anonymous_41)
FNDA:0,(anonymous_42)
FNDA:0,(anonymous_43)
FNDA:0,(anonymous_44)
FNDA:0,(anonymous_45)
FNDA:0,(anonymous_46)
FNDA:0,(anonymous_47)
FNDA:0,(anonymous_48)
DA:20,0
DA:21,0
DA:22,0
DA:25,0
DA:26,0
DA:27,0
DA:29,0
DA:30,0
DA:35,0
DA:36,0
DA:37,0
DA:39,0
DA:40,0
DA:45,0
DA:46,0
DA:47,0
DA:49,0
DA:50,0
DA:55,0
DA:56,0
DA:57,0
DA:59,0
DA:60,0
DA:65,0
DA:66,0
DA:67,0
DA:69,0
DA:70,0
DA:75,0
DA:76,0
DA:77,0
DA:79,0
DA:80,0
DA:84,0
DA:85,0
DA:87,0
DA:92,0
DA:95,0
DA:99,0
DA:104,0
DA:107,0
DA:111,0
DA:116,0
DA:119,0
DA:123,0
DA:124,0
DA:125,0
DA:126,0
DA:127,0
DA:128,0
DA:130,0
DA:136,0
DA:147,0
DA:148,0
DA:149,0
DA:152,0
DA:153,0
DA:154,0
DA:156,0
DA:159,0
DA:160,0
DA:161,0
DA:164,0
DA:165,0
DA:169,0
DA:172,0
DA:173,0
DA:174,0
DA:175,0
DA:178,0
DA:185,0
DA:186,0
DA:187,0
DA:189,0
DA:190,0
DA:191,0
DA:204,0
DA:205,0
DA:206,0
DA:208,0
DA:211,0
DA:212,0
DA:213,0
DA:216,0
DA:217,0
DA:220,0
DA:221,0
DA:224,0
DA:225,0
DA:226,0
DA:228,0
DA:230,0
DA:237,0
DA:239,0
DA:242,0
DA:243,0
DA:244,0
DA:252,0
DA:253,0
DA:256,0
DA:257,0
DA:259,0
DA:260,0
DA:262,0
DA:263,0
DA:267,0
DA:268,0
DA:269,0
DA:271,0
DA:272,0
DA:275,0
DA:276,0
DA:279,0
DA:280,0
DA:283,0
DA:289,0
DA:290,0
DA:292,0
DA:294,0
DA:295,0
DA:297,0
DA:298,0
DA:302,0
DA:303,0
DA:304,0
DA:308,0
DA:309,0
DA:312,0
DA:313,0
DA:315,0
DA:326,0
DA:327,0
DA:332,0
DA:333,0
DA:337,0
DA:346,0
DA:348,0
DA:349,0
DA:350,0
DA:353,0
DA:355,0
DA:370,0
DA:371,0
DA:373,0
DA:378,0
LF:145
LH:0
BRDA:27,0,0,0
BRDA:27,0,1,0
BRDA:47,1,0,0
BRDA:47,1,1,0
BRDA:67,2,0,0
BRDA:67,2,1,0
BRDA:126,3,0,0
BRDA:126,3,1,0
BRDA:127,4,0,0
BRDA:127,4,1,0
BRDA:128,5,0,0
BRDA:128,5,1,0
BRDA:154,6,0,0
BRDA:154,6,1,0
BRDA:173,7,0,0
BRDA:173,7,1,0
BRDA:173,8,0,0
BRDA:173,8,1,0
BRDA:199,9,0,0
BRDA:199,9,1,0
BRDA:199,10,0,0
BRDA:199,10,1,0
BRDA:206,11,0,0
BRDA:206,11,1,0
BRDA:226,12,0,0
BRDA:226,12,1,0
BRDA:253,13,0,0
BRDA:253,13,1,0
BRDA:271,14,0,0
BRDA:271,14,1,0
BRDA:275,15,0,0
BRDA:275,15,1,0
BRDA:279,16,0,0
BRDA:279,16,1,0
BRDA:290,17,0,0
BRDA:290,17,1,0
BRDA:304,18,0,0
BRDA:304,18,1,0
BRDA:312,19,0,0
BRDA:312,19,1,0
BRDA:317,20,0,0
BRDA:317,20,1,0
BRDA:322,21,0,0
BRDA:322,21,1,0
BRDA:322,22,0,0
BRDA:322,22,1,0
BRDA:348,23,0,0
BRDA:348,23,1,0
BRDA:365,24,0,0
BRDA:365,24,1,0
BRDA:365,25,0,0
BRDA:365,25,1,0
BRF:52
BRH:0
end_of_record
TN:
SF:contexts/DementiaContext.tsx
FN:24,loadDementiaSettings
FN:77,loadEmergencyContacts
FN:95,loadMedications
FN:113,loadMemoryJournal
FN:119,(anonymous_4)
FN:137,loadSafeZones
FN:155,loadRoutineAnchors
FN:173,loadRepetitiveQuestions
FN:191,(anonymous_8)
FN:230,(anonymous_9)
FN:234,(anonymous_10)
FN:241,(anonymous_11)
FN:245,(anonymous_12)
FN:252,(anonymous_13)
FN:256,(anonymous_14)
FN:263,(anonymous_15)
FN:267,(anonymous_16)
FN:274,(anonymous_17)
FN:278,(anonymous_18)
FN:285,(anonymous_19)
FN:289,(anonymous_20)
FN:296,(anonymous_21)
FN:300,(anonymous_22)
FN:306,(anonymous_23)
FN:307,(anonymous_24)
FN:308,(anonymous_25)
FN:309,(anonymous_26)
FN:310,(anonymous_27)
FN:311,(anonymous_28)
FN:312,(anonymous_29)
FN:314,(anonymous_30)
FN:319,(anonymous_31)
FN:327,(anonymous_32)
FN:328,(anonymous_33)
FN:332,(anonymous_34)
FN:333,(anonymous_35)
FN:336,(anonymous_36)
FN:345,(anonymous_37)
FN:346,(anonymous_38)
FN:350,(anonymous_39)
FN:351,(anonymous_40)
FN:354,(anonymous_41)
FN:355,(anonymous_42)
FN:361,(anonymous_43)
FN:369,(anonymous_44)
FN:370,(anonymous_45)
FN:374,(anonymous_46)
FN:375,(anonymous_47)
FN:378,(anonymous_48)
FN:386,(anonymous_49)
FN:387,(anonymous_50)
FN:391,(anonymous_51)
FN:392,(anonymous_52)
FN:395,(anonymous_53)
FN:403,(anonymous_54)
FN:404,(anonymous_55)
FN:408,(anonymous_56)
FN:409,(anonymous_57)
FN:412,(anonymous_58)
FN:413,(anonymous_59)
FN:416,(anonymous_60)
FN:434,(anonymous_61)
FN:445,(anonymous_62)
FN:449,(anonymous_63)
FN:450,(anonymous_64)
FN:455,(anonymous_65)
FN:456,(anonymous_66)
FN:460,(anonymous_67)
FN:470,(anonymous_68)
FN:473,(anonymous_69)
FN:474,(anonymous_70)
FN:477,(anonymous_71)
FNF:72
FNH:0
FNDA:0,loadDementiaSettings
FNDA:0,loadEmergencyContacts
FNDA:0,loadMedications
FNDA:0,loadMemoryJournal
FNDA:0,(anonymous_4)
FNDA:0,loadSafeZones
FNDA:0,loadRoutineAnchors
FNDA:0,loadRepetitiveQuestions
FNDA:0,(anonymous_8)
FNDA:0,(anonymous_9)
FNDA:0,(anonymous_10)
FNDA:0,(anonymous_11)
FNDA:0,(anonymous_12)
FNDA:0,(anonymous_13)
FNDA:0,(anonymous_14)
FNDA:0,(anonymous_15)
FNDA:0,(anonymous_16)
FNDA:0,(anonymous_17)
FNDA:0,(anonymous_18)
FNDA:0,(anonymous_19)
FNDA:0,(anonymous_20)
FNDA:0,(anonymous_21)
FNDA:0,(anonymous_22)
FNDA:0,(anonymous_23)
FNDA:0,(anonymous_24)
FNDA:0,(anonymous_25)
FNDA:0,(anonymous_26)
FNDA:0,(anonymous_27)
FNDA:0,(anonymous_28)
FNDA:0,(anonymous_29)
FNDA:0,(anonymous_30)
FNDA:0,(anonymous_31)
FNDA:0,(anonymous_32)
FNDA:0,(anonymous_33)
FNDA:0,(anonymous_34)
FNDA:0,(anonymous_35)
FNDA:0,(anonymous_36)
FNDA:0,(anonymous_37)
FNDA:0,(anonymous_38)
FNDA:0,(anonymous_39)
FNDA:0,(anonymous_40)
FNDA:0,(anonymous_41)
FNDA:0,(anonymous_42)
FNDA:0,(anonymous_43)
FNDA:0,(anonymous_44)
FNDA:0,(anonymous_45)
FNDA:0,(anonymous_46)
FNDA:0,(anonymous_47)
FNDA:0,(anonymous_48)
FNDA:0,(anonymous_49)
FNDA:0,(anonymous_50)
FNDA:0,(anonymous_51)
FNDA:0,(anonymous_52)
FNDA:0,(anonymous_53)
FNDA:0,(anonymous_54)
FNDA:0,(anonymous_55)
FNDA:0,(anonymous_56)
FNDA:0,(anonymous_57)
FNDA:0,(anonymous_58)
FNDA:0,(anonymous_59)
FNDA:0,(anonymous_60)
FNDA:0,(anonymous_61)
FNDA:0,(anonymous_62)
FNDA:0,(anonymous_63)
FNDA:0,(anonymous_64)
FNDA:0,(anonymous_65)
FNDA:0,(anonymous_66)
FNDA:0,(anonymous_67)
FNDA:0,(anonymous_68)
FNDA:0,(anonymous_69)
FNDA:0,(anonymous_70)
FNDA:0,(anonymous_71)
DA:16,0
DA:17,0
DA:18,0
DA:19,0
DA:20,0
DA:21,0
DA:22,0
DA:25,0
DA:26,0
DA:27,0
DA:28,0
DA:29,0
DA:30,0
DA:36,0
DA:37,0
DA:40,0
DA:55,0
DA:56,0
DA:58,0
DA:59,0
DA:78,0
DA:79,0
DA:80,0
DA:81,0
DA:82,0
DA:84,0
DA:85,0
DA:88,0
DA:90,0
DA:91,0
DA:96,0
DA:97,0
DA:98,0
DA:99,0
DA:100,0
DA:102,0
DA:103,0
DA:106,0
DA:108,0
DA:109,0
DA:114,0
DA:115,0
DA:116,0
DA:117,0
DA:118,0
DA:119,0
DA:126,0
DA:127,0
DA:130,0
DA:132,0
DA:133,0
DA:138,0
DA:139,0
DA:140,0
DA:141,0
DA:142,0
DA:144,0
DA:145,0
DA:148,0
DA:150,0
DA:151,0
DA:156,0
DA:157,0
DA:158,0
DA:159,0
DA:160,0
DA:162,0
DA:163,0
DA:166,0
DA:168,0
DA:169,0
DA:174,0
DA:175,0
DA:176,0
DA:177,0
DA:178,0
DA:180,0
DA:181,0
DA:184,0
DA:186,0
DA:187,0
DA:191,0
DA:192,0
DA:194,0
DA:199,0
DA:204,0
DA:209,0
DA:214,0
DA:219,0
DA:224,0
DA:229,0
DA:231,0
DA:232,0
DA:235,0
DA:238,0
DA:240,0
DA:242,0
DA:243,0
DA:246,0
DA:249,0
DA:251,0
DA:253,0
DA:254,0
DA:257,0
DA:260,0
DA:262,0
DA:264,0
DA:265,0
DA:268,0
DA:271,0
DA:273,0
DA:275,0
DA:276,0
DA:279,0
DA:282,0
DA:284,0
DA:286,0
DA:287,0
DA:290,0
DA:293,0
DA:295,0
DA:297,0
DA:298,0
DA:301,0
DA:304,0
DA:306,0
DA:307,0
DA:308,0
DA:309,0
DA:310,0
DA:311,0
DA:312,0
DA:314,0
DA:315,0
DA:316,0
DA:319,0
DA:320,0
DA:324,0
DA:327,0
DA:328,0
DA:329,0
DA:332,0
DA:333,0
DA:336,0
DA:337,0
DA:342,0
DA:345,0
DA:346,0
DA:347,0
DA:350,0
DA:351,0
DA:354,0
DA:355,0
DA:356,0
DA:358,0
DA:361,0
DA:362,0
DA:366,0
DA:369,0
DA:370,0
DA:371,0
DA:374,0
DA:375,0
DA:378,0
DA:379,0
DA:383,0
DA:386,0
DA:387,0
DA:388,0
DA:391,0
DA:392,0
DA:395,0
DA:396,0
DA:400,0
DA:403,0
DA:404,0
DA:405,0
DA:408,0
DA:409,0
DA:412,0
DA:413,0
DA:415,0
DA:416,0
DA:417,0
DA:421,0
DA:423,0
DA:430,0
DA:434,0
DA:435,0
DA:436,0
DA:438,0
DA:445,0
DA:446,0
DA:447,0
DA:449,0
DA:450,0
DA:451,0
DA:452,0
DA:453,0
DA:456,0
DA:457,0
DA:458,0
DA:460,0
DA:461,0
DA:462,0
DA:464,0
DA:465,0
DA:466,0
DA:470,0
DA:471,0
DA:472,0
DA:473,0
DA:474,0
DA:477,0
LF:214
LH:0
BRDA:27,0,0,0
BRDA:27,0,1,0
BRDA:27,1,0,0
BRDA:27,1,1,0
BRDA:27,1,2,0
BRDA:32,2,0,0
BRDA:32,2,1,0
BRDA:33,3,0,0
BRDA:33,3,1,0
BRDA:80,4,0,0
BRDA:80,4,1,0
BRDA:80,5,0,0
BRDA:80,5,1,0
BRDA:80,5,2,0
BRDA:98,6,0,0
BRDA:98,6,1,0
BRDA:98,7,0,0
BRDA:98,7,1,0
BRDA:98,7,2,0
BRDA:116,8,0,0
BRDA:116,8,1,0
BRDA:116,9,0,0
BRDA:116,9,1,0
BRDA:116,9,2,0
BRDA:121,10,0,0
BRDA:121,10,1,0
BRDA:122,11,0,0
BRDA:122,11,1,0
BRDA:123,12,0,0
BRDA:123,12,1,0
BRDA:140,13,0,0
BRDA:140,13,1,0
BRDA:140,14,0,0
BRDA:140,14,1,0
BRDA:140,14,2,0
BRDA:158,15,0,0
BRDA:158,15,1,0
BRDA:158,16,0,0
BRDA:158,16,1,0
BRDA:158,16,2,0
BRDA:176,17,0,0
BRDA:176,17,1,0
BRDA:176,18,0,0
BRDA:176,18,1,0
BRDA:176,18,2,0
BRDA:307,19,0,0
BRDA:307,19,1,0
BRDA:308,20,0,0
BRDA:308,20,1,0
BRDA:309,21,0,0
BRDA:309,21,1,0
BRDA:310,22,0,0
BRDA:310,22,1,0
BRDA:311,23,0,0
BRDA:311,23,1,0
BRDA:312,24,0,0
BRDA:312,24,1,0
BRDA:315,25,0,0
BRDA:315,25,1,0
BRDA:328,26,0,0
BRDA:328,26,1,0
BRDA:346,27,0,0
BRDA:346,27,1,0
BRDA:356,28,0,0
BRDA:356,28,1,0
BRDA:370,29,0,0
BRDA:370,29,1,0
BRDA:387,30,0,0
BRDA:387,30,1,0
BRDA:404,31,0,0
BRDA:404,31,1,0
BRDA:415,32,0,0
BRDA:415,32,1,0
BRDA:417,33,0,0
BRDA:417,33,1,0
BRDA:453,34,0,0
BRDA:453,34,1,0
BRDA:464,35,0,0
BRDA:464,35,1,0
BRDA:465,36,0,0
BRDA:465,36,1,0
BRDA:473,37,0,0
BRDA:473,37,1,0
BRF:83
BRH:0
end_of_record
TN:
SF:contexts/FunnelContext.tsx
FN:16,generateSessionId
FN:20,calculateUserStage
FN:33,(anonymous_2)
FN:55,(anonymous_3)
FN:67,(anonymous_4)
FN:75,(anonymous_5)
FN:81,(anonymous_6)
FN:86,(anonymous_7)
FN:90,(anonymous_8)
FN:100,(anonymous_9)
FN:102,(anonymous_10)
FN:126,(anonymous_11)
FN:127,(anonymous_12)
FN:133,(anonymous_13)
FN:134,(anonymous_14)
FN:141,(anonymous_15)
FN:149,(anonymous_16)
FN:158,(anonymous_17)
FN:169,(anonymous_18)
FN:182,(anonymous_19)
FN:194,(anonymous_20)
FNF:21
FNH:0
FNDA:0,generateSessionId
FNDA:0,calculateUserStage
FNDA:0,(anonymous_2)
FNDA:0,(anonymous_3)
FNDA:0,(anonymous_4)
FNDA:0,(anonymous_5)
FNDA:0,(anonymous_6)
FNDA:0,(anonymous_7)
FNDA:0,(anonymous_8)
FNDA:0,(anonymous_9)
FNDA:0,(anonymous_10)
FNDA:0,(anonymous_11)
FNDA:0,(anonymous_12)
FNDA:0,(anonymous_13)
FNDA:0,(anonymous_14)
FNDA:0,(anonymous_15)
FNDA:0,(anonymous_16)
FNDA:0,(anonymous_17)
FNDA:0,(anonymous_18)
FNDA:0,(anonymous_19)
FNDA:0,(anonymous_20)
DA:13,0
DA:14,0
DA:17,0
DA:21,0
DA:23,0
DA:24,0
DA:26,0
DA:27,0
DA:28,0
DA:30,0
DA:33,0
DA:34,0
DA:51,0
DA:52,0
DA:53,0
DA:55,0
DA:56,0
DA:57,0
DA:58,0
DA:59,0
DA:60,0
DA:63,0
DA:67,0
DA:68,0
DA:69,0
DA:71,0
DA:75,0
DA:76,0
DA:77,0
DA:78,0
DA:81,0
DA:82,0
DA:83,0
DA:86,0
DA:87,0
DA:90,0
DA:91,0
DA:93,0
DA:100,0
DA:102,0
DA:103,0
DA:111,0
DA:112,0
DA:113,0
DA:114,0
DA:115,0
DA:116,0
DA:118,0
DA:120,0
DA:122,0
DA:126,0
DA:127,0
DA:133,0
DA:134,0
DA:138,0
DA:141,0
DA:142,0
DA:143,0
DA:144,0
DA:146,0
DA:149,0
DA:150,0
DA:151,0
DA:153,0
DA:155,0
DA:156,0
DA:158,0
DA:164,0
DA:165,0
DA:169,0
DA:170,0
DA:172,0
DA:173,0
DA:174,0
DA:175,0
DA:176,0
DA:177,0
DA:179,0
DA:182,0
DA:183,0
DA:185,0
DA:187,0
DA:188,0
DA:189,0
DA:191,0
DA:194,0
LF:86
LH:0
BRDA:23,0,0,0
BRDA:23,0,1,0
BRDA:24,1,0,0
BRDA:24,1,1,0
BRDA:26,2,0,0
BRDA:26,2,1,0
BRDA:26,3,0,0
BRDA:26,3,1,0
BRDA:27,4,0,0
BRDA:27,4,1,0
BRDA:27,5,0,0
BRDA:27,5,1,0
BRDA:28,6,0,0
BRDA:28,6,1,0
BRDA:28,7,0,0
BRDA:28,7,1,0
BRDA:58,8,0,0
BRDA:58,8,1,0
BRDA:105,9,0,0
BRDA:105,9,1,0
BRDA:111,10,0,0
BRDA:111,10,1,0
BRDA:112,11,0,0
BRDA:112,11,1,0
BRDA:113,12,0,0
BRDA:113,12,1,0
BRDA:114,13,0,0
BRDA:114,13,1,0
BRDA:118,14,0,0
BRDA:118,14,1,0
BRDA:142,15,0,0
BRDA:142,15,1,0
BRDA:143,16,0,0
BRDA:143,16,1,0
BRDA:143,17,0,0
BRDA:143,17,1,0
BRDA:153,18,0,0
BRDA:153,18,1,0
BRDA:160,19,0,0
BRDA:160,19,1,0
BRDA:164,20,0,0
BRDA:164,20,1,0
BRDA:164,21,0,0
BRDA:164,21,1,0
BRDA:172,22,0,0
BRDA:172,22,1,0
BRDA:173,23,0,0
BRDA:173,23,1,0
BRDA:174,24,0,0
BRDA:174,24,1,0
BRDA:175,25,0,0
BRDA:175,25,1,0
BRDA:176,26,0,0
BRDA:176,26,1,0
BRDA:177,27,0,0
BRDA:177,27,1,0
BRDA:177,28,0,0
BRDA:177,28,1,0
BRDA:183,29,0,0
BRDA:183,29,1,0
BRDA:187,30,0,0
BRDA:187,30,1,0
BRDA:187,31,0,0
BRDA:187,31,1,0
BRDA:188,32,0,0
BRDA:188,32,1,0
BRDA:188,33,0,0
BRDA:188,33,1,0
BRDA:189,34,0,0
BRDA:189,34,1,0
BRDA:189,35,0,0
BRDA:189,35,1,0
BRF:72
BRH:0
end_of_record
TN:
SF:contexts/LocationContext.tsx
FN:26,(anonymous_0)
FN:42,(anonymous_1)
FN:47,(anonymous_2)
FN:58,(anonymous_3)
FN:69,(anonymous_4)
FN:79,(anonymous_5)
FN:100,(anonymous_6)
FN:102,(anonymous_7)
FN:104,(anonymous_8)
FN:115,(anonymous_9)
FN:127,(anonymous_10)
FN:128,(anonymous_11)
FN:134,(anonymous_12)
FN:150,(anonymous_13)
FN:155,(anonymous_14)
FN:174,(anonymous_15)
FN:175,(anonymous_16)
FN:185,(anonymous_17)
FN:186,(anonymous_18)
FN:198,(anonymous_19)
FN:213,(anonymous_20)
FN:215,(anonymous_21)
FN:216,(anonymous_22)
FN:221,(anonymous_23)
FN:224,(anonymous_24)
FN:248,(anonymous_25)
FN:257,(anonymous_26)
FN:261,(anonymous_27)
FN:271,(anonymous_28)
FNF:29
FNH:0
FNDA:0,(anonymous_0)
FNDA:0,(anonymous_1)
FNDA:0,(anonymous_2)
FNDA:0,(anonymous_3)
FNDA:0,(anonymous_4)
FNDA:0,(anonymous_5)
FNDA:0,(anonymous_6)
FNDA:0,(anonymous_7)
FNDA:0,(anonymous_8)
FNDA:0,(anonymous_9)
FNDA:0,(anonymous_10)
FNDA:0,(anonymous_11)
FNDA:0,(anonymous_12)
FNDA:0,(anonymous_13)
FNDA:0,(anonymous_14)
FNDA:0,(anonymous_15)
FNDA:0,(anonymous_16)
FNDA:0,(anonymous_17)
FNDA:0,(anonymous_18)
FNDA:0,(anonymous_19)
FNDA:0,(anonymous_20)
FNDA:0,(anonymous_21)
FNDA:0,(anonymous_22)
FNDA:0,(anonymous_23)
FNDA:0,(anonymous_24)
FNDA:0,(anonymous_25)
FNDA:0,(anonymous_26)
FNDA:0,(anonymous_27)
FNDA:0,(anonymous_28)
DA:15,0
DA:16,0
DA:18,0
DA:26,0
DA:27,0
DA:28,0
DA:29,0
DA:30,0
DA:31,0
DA:32,0
DA:33,0
DA:39,0
DA:40,0
DA:42,0
DA:43,0
DA:44,0
DA:47,0
DA:48,0
DA:49,0
DA:50,0
DA:51,0
DA:54,0
DA:58,0
DA:59,0
DA:60,0
DA:61,0
DA:62,0
DA:65,0
DA:69,0
DA:70,0
DA:71,0
DA:72,0
DA:73,0
DA:75,0
DA:79,0
DA:80,0
DA:81,0
DA:82,0
DA:83,0
DA:84,0
DA:90,0
DA:92,0
DA:93,0
DA:97,0
DA:100,0
DA:101,0
DA:102,0
DA:103,0
DA:105,0
DA:111,0
DA:112,0
DA:113,0
DA:116,0
DA:117,0
DA:124,0
DA:127,0
DA:128,0
DA:129,0
DA:130,0
DA:134,0
DA:135,0
DA:136,0
DA:137,0
DA:138,0
DA:141,0
DA:142,0
DA:144,0
DA:145,0
DA:146,0
DA:150,0
DA:151,0
DA:152,0
DA:155,0
DA:156,0
DA:162,0
DA:163,0
DA:165,0
DA:166,0
DA:168,0
DA:171,0
DA:174,0
DA:175,0
DA:176,0
DA:178,0
DA:179,0
DA:181,0
DA:185,0
DA:186,0
DA:187,0
DA:189,0
DA:191,0
DA:192,0
DA:194,0
DA:198,0
DA:199,0
DA:200,0
DA:201,0
DA:202,0
DA:203,0
DA:206,0
DA:208,0
DA:210,0
DA:213,0
DA:214,0
DA:215,0
DA:216,0
DA:218,0
DA:221,0
DA:222,0
DA:224,0
DA:225,0
DA:227,0
DA:234,0
DA:235,0
DA:237,0
DA:238,0
DA:248,0
DA:250,0
DA:251,0
DA:257,0
DA:258,0
DA:261,0
DA:262,0
DA:264,0
DA:271,0
LF:125
LH:0
BRDA:50,0,0,0
BRDA:50,0,1,0
BRDA:61,1,0,0
BRDA:61,1,1,0
BRDA:80,2,0,0
BRDA:80,2,1,0
BRDA:101,3,0,0
BRDA:101,3,1,0
BRDA:136,4,0,0
BRDA:136,4,1,0
BRDA:145,5,0,0
BRDA:145,5,1,0
BRDA:187,6,0,0
BRDA:187,6,1,0
BRDA:222,7,0,0
BRDA:222,7,1,0
BRDA:225,8,0,0
BRDA:225,8,1,0
BRDA:237,9,0,0
BRDA:237,9,1,0
BRDA:240,10,0,0
BRDA:240,10,1,0
BRDA:243,11,0,0
BRDA:243,11,1,0
BRDA:250,12,0,0
BRDA:250,12,1,0
BRDA:250,13,0,0
BRDA:250,13,1,0
BRDA:262,14,0,0
BRDA:262,14,1,0
BRDA:262,15,0,0
BRDA:262,15,1,0
BRF:32
BRH:0
end_of_record
TN:
SF:contexts/NotificationContext.tsx
FN:32,(anonymous_0)
FN:45,loadNotifications
FN:50,(anonymous_2)
FN:59,saveNotifications
FN:65,(anonymous_4)
FN:78,loadPreferences
FN:88,savePreferences
FN:98,registerForPushNotificationsAsync
FN:144,(anonymous_8)
FN:161,(anonymous_9)
FN:168,(anonymous_10)
FN:176,(anonymous_11)
FN:177,(anonymous_12)
FN:179,(anonymous_13)
FN:186,(anonymous_14)
FN:190,(anonymous_15)
FN:197,(anonymous_16)
FN:217,(anonymous_17)
FN:238,(anonymous_18)
FN:265,(anonymous_19)
FN:307,(anonymous_20)
FN:308,(anonymous_21)
FN:314,(anonymous_22)
FN:315,(anonymous_23)
FN:319,(anonymous_24)
FN:320,(anonymous_25)
FN:326,(anonymous_26)
FN:327,(anonymous_27)
FN:331,(anonymous_28)
FN:335,(anonymous_29)
FN:336,(anonymous_30)
FN:340,(anonymous_31)
FN:345,(anonymous_32)
FN:354,(anonymous_33)
FN:355,(anonymous_34)
FN:359,(anonymous_35)
FN:360,(anonymous_36)
FN:364,(anonymous_37)
FN:368,(anonymous_38)
FN:381,(anonymous_39)
FN:382,(anonymous_40)
FN:385,(anonymous_41)
FN:386,(anonymous_42)
FN:389,(anonymous_43)
FNF:44
FNH:0
FNDA:0,(anonymous_0)
FNDA:0,loadNotifications
FNDA:0,(anonymous_2)
FNDA:0,saveNotifications
FNDA:0,(anonymous_4)
FNDA:0,loadPreferences
FNDA:0,savePreferences
FNDA:0,registerForPushNotificationsAsync
FNDA:0,(anonymous_8)
FNDA:0,(anonymous_9)
FNDA:0,(anonymous_10)
FNDA:0,(anonymous_11)
FNDA:0,(anonymous_12)
FNDA:0,(anonymous_13)
FNDA:0,(anonymous_14)
FNDA:0,(anonymous_15)
FNDA:0,(anonymous_16)
FNDA:0,(anonymous_17)
FNDA:0,(anonymous_18)
FNDA:0,(anonymous_19)
FNDA:0,(anonymous_20)
FNDA:0,(anonymous_21)
FNDA:0,(anonymous_22)
FNDA:0,(anonymous_23)
FNDA:0,(anonymous_24)
FNDA:0,(anonymous_25)
FNDA:0,(anonymous_26)
FNDA:0,(anonymous_27)
FNDA:0,(anonymous_28)
FNDA:0,(anonymous_29)
FNDA:0,(anonymous_30)
FNDA:0,(anonymous_31)
FNDA:0,(anonymous_32)
FNDA:0,(anonymous_33)
FNDA:0,(anonymous_34)
FNDA:0,(anonymous_35)
FNDA:0,(anonymous_36)
FNDA:0,(anonymous_37)
FNDA:0,(anonymous_38)
FNDA:0,(anonymous_39)
FNDA:0,(anonymous_40)
FNDA:0,(anonymous_41)
FNDA:0,(anonymous_42)
FNDA:0,(anonymous_43)
DA:11,0
DA:12,0
DA:13,0
DA:15,0
DA:29,0
DA:30,0
DA:31,0
DA:32,0
DA:41,0
DA:46,0
DA:47,0
DA:48,0
DA:49,0
DA:50,0
DA:51,0
DA:54,0
DA:55,0
DA:60,0
DA:61,0
DA:62,0
DA:63,0
DA:64,0
DA:65,0
DA:68,0
DA:71,0
DA:73,0
DA:74,0
DA:79,0
DA:80,0
DA:81,0
DA:83,0
DA:84,0
DA:89,0
DA:90,0
DA:91,0
DA:93,0
DA:94,0
DA:99,0
DA:100,0
DA:101,0
DA:104,0
DA:105,0
DA:106,0
DA:109,0
DA:110,0
DA:111,0
DA:113,0
DA:114,0
DA:115,0
DA:118,0
DA:119,0
DA:120,0
DA:123,0
DA:124,0
DA:125,0
DA:132,0
DA:136,0
DA:137,0
DA:139,0
DA:140,0
DA:144,0
DA:145,0
DA:146,0
DA:147,0
DA:149,0
DA:154,0
DA:159,0
DA:162,0
DA:166,0
DA:169,0
DA:173,0
DA:174,0
DA:176,0
DA:177,0
DA:179,0
DA:180,0
DA:182,0
DA:183,0
DA:185,0
DA:186,0
DA:187,0
DA:190,0
DA:191,0
DA:194,0
DA:197,0
DA:199,0
DA:200,0
DA:201,0
DA:203,0
DA:206,0
DA:207,0
DA:208,0
DA:210,0
DA:217,0
DA:218,0
DA:219,0
DA:222,0
DA:223,0
DA:225,0
DA:226,0
DA:228,0
DA:229,0
DA:231,0
DA:232,0
DA:234,0
DA:238,0
DA:239,0
DA:240,0
DA:242,0
DA:246,0
DA:249,0
DA:252,0
DA:255,0
DA:257,0
DA:259,0
DA:261,0
DA:265,0
DA:268,0
DA:269,0
DA:270,0
DA:273,0
DA:283,0
DA:284,0
DA:285,0
DA:287,0
DA:288,0
DA:289,0
DA:300,0
DA:304,0
DA:307,0
DA:308,0
DA:309,0
DA:311,0
DA:314,0
DA:315,0
DA:316,0
DA:319,0
DA:320,0
DA:321,0
DA:323,0
DA:326,0
DA:327,0
DA:328,0
DA:331,0
DA:332,0
DA:335,0
DA:336,0
DA:337,0
DA:340,0
DA:341,0
DA:342,0
DA:345,0
DA:346,0
DA:347,0
DA:348,0
DA:349,0
DA:351,0
DA:354,0
DA:355,0
DA:359,0
DA:360,0
DA:364,0
DA:365,0
DA:366,0
DA:368,0
DA:369,0
DA:370,0
DA:373,0
DA:381,0
DA:382,0
DA:385,0
DA:386,0
DA:389,0
LF:173
LH:0
BRDA:29,0,0,0
BRDA:29,0,1,0
BRDA:29,1,0,0
BRDA:29,1,1,0
BRDA:48,2,0,0
BRDA:48,2,1,0
BRDA:51,3,0,0
BRDA:51,3,1,0
BRDA:62,4,0,0
BRDA:62,4,1,0
BRDA:62,5,0,0
BRDA:62,5,1,0
BRDA:65,6,0,0
BRDA:65,6,1,0
BRDA:81,7,0,0
BRDA:81,7,1,0
BRDA:99,8,0,0
BRDA:99,8,1,0
BRDA:104,9,0,0
BRDA:104,9,1,0
BRDA:113,10,0,0
BRDA:113,10,1,0
BRDA:118,11,0,0
BRDA:118,11,1,0
BRDA:123,12,0,0
BRDA:123,12,1,0
BRDA:123,13,0,0
BRDA:123,13,1,0
BRDA:176,14,0,0
BRDA:176,14,1,0
BRDA:177,15,0,0
BRDA:177,15,1,0
BRDA:180,16,0,0
BRDA:180,16,1,0
BRDA:182,17,0,0
BRDA:182,17,1,0
BRDA:182,18,0,0
BRDA:182,18,1,0
BRDA:199,19,0,0
BRDA:199,19,1,0
BRDA:199,20,0,0
BRDA:199,20,1,0
BRDA:206,21,0,0
BRDA:206,21,1,0
BRDA:206,22,0,0
BRDA:206,22,1,0
BRDA:218,23,0,0
BRDA:218,23,1,0
BRDA:218,24,0,0
BRDA:218,24,1,0
BRDA:218,24,2,0
BRDA:231,25,0,0
BRDA:231,25,1,0
BRDA:232,26,0,0
BRDA:232,26,1,0
BRDA:234,27,0,0
BRDA:234,27,1,0
BRDA:239,28,0,0
BRDA:239,28,1,0
BRDA:240,29,0,0
BRDA:240,29,1,0
BRDA:242,30,0,0
BRDA:242,30,1,0
BRDA:242,30,2,0
BRDA:242,30,3,0
BRDA:242,30,4,0
BRDA:242,30,5,0
BRDA:242,30,6,0
BRDA:242,30,7,0
BRDA:242,30,8,0
BRDA:242,30,9,0
BRDA:242,30,10,0
BRDA:242,30,11,0
BRDA:268,31,0,0
BRDA:268,31,1,0
BRDA:279,32,0,0
BRDA:279,32,1,0
BRDA:280,33,0,0
BRDA:280,33,1,0
BRDA:287,34,0,0
BRDA:287,34,1,0
BRDA:287,35,0,0
BRDA:287,35,1,0
BRDA:287,35,2,0
BRDA:295,36,0,0
BRDA:295,36,1,0
BRDA:309,37,0,0
BRDA:309,37,1,0
BRDA:321,38,0,0
BRDA:321,38,1,0
BRDA:347,39,0,0
BRDA:347,39,1,0
BRDA:369,40,0,0
BRDA:369,40,1,0
BRDA:370,41,0,0
BRDA:370,41,1,0
BRDA:394,42,0,0
BRDA:394,42,1,0
BRF:98
BRH:0
end_of_record
TN:
SF:contexts/PatientContext.tsx
FN:12,loadPatients
FN:22,savePatients
FN:32,loadPatientTasks
FN:42,savePatientTasks
FN:52,loadSelectedPatient
FN:61,saveSelectedPatient
FN:86,(anonymous_6)
FN:108,(anonymous_7)
FN:115,(anonymous_8)
FN:122,(anonymous_9)
FN:131,(anonymous_10)
FN:132,(anonymous_11)
FN:133,(anonymous_12)
FN:135,(anonymous_13)
FN:136,(anonymous_14)
FN:139,(anonymous_15)
FN:160,(anonymous_16)
FN:161,(anonymous_17)
FN:167,(anonymous_18)
FN:168,(anonymous_19)
FN:171,(anonymous_20)
FN:179,(anonymous_21)
FN:183,(anonymous_22)
FN:198,(anonymous_23)
FN:210,(anonymous_24)
FN:211,(anonymous_25)
FN:215,(anonymous_26)
FN:219,(anonymous_27)
FN:227,(anonymous_28)
FN:228,(anonymous_29)
FN:231,(anonymous_30)
FN:232,(anonymous_31)
FN:234,(anonymous_32)
FN:237,(anonymous_33)
FNF:34
FNH:0
FNDA:0,loadPatients
FNDA:0,savePatients
FNDA:0,loadPatientTasks
FNDA:0,savePatientTasks
FNDA:0,loadSelectedPatient
FNDA:0,saveSelectedPatient
FNDA:0,(anonymous_6)
FNDA:0,(anonymous_7)
FNDA:0,(anonymous_8)
FNDA:0,(anonymous_9)
FNDA:0,(anonymous_10)
FNDA:0,(anonymous_11)
FNDA:0,(anonymous_12)
FNDA:0,(anonymous_13)
FNDA:0,(anonymous_14)
FNDA:0,(anonymous_15)
FNDA:0,(anonymous_16)
FNDA:0,(anonymous_17)
FNDA:0,(anonymous_18)
FNDA:0,(anonymous_19)
FNDA:0,(anonymous_20)
FNDA:0,(anonymous_21)
FNDA:0,(anonymous_22)
FNDA:0,(anonymous_23)
FNDA:0,(anonymous_24)
FNDA:0,(anonymous_25)
FNDA:0,(anonymous_26)
FNDA:0,(anonymous_27)
FNDA:0,(anonymous_28)
FNDA:0,(anonymous_29)
FNDA:0,(anonymous_30)
FNDA:0,(anonymous_31)
FNDA:0,(anonymous_32)
FNDA:0,(anonymous_33)
DA:8,0
DA:9,0
DA:10,0
DA:13,0
DA:14,0
DA:15,0
DA:17,0
DA:18,0
DA:23,0
DA:24,0
DA:25,0
DA:27,0
DA:28,0
DA:33,0
DA:34,0
DA:35,0
DA:37,0
DA:38,0
DA:43,0
DA:44,0
DA:45,0
DA:47,0
DA:48,0
DA:53,0
DA:54,0
DA:56,0
DA:57,0
DA:62,0
DA:63,0
DA:64,0
DA:66,0
DA:68,0
DA:70,0
DA:71,0
DA:75,0
DA:86,0
DA:87,0
DA:88,0
DA:89,0
DA:91,0
DA:96,0
DA:101,0
DA:106,0
DA:109,0
DA:113,0
DA:116,0
DA:120,0
DA:123,0
DA:127,0
DA:128,0
DA:129,0
DA:131,0
DA:132,0
DA:133,0
DA:135,0
DA:136,0
DA:139,0
DA:144,0
DA:145,0
DA:154,0
DA:155,0
DA:156,0
DA:157,0
DA:160,0
DA:161,0
DA:162,0
DA:164,0
DA:167,0
DA:168,0
DA:169,0
DA:171,0
DA:172,0
DA:174,0
DA:175,0
DA:179,0
DA:180,0
DA:183,0
DA:188,0
DA:195,0
DA:196,0
DA:198,0
DA:199,0
DA:200,0
DA:210,0
DA:211,0
DA:212,0
DA:215,0
DA:219,0
DA:220,0
DA:224,0
DA:227,0
DA:228,0
DA:231,0
DA:232,0
DA:233,0
DA:234,0
DA:237,0
LF:97
LH:0
BRDA:15,0,0,0
BRDA:15,0,1,0
BRDA:35,1,0,0
BRDA:35,1,1,0
BRDA:63,2,0,0
BRDA:63,2,1,0
BRDA:131,3,0,0
BRDA:131,3,1,0
BRDA:132,4,0,0
BRDA:132,4,1,0
BRDA:133,5,0,0
BRDA:133,5,1,0
BRDA:136,6,0,0
BRDA:136,6,1,0
BRDA:162,7,0,0
BRDA:162,7,1,0
BRDA:174,8,0,0
BRDA:174,8,1,0
BRDA:199,9,0,0
BRDA:199,9,1,0
BRDA:199,10,0,0
BRDA:199,10,1,0
BRDA:220,11,0,0
BRDA:220,11,1,0
BRDA:233,12,0,0
BRDA:233,12,1,0
BRDA:234,13,0,0
BRDA:234,13,1,0
BRDA:243,14,0,0
BRDA:243,14,1,0
BRF:30
BRH:0
end_of_record
TN:
SF:contexts/PhotoMemoryContext.tsx
FN:8,(anonymous_0)
FN:12,(anonymous_1)
FN:25,(anonymous_2)
FN:29,(anonymous_3)
FN:35,(anonymous_4)
FN:42,(anonymous_5)
FN:43,(anonymous_6)
FN:44,(anonymous_7)
FN:52,(anonymous_8)
FN:53,(anonymous_9)
FN:54,(anonymous_10)
FN:60,(anonymous_11)
FNF:12
FNH:0
FNDA:0,(anonymous_0)
FNDA:0,(anonymous_1)
FNDA:0,(anonymous_2)
FNDA:0,(anonymous_3)
FNDA:0,(anonymous_4)
FNDA:0,(anonymous_5)
FNDA:0,(anonymous_6)
FNDA:0,(anonymous_7)
FNDA:0,(anonymous_8)
FNDA:0,(anonymous_9)
FNDA:0,(anonymous_10)
FNDA:0,(anonymous_11)
DA:6,0
DA:8,0
DA:9,0
DA:10,0
DA:12,0
DA:13,0
DA:14,0
DA:15,0
DA:16,0
DA:19,0
DA:21,0
DA:25,0
DA:26,0
DA:29,0
DA:30,0
DA:35,0
DA:36,0
DA:37,0
DA:38,0
DA:42,0
DA:43,0
DA:44,0
DA:45,0
DA:47,0
DA:48,0
DA:52,0
DA:53,0
DA:54,0
DA:55,0
DA:56,0
DA:60,0
LF:31
LH:0
BRDA:15,0,0,0
BRDA:15,0,1,0
BRDA:45,1,0,0
BRDA:45,1,1,0
BRF:4
BRH:0
end_of_record
TN:
SF:contexts/RecommendationContext.tsx
FN:11,loadRecommendations
FN:24,saveRecommendations
FN:34,loadDismissed
FN:47,saveDismissed
FN:57,(anonymous_4)
FN:74,(anonymous_5)
FN:81,(anonymous_6)
FN:89,(anonymous_7)
FN:90,(anonymous_8)
FN:92,(anonymous_9)
FN:93,(anonymous_10)
FN:102,(anonymous_11)
FN:111,(anonymous_12)
FN:112,(anonymous_13)
FN:115,(anonymous_14)
FN:122,(anonymous_15)
FN:123,(anonymous_16)
FN:131,(anonymous_17)
FN:132,(anonymous_18)
FN:139,(anonymous_19)
FNF:20
FNH:0
FNDA:0,loadRecommendations
FNDA:0,saveRecommendations
FNDA:0,loadDismissed
FNDA:0,saveDismissed
FNDA:0,(anonymous_4)
FNDA:0,(anonymous_5)
FNDA:0,(anonymous_6)
FNDA:0,(anonymous_7)
FNDA:0,(anonymous_8)
FNDA:0,(anonymous_9)
FNDA:0,(anonymous_10)
FNDA:0,(anonymous_11)
FNDA:0,(anonymous_12)
FNDA:0,(anonymous_13)
FNDA:0,(anonymous_14)
FNDA:0,(anonymous_15)
FNDA:0,(anonymous_16)
FNDA:0,(anonymous_17)
FNDA:0,(anonymous_18)
FNDA:0,(anonymous_19)
DA:8,0
DA:9,0
DA:12,0
DA:13,0
DA:14,0
DA:15,0
DA:17,0
DA:19,0
DA:20,0
DA:25,0
DA:26,0
DA:27,0
DA:29,0
DA:30,0
DA:35,0
DA:36,0
DA:37,0
DA:38,0
DA:40,0
DA:42,0
DA:43,0
DA:48,0
DA:49,0
DA:50,0
DA:52,0
DA:53,0
DA:57,0
DA:58,0
DA:60,0
DA:66,0
DA:72,0
DA:75,0
DA:79,0
DA:82,0
DA:86,0
DA:87,0
DA:89,0
DA:90,0
DA:92,0
DA:93,0
DA:94,0
DA:102,0
DA:103,0
DA:105,0
DA:106,0
DA:111,0
DA:112,0
DA:114,0
DA:115,0
DA:118,0
DA:119,0
DA:122,0
DA:123,0
DA:124,0
DA:126,0
DA:127,0
DA:128,0
DA:131,0
DA:132,0
DA:133,0
DA:135,0
DA:136,0
DA:139,0
DA:140,0
DA:141,0
DA:146,0
LF:66
LH:0
BRDA:14,0,0,0
BRDA:14,0,1,0
BRDA:37,1,0,0
BRDA:37,1,1,0
BRDA:89,2,0,0
BRDA:89,2,1,0
BRDA:90,3,0,0
BRDA:90,3,1,0
BRDA:94,4,0,0
BRDA:94,4,1,0
BRDA:94,4,2,0
BRDA:94,4,3,0
BRDA:94,4,4,0
BRDA:103,5,0,0
BRDA:103,5,1,0
BRDA:115,6,0,0
BRDA:115,6,1,0
BRDA:124,7,0,0
BRDA:124,7,1,0
BRDA:133,8,0,0
BRDA:133,8,1,0
BRF:21
BRH:0
end_of_record
TN:
SF:contexts/RetentionContext.tsx
FN:10,loadStreak
FN:31,saveStreak
FN:41,loadAchievements
FN:47,(anonymous_3)
FN:50,(anonymous_4)
FN:54,saveAchievements
FN:64,(anonymous_6)
FN:79,(anonymous_7)
FN:86,(anonymous_8)
FN:94,(anonymous_9)
FN:100,(anonymous_10)
FN:101,(anonymous_11)
FN:105,(anonymous_12)
FN:130,(anonymous_13)
FN:151,(anonymous_14)
FN:152,(anonymous_15)
FN:172,(anonymous_16)
FN:173,(anonymous_17)
FN:177,(anonymous_18)
FN:178,(anonymous_19)
FN:182,(anonymous_20)
FNF:21
FNH:0
FNDA:0,loadStreak
FNDA:0,saveStreak
FNDA:0,loadAchievements
FNDA:0,(anonymous_3)
FNDA:0,(anonymous_4)
FNDA:0,saveAchievements
FNDA:0,(anonymous_6)
FNDA:0,(anonymous_7)
FNDA:0,(anonymous_8)
FNDA:0,(anonymous_9)
FNDA:0,(anonymous_10)
FNDA:0,(anonymous_11)
FNDA:0,(anonymous_12)
FNDA:0,(anonymous_13)
FNDA:0,(anonymous_14)
FNDA:0,(anonymous_15)
FNDA:0,(anonymous_16)
FNDA:0,(anonymous_17)
FNDA:0,(anonymous_18)
FNDA:0,(anonymous_19)
FNDA:0,(anonymous_20)
DA:7,0
DA:8,0
DA:11,0
DA:12,0
DA:13,0
DA:14,0
DA:16,0
DA:22,0
DA:23,0
DA:32,0
DA:33,0
DA:34,0
DA:36,0
DA:37,0
DA:42,0
DA:43,0
DA:44,0
DA:45,0
DA:47,0
DA:49,0
DA:50,0
DA:55,0
DA:56,0
DA:57,0
DA:59,0
DA:60,0
DA:64,0
DA:65,0
DA:67,0
DA:72,0
DA:77,0
DA:80,0
DA:84,0
DA:87,0
DA:91,0
DA:92,0
DA:94,0
DA:100,0
DA:101,0
DA:105,0
DA:106,0
DA:107,0
DA:109,0
DA:110,0
DA:113,0
DA:114,0
DA:115,0
DA:117,0
DA:118,0
DA:119,0
DA:122,0
DA:128,0
DA:130,0
DA:131,0
DA:132,0
DA:133,0
DA:134,0
DA:140,0
DA:145,0
DA:148,0
DA:151,0
DA:152,0
DA:153,0
DA:154,0
DA:155,0
DA:161,0
DA:166,0
DA:169,0
DA:172,0
DA:173,0
DA:177,0
DA:178,0
DA:182,0
LF:73
LH:0
BRDA:13,0,0,0
BRDA:13,0,1,0
BRDA:44,1,0,0
BRDA:44,1,1,0
BRDA:94,2,0,0
BRDA:94,2,1,0
BRDA:100,3,0,0
BRDA:100,3,1,0
BRDA:107,4,0,0
BRDA:107,4,1,0
BRDA:109,5,0,0
BRDA:109,5,1,0
BRDA:118,6,0,0
BRDA:118,6,1,0
BRDA:131,7,0,0
BRDA:131,7,1,0
BRDA:133,8,0,0
BRDA:133,8,1,0
BRDA:133,9,0,0
BRDA:133,9,1,0
BRDA:153,10,0,0
BRDA:153,10,1,0
BRDA:154,11,0,0
BRDA:154,11,1,0
BRDA:154,12,0,0
BRDA:154,12,1,0
BRDA:189,13,0,0
BRDA:189,13,1,0
BRF:28
BRH:0
end_of_record
TN:
SF:contexts/SubscriptionContext.tsx
FN:19,loadSubscription
FN:44,loadUserRole
FN:58,saveSubscription
FN:68,loadUsage
FN:104,saveUsage
FN:114,loadOnboardingStatus
FN:124,saveOnboardingStatus
FN:134,syncSubscriptionWithRevenueCat
FN:169,(anonymous_8)
FN:173,(anonymous_9)
FN:177,(anonymous_10)
FN:185,(anonymous_11)
FN:188,(anonymous_12)
FN:199,(anonymous_13)
FN:228,(anonymous_14)
FN:235,(anonymous_15)
FN:242,(anonymous_16)
FN:251,(anonymous_17)
FN:257,(anonymous_18)
FN:265,(anonymous_19)
FN:267,(anonymous_20)
FN:269,(anonymous_21)
FN:274,(anonymous_22)
FN:281,(anonymous_23)
FN:289,(anonymous_24)
FN:303,(anonymous_25)
FN:308,(anonymous_26)
FN:319,(anonymous_27)
FN:329,(anonymous_28)
FN:351,(anonymous_29)
FN:370,(anonymous_30)
FN:382,(anonymous_31)
FN:386,(anonymous_32)
FN:401,(anonymous_33)
FNF:34
FNH:0
FNDA:0,loadSubscription
FNDA:0,loadUserRole
FNDA:0,saveSubscription
FNDA:0,loadUsage
FNDA:0,saveUsage
FNDA:0,loadOnboardingStatus
FNDA:0,saveOnboardingStatus
FNDA:0,syncSubscriptionWithRevenueCat
FNDA:0,(anonymous_8)
FNDA:0,(anonymous_9)
FNDA:0,(anonymous_10)
FNDA:0,(anonymous_11)
FNDA:0,(anonymous_12)
FNDA:0,(anonymous_13)
FNDA:0,(anonymous_14)
FNDA:0,(anonymous_15)
FNDA:0,(anonymous_16)
FNDA:0,(anonymous_17)
FNDA:0,(anonymous_18)
FNDA:0,(anonymous_19)
FNDA:0,(anonymous_20)
FNDA:0,(anonymous_21)
FNDA:0,(anonymous_22)
FNDA:0,(anonymous_23)
FNDA:0,(anonymous_24)
FNDA:0,(anonymous_25)
FNDA:0,(anonymous_26)
FNDA:0,(anonymous_27)
FNDA:0,(anonymous_28)
FNDA:0,(anonymous_29)
FNDA:0,(anonymous_30)
FNDA:0,(anonymous_31)
FNDA:0,(anonymous_32)
FNDA:0,(anonymous_33)
DA:15,0
DA:16,0
DA:17,0
DA:20,0
DA:21,0
DA:22,0
DA:23,0
DA:25,0
DA:26,0
DA:28,0
DA:35,0
DA:36,0
DA:45,0
DA:46,0
DA:47,0
DA:48,0
DA:49,0
DA:51,0
DA:53,0
DA:54,0
DA:59,0
DA:60,0
DA:61,0
DA:63,0
DA:64,0
DA:69,0
DA:70,0
DA:71,0
DA:72,0
DA:73,0
DA:74,0
DA:75,0
DA:83,0
DA:85,0
DA:93,0
DA:94,0
DA:105,0
DA:106,0
DA:107,0
DA:109,0
DA:110,0
DA:115,0
DA:116,0
DA:117,0
DA:119,0
DA:120,0
DA:125,0
DA:126,0
DA:127,0
DA:129,0
DA:130,0
DA:135,0
DA:136,0
DA:137,0
DA:139,0
DA:140,0
DA:141,0
DA:144,0
DA:146,0
DA:152,0
DA:153,0
DA:154,0
DA:155,0
DA:159,0
DA:160,0
DA:162,0
DA:164,0
DA:165,0
DA:169,0
DA:170,0
DA:171,0
DA:173,0
DA:174,0
DA:177,0
DA:178,0
DA:179,0
DA:180,0
DA:181,0
DA:182,0
DA:183,0
DA:185,0
DA:186,0
DA:187,0
DA:188,0
DA:189,0
DA:193,0
DA:197,0
DA:199,0
DA:200,0
DA:201,0
DA:206,0
DA:211,0
DA:216,0
DA:221,0
DA:226,0
DA:229,0
DA:233,0
DA:236,0
DA:240,0
DA:243,0
DA:247,0
DA:248,0
DA:249,0
DA:251,0
DA:257,0
DA:265,0
DA:267,0
DA:269,0
DA:270,0
DA:274,0
DA:275,0
DA:276,0
DA:277,0
DA:278,0
DA:281,0
DA:282,0
DA:283,0
DA:284,0
DA:286,0
DA:289,0
DA:290,0
DA:292,0
DA:293,0
DA:296,0
DA:297,0
DA:300,0
DA:303,0
DA:304,0
DA:305,0
DA:308,0
DA:309,0
DA:310,0
DA:316,0
DA:319,0
DA:320,0
DA:321,0
DA:326,0
DA:329,0
DA:330,0
DA:331,0
DA:335,0
DA:337,0
DA:338,0
DA:339,0
DA:340,0
DA:341,0
DA:344,0
DA:346,0
DA:347,0
DA:351,0
DA:352,0
DA:353,0
DA:354,0
DA:356,0
DA:357,0
DA:358,0
DA:359,0
DA:360,0
DA:363,0
DA:365,0
DA:366,0
DA:370,0
DA:371,0
DA:379,0
DA:382,0
DA:383,0
DA:386,0
DA:387,0
DA:389,0
DA:392,0
DA:395,0
DA:396,0
DA:398,0
DA:401,0
LF:174
LH:0
BRDA:22,0,0,0
BRDA:22,0,1,0
BRDA:47,1,0,0
BRDA:47,1,1,0
BRDA:49,2,0,0
BRDA:49,2,1,0
BRDA:71,3,0,0
BRDA:71,3,1,0
BRDA:74,4,0,0
BRDA:74,4,1,0
BRDA:77,5,0,0
BRDA:77,5,1,0
BRDA:139,6,0,0
BRDA:139,6,1,0
BRDA:147,7,0,0
BRDA:147,7,1,0
BRDA:152,8,0,0
BRDA:152,8,1,0
BRDA:154,9,0,0
BRDA:154,9,1,0
BRDA:200,10,0,0
BRDA:200,10,1,0
BRDA:251,11,0,0
BRDA:251,11,1,0
BRDA:257,12,0,0
BRDA:257,12,1,0
BRDA:265,13,0,0
BRDA:265,13,1,0
BRDA:276,14,0,0
BRDA:276,14,1,0
BRDA:277,15,0,0
BRDA:277,15,1,0
BRDA:277,16,0,0
BRDA:277,16,1,0
BRDA:283,17,0,0
BRDA:283,17,1,0
BRDA:290,18,0,0
BRDA:290,18,1,0
BRDA:290,19,0,0
BRDA:290,19,1,0
BRDA:292,20,0,0
BRDA:292,20,1,0
BRDA:292,21,0,0
BRDA:292,21,1,0
BRDA:296,22,0,0
BRDA:296,22,1,0
BRDA:296,23,0,0
BRDA:296,23,1,0
BRDA:304,24,0,0
BRDA:304,24,1,0
BRDA:304,25,0,0
BRDA:304,25,1,0
BRDA:312,26,0,0
BRDA:312,26,1,0
BRDA:323,27,0,0
BRDA:323,27,1,0
BRDA:337,28,0,0
BRDA:337,28,1,0
BRDA:356,29,0,0
BRDA:356,29,1,0
BRDA:374,30,0,0
BRDA:374,30,1,0
BRDA:387,31,0,0
BRDA:387,31,1,0
BRDA:387,32,0,0
BRDA:387,32,1,0
BRDA:389,33,0,0
BRDA:389,33,1,0
BRDA:392,34,0,0
BRDA:392,34,1,0
BRDA:395,35,0,0
BRDA:395,35,1,0
BRDA:396,36,0,0
BRDA:396,36,1,0
BRDA:419,37,0,0
BRDA:419,37,1,0
BRDA:419,37,2,0
BRDA:419,37,3,0
BRF:78
BRH:0
end_of_record
TN:
SF:contexts/TaskContext.tsx
FN:10,loadTasks
FN:20,saveTasks
FN:30,(anonymous_2)
FN:41,(anonymous_3)
FN:47,(anonymous_4)
FN:49,(anonymous_5)
FN:79,(anonymous_6)
FN:80,(anonymous_7)
FN:86,(anonymous_8)
FN:87,(anonymous_9)
FN:91,(anonymous_10)
FN:93,(anonymous_11)
FN:98,(anonymous_12)
FN:110,(anonymous_13)
FN:111,(anonymous_14)
FN:113,(anonymous_15)
FN:116,(anonymous_16)
FN:131,(anonymous_17)
FN:132,(anonymous_18)
FN:144,(anonymous_19)
FN:150,(anonymous_20)
FN:151,(anonymous_21)
FN:153,(anonymous_22)
FN:163,(anonymous_23)
FN:164,(anonymous_24)
FN:167,(anonymous_25)
FN:168,(anonymous_26)
FN:176,(anonymous_27)
FN:177,(anonymous_28)
FN:180,(anonymous_29)
FN:180,(anonymous_30)
FN:181,(anonymous_31)
FN:182,(anonymous_32)
FN:190,(anonymous_33)
FN:192,(anonymous_34)
FN:196,(anonymous_35)
FN:198,(anonymous_36)
FN:201,(anonymous_37)
FN:236,(anonymous_38)
FN:294,(anonymous_39)
FN:297,(anonymous_40)
FN:298,(anonymous_41)
FN:299,(anonymous_42)
FN:300,(anonymous_43)
FN:301,(anonymous_44)
FN:311,(anonymous_45)
FN:322,(anonymous_46)
FN:368,(anonymous_47)
FN:375,(anonymous_48)
FN:376,(anonymous_49)
FN:382,(anonymous_50)
FNF:51
FNH:0
FNDA:0,loadTasks
FNDA:0,saveTasks
FNDA:0,(anonymous_2)
FNDA:0,(anonymous_3)
FNDA:0,(anonymous_4)
FNDA:0,(anonymous_5)
FNDA:0,(anonymous_6)
FNDA:0,(anonymous_7)
FNDA:0,(anonymous_8)
FNDA:0,(anonymous_9)
FNDA:0,(anonymous_10)
FNDA:0,(anonymous_11)
FNDA:0,(anonymous_12)
FNDA:0,(anonymous_13)
FNDA:0,(anonymous_14)
FNDA:0,(anonymous_15)
FNDA:0,(anonymous_16)
FNDA:0,(anonymous_17)
FNDA:0,(anonymous_18)
FNDA:0,(anonymous_19)
FNDA:0,(anonymous_20)
FNDA:0,(anonymous_21)
FNDA:0,(anonymous_22)
FNDA:0,(anonymous_23)
FNDA:0,(anonymous_24)
FNDA:0,(anonymous_25)
FNDA:0,(anonymous_26)
FNDA:0,(anonymous_27)
FNDA:0,(anonymous_28)
FNDA:0,(anonymous_29)
FNDA:0,(anonymous_30)
FNDA:0,(anonymous_31)
FNDA:0,(anonymous_32)
FNDA:0,(anonymous_33)
FNDA:0,(anonymous_34)
FNDA:0,(anonymous_35)
FNDA:0,(anonymous_36)
FNDA:0,(anonymous_37)
FNDA:0,(anonymous_38)
FNDA:0,(anonymous_39)
FNDA:0,(anonymous_40)
FNDA:0,(anonymous_41)
FNDA:0,(anonymous_42)
FNDA:0,(anonymous_43)
FNDA:0,(anonymous_44)
FNDA:0,(anonymous_45)
FNDA:0,(anonymous_46)
FNDA:0,(anonymous_47)
FNDA:0,(anonymous_48)
FNDA:0,(anonymous_49)
FNDA:0,(anonymous_50)
DA:8,0
DA:11,0
DA:12,0
DA:13,0
DA:15,0
DA:16,0
DA:21,0
DA:22,0
DA:23,0
DA:25,0
DA:26,0
DA:30,0
DA:31,0
DA:32,0
DA:34,0
DA:39,0
DA:42,0
DA:46,0
DA:47,0
DA:49,0
DA:56,0
DA:69,0
DA:70,0
DA:71,0
DA:72,0
DA:73,0
DA:76,0
DA:79,0
DA:80,0
DA:81,0
DA:83,0
DA:86,0
DA:87,0
DA:88,0
DA:91,0
DA:92,0
DA:93,0
DA:94,0
DA:95,0
DA:96,0
DA:97,0
DA:98,0
DA:99,0
DA:103,0
DA:104,0
DA:106,0
DA:110,0
DA:111,0
DA:112,0
DA:113,0
DA:114,0
DA:116,0
DA:117,0
DA:126,0
DA:128,0
DA:131,0
DA:132,0
DA:133,0
DA:135,0
DA:144,0
DA:145,0
DA:147,0
DA:150,0
DA:151,0
DA:152,0
DA:153,0
DA:154,0
DA:156,0
DA:158,0
DA:160,0
DA:163,0
DA:164,0
DA:165,0
DA:166,0
DA:167,0
DA:168,0
DA:169,0
DA:171,0
DA:173,0
DA:176,0
DA:177,0
DA:178,0
DA:179,0
DA:180,0
DA:181,0
DA:182,0
DA:183,0
DA:185,0
DA:187,0
DA:190,0
DA:191,0
DA:192,0
DA:194,0
DA:195,0
DA:196,0
DA:198,0
DA:199,0
DA:200,0
DA:201,0
DA:202,0
DA:205,0
DA:207,0
DA:208,0
DA:209,0
DA:210,0
DA:236,0
DA:237,0
DA:239,0
DA:240,0
DA:243,0
DA:244,0
DA:250,0
DA:266,0
DA:268,0
DA:269,0
DA:270,0
DA:271,0
DA:272,0
DA:274,0
DA:276,0
DA:277,0
DA:278,0
DA:279,0
DA:282,0
DA:284,0
DA:285,0
DA:286,0
DA:289,0
DA:290,0
DA:291,0
DA:294,0
DA:295,0
DA:297,0
DA:298,0
DA:299,0
DA:300,0
DA:301,0
DA:303,0
DA:311,0
DA:313,0
DA:315,0
DA:316,0
DA:317,0
DA:318,0
DA:321,0
DA:322,0
DA:323,0
DA:325,0
DA:326,0
DA:328,0
DA:329,0
DA:330,0
DA:332,0
DA:367,0
DA:368,0
DA:369,0
DA:371,0
DA:375,0
DA:376,0
DA:377,0
DA:378,0
DA:382,0
LF:162
LH:0
BRDA:13,0,0,0
BRDA:13,0,1,0
BRDA:47,1,0,0
BRDA:47,1,1,0
BRDA:52,2,0,0
BRDA:64,3,0,0
BRDA:64,3,1,0
BRDA:72,4,0,0
BRDA:72,4,1,0
BRDA:81,5,0,0
BRDA:81,5,1,0
BRDA:94,6,0,0
BRDA:94,6,1,0
BRDA:96,7,0,0
BRDA:96,7,1,0
BRDA:96,8,0,0
BRDA:96,8,1,0
BRDA:99,9,0,0
BRDA:99,9,1,0
BRDA:112,10,0,0
BRDA:112,10,1,0
BRDA:114,11,0,0
BRDA:114,11,1,0
BRDA:120,12,0,0
BRDA:120,12,1,0
BRDA:120,13,0,0
BRDA:120,13,1,0
BRDA:122,14,0,0
BRDA:122,14,1,0
BRDA:123,15,0,0
BRDA:123,15,1,0
BRDA:123,16,0,0
BRDA:123,16,1,0
BRDA:133,17,0,0
BRDA:133,17,1,0
BRDA:145,18,0,0
BRDA:145,18,1,0
BRDA:152,19,0,0
BRDA:152,19,1,0
BRDA:154,20,0,0
BRDA:154,20,1,0
BRDA:165,21,0,0
BRDA:165,21,1,0
BRDA:178,22,0,0
BRDA:178,22,1,0
BRDA:190,23,0,0
BRDA:194,24,0,0
BRDA:194,24,1,0
BRDA:199,25,0,0
BRDA:199,25,1,0
BRDA:207,26,0,0
BRDA:207,26,1,0
BRDA:237,27,0,0
BRDA:237,27,1,0
BRDA:253,28,0,0
BRDA:253,28,1,0
BRDA:276,29,0,0
BRDA:276,29,1,0
BRDA:278,30,0,0
BRDA:278,30,1,0
BRDA:285,31,0,0
BRDA:285,31,1,0
BRDA:289,32,0,0
BRDA:289,32,1,0
BRDA:289,33,0,0
BRDA:289,33,1,0
BRDA:299,34,0,0
BRDA:299,34,1,0
BRDA:315,35,0,0
BRDA:315,35,1,0
BRDA:321,36,0,0
BRDA:321,36,1,0
BRDA:323,37,0,0
BRDA:323,37,1,0
BRDA:328,38,0,0
BRDA:328,38,1,0
BRDA:367,39,0,0
BRDA:367,39,1,0
BRDA:369,40,0,0
BRDA:369,40,1,0
BRDA:377,41,0,0
BRDA:377,41,1,0
BRF:82
BRH:0
end_of_record
TN:
SF:contexts/ThemeContext.tsx
FN:100,(anonymous_0)
FN:107,(anonymous_1)
FN:111,(anonymous_2)
FN:122,(anonymous_3)
FN:131,(anonymous_4)
FNF:5
FNH:0
FNDA:0,(anonymous_0)
FNDA:0,(anonymous_1)
FNDA:0,(anonymous_2)
FNDA:0,(anonymous_3)
FNDA:0,(anonymous_4)
DA:8,0
DA:53,0
DA:98,0
DA:100,0
DA:101,0
DA:102,0
DA:104,0
DA:105,0
DA:107,0
DA:108,0
DA:111,0
DA:112,0
DA:113,0
DA:114,0
DA:115,0
DA:118,0
DA:122,0
DA:123,0
DA:124,0
DA:125,0
DA:127,0
DA:131,0
LF:22
LH:0
BRDA:104,0,0,0
BRDA:104,0,1,0
BRDA:104,0,2,0
BRDA:105,1,0,0
BRDA:105,1,1,0
BRDA:114,2,0,0
BRDA:114,2,1,0
BRDA:114,3,0,0
BRDA:114,3,1,0
BRDA:114,3,2,0
BRDA:114,3,3,0
BRF:11
BRH:0
end_of_record
TN:
SF:contexts/UserProfileContext.tsx
FN:9,loadUserProfile
FN:58,saveUserProfile
FN:69,(anonymous_2)
FN:81,(anonymous_3)
FN:89,(anonymous_4)
FN:94,(anonymous_5)
FN:102,(anonymous_6)
FN:108,(anonymous_7)
FN:132,(anonymous_8)
FN:135,(anonymous_9)
FN:140,(anonymous_10)
FN:165,(anonymous_11)
FN:195,(anonymous_12)
FN:198,(anonymous_13)
FN:199,(anonymous_14)
FN:202,(anonymous_15)
FN:205,(anonymous_16)
FN:206,(anonymous_17)
FN:209,(anonymous_18)
FN:214,(anonymous_19)
FN:223,(anonymous_20)
FNF:21
FNH:0
FNDA:0,loadUserProfile
FNDA:0,saveUserProfile
FNDA:0,(anonymous_2)
FNDA:0,(anonymous_3)
FNDA:0,(anonymous_4)
FNDA:0,(anonymous_5)
FNDA:0,(anonymous_6)
FNDA:0,(anonymous_7)
FNDA:0,(anonymous_8)
FNDA:0,(anonymous_9)
FNDA:0,(anonymous_10)
FNDA:0,(anonymous_11)
FNDA:0,(anonymous_12)
FNDA:0,(anonymous_13)
FNDA:0,(anonymous_14)
FNDA:0,(anonymous_15)
FNDA:0,(anonymous_16)
FNDA:0,(anonymous_17)
FNDA:0,(anonymous_18)
FNDA:0,(anonymous_19)
FNDA:0,(anonymous_20)
DA:7,0
DA:10,0
DA:11,0
DA:12,0
DA:13,0
DA:16,0
DA:34,0
DA:35,0
DA:37,0
DA:38,0
DA:59,0
DA:60,0
DA:61,0
DA:62,0
DA:64,0
DA:65,0
DA:69,0
DA:70,0
DA:72,0
DA:79,0
DA:82,0
DA:86,0
DA:87,0
DA:89,0
DA:90,0
DA:91,0
DA:94,0
DA:99,0
DA:101,0
DA:102,0
DA:107,0
DA:108,0
DA:109,0
DA:118,0
DA:125,0
DA:128,0
DA:129,0
DA:132,0
DA:133,0
DA:135,0
DA:139,0
DA:140,0
DA:141,0
DA:151,0
DA:158,0
DA:161,0
DA:162,0
DA:165,0
DA:170,0
DA:172,0
DA:180,0
DA:181,0
DA:183,0
DA:184,0
DA:187,0
DA:188,0
DA:189,0
DA:190,0
DA:195,0
DA:196,0
DA:197,0
DA:198,0
DA:199,0
DA:202,0
DA:203,0
DA:204,0
DA:205,0
DA:206,0
DA:209,0
DA:210,0
DA:211,0
DA:214,0
DA:215,0
DA:216,0
DA:217,0
DA:223,0
DA:224,0
DA:225,0
DA:226,0
DA:232,0
LF:80
LH:0
BRDA:12,0,0,0
BRDA:12,0,1,0
BRDA:90,1,0,0
BRDA:90,1,1,0
BRDA:97,2,0,0
BRDA:99,3,0,0
BRDA:99,3,1,0
BRDA:102,4,0,0
BRDA:102,4,1,0
BRDA:107,5,0,0
BRDA:107,5,1,0
BRDA:109,6,0,0
BRDA:109,6,1,0
BRDA:133,7,0,0
BRDA:133,7,1,0
BRDA:139,8,0,0
BRDA:139,8,1,0
BRDA:141,9,0,0
BRDA:141,9,1,0
BRDA:170,10,0,0
BRDA:170,10,1,0
BRDA:183,11,0,0
BRDA:183,11,1,0
BRDA:183,12,0,0
BRDA:183,12,1,0
BRDA:187,13,0,0
BRDA:187,13,1,0
BRDA:189,14,0,0
BRDA:189,14,1,0
BRDA:196,15,0,0
BRDA:196,15,1,0
BRDA:202,16,0,0
BRDA:203,17,0,0
BRDA:203,17,1,0
BRDA:215,18,0,0
BRDA:215,18,1,0
BRDA:216,19,0,0
BRDA:216,19,1,0
BRDA:224,20,0,0
BRDA:224,20,1,0
BRDA:225,21,0,0
BRDA:225,21,1,0
BRF:42
BRH:0
end_of_record
TN:
SF:services/accessibility/SpeechToTextService.ts
FN:20,(anonymous_0)
FN:25,(anonymous_1)
FN:39,(anonymous_2)
FN:56,(anonymous_3)
FN:64,(anonymous_4)
FN:73,(anonymous_5)
FN:103,(anonymous_6)
FN:118,(anonymous_7)
FN:119,(anonymous_8)
FN:125,(anonymous_9)
FN:129,(anonymous_10)
FN:137,(anonymous_11)
FN:147,(anonymous_12)
FN:163,(anonymous_13)
FN:209,(anonymous_14)
FN:216,(anonymous_15)
FN:235,(anonymous_16)
FNF:17
FNH:0
FNDA:0,(anonymous_0)
FNDA:0,(anonymous_1)
FNDA:0,(anonymous_2)
FNDA:0,(anonymous_3)
FNDA:0,(anonymous_4)
FNDA:0,(anonymous_5)
FNDA:0,(anonymous_6)
FNDA:0,(anonymous_7)
FNDA:0,(anonymous_8)
FNDA:0,(anonymous_9)
FNDA:0,(anonymous_10)
FNDA:0,(anonymous_11)
FNDA:0,(anonymous_12)
FNDA:0,(anonymous_13)
FNDA:0,(anonymous_14)
FNDA:0,(anonymous_15)
FNDA:0,(anonymous_16)
DA:15,0
DA:16,0
DA:17,0
DA:18,0
DA:21,0
DA:22,0
DA:23,0
DA:24,0
DA:25,0
DA:26,0
DA:28,0
DA:30,0
DA:31,0
DA:34,0
DA:35,0
DA:40,0
DA:41,0
DA:43,0
DA:44,0
DA:46,0
DA:49,0
DA:51,0
DA:52,0
DA:57,0
DA:58,0
DA:60,0
DA:64,0
DA:65,0
DA:66,0
DA:70,0
DA:74,0
DA:79,0
DA:80,0
DA:100,0
DA:104,0
DA:105,0
DA:107,0
DA:108,0
DA:110,0
DA:113,0
DA:114,0
DA:119,0
DA:120,0
DA:121,0
DA:122,0
DA:125,0
DA:126,0
DA:127,0
DA:129,0
DA:130,0
DA:131,0
DA:134,0
DA:136,0
DA:137,0
DA:138,0
DA:142,0
DA:143,0
DA:148,0
DA:149,0
DA:152,0
DA:153,0
DA:157,0
DA:158,0
DA:160,0
DA:164,0
DA:165,0
DA:167,0
DA:169,0
DA:170,0
DA:171,0
DA:172,0
DA:174,0
DA:175,0
DA:177,0
DA:183,0
DA:186,0
DA:187,0
DA:190,0
DA:195,0
DA:196,0
DA:199,0
DA:200,0
DA:202,0
DA:204,0
DA:205,0
DA:210,0
DA:211,0
DA:212,0
DA:213,0
DA:215,0
DA:216,0
DA:217,0
DA:219,0
DA:220,0
DA:222,0
DA:223,0
DA:224,0
DA:227,0
DA:231,0
DA:236,0
DA:237,0
DA:244,0
LF:102
LH:0
BRDA:22,0,0,0
BRDA:22,0,1,0
BRDA:24,1,0,0
BRDA:24,1,1,0
BRDA:43,2,0,0
BRDA:43,2,1,0
BRDA:65,3,0,0
BRDA:65,3,1,0
BRDA:107,4,0,0
BRDA:107,4,1,0
BRDA:120,5,0,0
BRDA:120,5,1,0
BRDA:136,6,0,0
BRDA:136,6,1,0
BRDA:148,7,0,0
BRDA:148,7,1,0
BRDA:169,8,0,0
BRDA:169,8,1,0
BRDA:186,9,0,0
BRDA:186,9,1,0
BRDA:195,10,0,0
BRDA:195,10,1,0
BRDA:211,11,0,0
BRDA:211,11,1,0
BRDA:212,12,0,0
BRDA:212,12,1,0
BRDA:212,13,0,0
BRDA:212,13,1,0
BRDA:215,14,0,0
BRDA:215,14,1,0
BRDA:222,15,0,0
BRDA:222,15,1,0
BRDA:236,16,0,0
BRDA:236,16,1,0
BRDA:237,17,0,0
BRDA:237,17,1,0
BRDA:244,18,0,0
BRDA:244,18,1,0
BRF:38
BRH:0
end_of_record
TN:
SF:services/accessibility/TextToSpeechService.ts
FN:17,(anonymous_0)
FN:33,(anonymous_1)
FN:39,(anonymous_2)
FN:44,(anonymous_3)
FN:62,(anonymous_4)
FN:74,(anonymous_5)
FN:84,(anonymous_6)
FN:94,(anonymous_7)
FN:98,(anonymous_8)
FN:102,(anonymous_9)
FN:112,(anonymous_10)
FN:131,(anonymous_11)
FNF:12
FNH:0
FNDA:0,(anonymous_0)
FNDA:0,(anonymous_1)
FNDA:0,(anonymous_2)
FNDA:0,(anonymous_3)
FNDA:0,(anonymous_4)
FNDA:0,(anonymous_5)
FNDA:0,(anonymous_6)
FNDA:0,(anonymous_7)
FNDA:0,(anonymous_8)
FNDA:0,(anonymous_9)
FNDA:0,(anonymous_10)
FNDA:0,(anonymous_11)
DA:14,0
DA:15,0
DA:18,0
DA:19,0
DA:21,0
DA:22,0
DA:25,0
DA:26,0
DA:28,0
DA:34,0
DA:35,0
DA:36,0
DA:37,0
DA:40,0
DA:41,0
DA:42,0
DA:45,0
DA:46,0
DA:47,0
DA:48,0
DA:52,0
DA:54,0
DA:55,0
DA:56,0
DA:57,0
DA:58,0
DA:63,0
DA:64,0
DA:65,0
DA:66,0
DA:67,0
DA:70,0
DA:75,0
DA:76,0
DA:77,0
DA:80,0
DA:85,0
DA:86,0
DA:87,0
DA:90,0
DA:95,0
DA:99,0
DA:103,0
DA:104,0
DA:105,0
DA:107,0
DA:108,0
DA:117,0
DA:118,0
DA:119,0
DA:120,0
DA:121,0
DA:122,0
DA:125,0
DA:126,0
DA:132,0
LF:56
LH:0
BRDA:21,0,0,0
BRDA:21,0,1,0
BRDA:29,1,0,0
BRDA:29,1,1,0
BRDA:30,2,0,0
BRDA:30,2,1,0
BRDA:31,3,0,0
BRDA:31,3,1,0
BRDA:32,4,0,0
BRDA:32,4,1,0
BRDA:64,5,0,0
BRDA:64,5,1,0
BRDA:76,6,0,0
BRDA:76,6,1,0
BRDA:76,7,0,0
BRDA:76,7,1,0
BRDA:86,8,0,0
BRDA:86,8,1,0
BRDA:117,9,0,0
BRDA:117,9,1,0
BRDA:120,10,0,0
BRDA:120,10,1,0
BRDA:121,11,0,0
BRDA:121,11,1,0
BRDA:125,12,0,0
BRDA:125,12,1,0
BRF:26
BRH:0
end_of_record
TN:
SF:services/ai/AIService.ts
FN:38,(anonymous_0)
FN:42,(anonymous_1)
FN:64,(anonymous_2)
FN:69,(anonymous_3)
FN:75,(anonymous_4)
FN:80,(anonymous_5)
FN:100,(anonymous_6)
FN:112,(anonymous_7)
FN:186,(anonymous_8)
FN:187,(anonymous_9)
FN:239,(anonymous_10)
FN:250,(anonymous_11)
FN:283,(anonymous_12)
FN:312,(anonymous_13)
FN:329,(anonymous_14)
FN:380,(anonymous_15)
FN:391,(anonymous_16)
FN:427,(anonymous_17)
FN:440,(anonymous_18)
FN:497,(anonymous_19)
FN:508,(anonymous_20)
FN:540,(anonymous_21)
FN:572,(anonymous_22)
FN:606,(anonymous_23)
FN:643,(anonymous_24)
FNF:25
FNH:17
FNDA:0,(anonymous_0)
FNDA:19,(anonymous_1)
FNDA:1,(anonymous_2)
FNDA:1,(anonymous_3)
FNDA:0,(anonymous_4)
FNDA:0,(anonymous_5)
FNDA:4,(anonymous_6)
FNDA:4,(anonymous_7)
FNDA:3,(anonymous_8)
FNDA:19,(anonymous_9)
FNDA:3,(anonymous_10)
FNDA:2,(anonymous_11)
FNDA:5,(anonymous_12)
FNDA:4,(anonymous_13)
FNDA:3,(anonymous_14)
FNDA:1,(anonymous_15)
FNDA:3,(anonymous_16)
FNDA:1,(anonymous_17)
FNDA:0,(anonymous_18)
FNDA:0,(anonymous_19)
FNDA:0,(anonymous_20)
FNDA:0,(anonymous_21)
FNDA:0,(anonymous_22)
FNDA:4,(anonymous_23)
FNDA:2,(anonymous_24)
DA:36,1
DA:39,0
DA:43,19
DA:44,18
DA:47,1
DA:49,1
DA:50,1
DA:53,1
DA:54,1
DA:60,1
DA:63,1
DA:64,1
DA:67,1
DA:68,1
DA:69,1
DA:70,1
DA:74,1
DA:75,0
DA:78,1
DA:79,0
DA:80,0
DA:81,0
DA:85,1
DA:86,1
DA:89,1
DA:90,1
DA:93,1
DA:94,1
DA:97,1
DA:101,4
DA:103,4
DA:104,4
DA:105,3
DA:107,1
DA:108,1
DA:113,4
DA:138,4
DA:140,4
DA:187,19
DA:188,3
DA:189,3
DA:190,3
DA:192,3
DA:194,3
DA:195,19
DA:197,19
DA:198,3
DA:199,0
DA:201,3
DA:206,16
DA:207,3
DA:208,13
DA:209,3
DA:210,10
DA:211,2
DA:212,2
DA:213,2
DA:215,8
DA:216,2
DA:217,6
DA:218,2
DA:219,4
DA:220,3
DA:221,3
DA:222,3
DA:227,3
DA:228,0
DA:231,3
DA:232,1
DA:238,2
DA:239,3
DA:251,2
DA:290,5
DA:292,5
DA:301,5
DA:302,5
DA:303,1
DA:304,1
DA:305,1
DA:307,4
DA:308,4
DA:316,4
DA:318,4
DA:319,2
DA:320,2
DA:321,1
DA:322,1
DA:323,0
DA:325,1
DA:338,3
DA:340,3
DA:346,3
DA:347,3
DA:349,3
DA:369,3
DA:370,3
DA:371,2
DA:372,2
DA:373,2
DA:375,1
DA:376,1
DA:385,1
DA:386,0
DA:388,1
DA:397,3
DA:399,3
DA:416,3
DA:417,3
DA:418,2
DA:419,2
DA:420,2
DA:422,1
DA:423,1
DA:431,1
DA:432,1
DA:434,0
DA:435,0
DA:437,0
DA:446,0
DA:448,0
DA:454,0
DA:456,0
DA:457,0
DA:458,0
DA:459,0
DA:460,0
DA:463,0
DA:465,0
DA:487,0
DA:488,0
DA:489,0
DA:490,0
DA:492,0
DA:493,0
DA:498,0
DA:505,0
DA:514,0
DA:516,0
DA:531,0
DA:532,0
DA:533,0
DA:535,0
DA:536,0
DA:546,0
DA:548,0
DA:563,0
DA:564,0
DA:565,0
DA:567,0
[...]
FNDA:0,(anonymous_14)
FNDA:0,(anonymous_15)
FNDA:0,(anonymous_16)
DA:5,1
DA:6,1
DA:7,1
DA:8,1
DA:11,2
DA:12,0
DA:13,0
DA:14,0
DA:16,0
DA:17,0
DA:21,2
DA:25,1
DA:26,0
DA:27,0
DA:29,0
DA:35,0
DA:38,0
DA:39,0
DA:46,1
DA:53,2
DA:55,2
DA:56,0
DA:58,0
DA:64,0
DA:67,0
DA:72,0
DA:73,0
DA:74,0
DA:75,0
DA:82,1
DA:83,0
DA:84,0
DA:85,0
DA:88,0
DA:89,0
DA:90,0
DA:94,1
DA:103,3
DA:104,3
DA:105,3
DA:106,3
DA:107,3
DA:110,3
DA:112,3
DA:114,3
DA:118,2
DA:125,2
DA:135,0
DA:137,0
DA:138,0
DA:140,0
DA:141,0
DA:143,0
DA:145,0
DA:146,0
DA:156,0
DA:160,0
DA:164,0
DA:165,0
DA:168,0
DA:169,0
DA:171,0
DA:172,0
DA:177,0
DA:178,0
DA:180,0
DA:184,0
DA:185,0
DA:186,0
DA:188,0
DA:189,0
DA:191,0
DA:192,0
DA:194,0
DA:198,1
LF:75
LH:23
BRDA:11,0,0,0
BRDA:11,0,1,2
BRDA:14,1,0,0
BRDA:14,1,1,0
BRDA:25,2,0,0
BRDA:25,2,1,1
BRDA:51,3,0,2
BRDA:55,4,0,0
BRDA:55,4,1,2
BRDA:74,5,0,0
BRDA:74,5,1,0
BRDA:82,6,0,0
BRDA:82,6,1,1
BRDA:83,7,0,0
BRDA:83,7,1,0
BRDA:88,8,0,0
BRDA:88,8,1,0
BRDA:138,9,0,0
BRDA:138,9,1,0
BRDA:141,10,0,0
BRDA:141,10,1,0
BRDA:145,11,0,0
BRDA:145,11,1,0
BRDA:151,12,0,0
BRDA:151,12,1,0
BRDA:169,13,0,0
BRDA:169,13,1,0
BRDA:177,14,0,0
BRDA:177,14,1,0
BRDA:188,15,0,0
BRDA:188,15,1,0
BRDA:191,16,0,0
BRDA:191,16,1,0
BRF:33
BRH:5
end_of_record
TN:
SF:services/notifications/PushNotificationService.ts
FN:11,(anonymous_0)
FN:28,(anonymous_1)
FN:92,(anonymous_2)
FN:96,(anonymous_3)
FN:125,(anonymous_4)
FN:158,(anonymous_5)
FN:169,(anonymous_6)
FN:180,(anonymous_7)
FNF:8
FNH:0
FNDA:0,(anonymous_0)
FNDA:0,(anonymous_1)
FNDA:0,(anonymous_2)
FNDA:0,(anonymous_3)
FNDA:0,(anonymous_4)
FNDA:0,(anonymous_5)
FNDA:0,(anonymous_6)
FNDA:0,(anonymous_7)
DA:6,0
DA:8,0
DA:9,0
DA:10,0
DA:11,0
DA:20,0
DA:25,0
DA:26,0
DA:29,0
DA:31,0
DA:32,0
DA:33,0
DA:34,0
DA:37,0
DA:38,0
DA:39,0
DA:40,0
DA:43,0
DA:44,0
DA:45,0
DA:46,0
DA:49,0
DA:50,0
DA:51,0
DA:53,0
DA:54,0
DA:55,0
DA:58,0
DA:59,0
DA:60,0
DA:61,0
DA:64,0
DA:65,0
DA:66,0
DA:67,0
DA:68,0
DA:71,0
DA:72,0
DA:73,0
DA:74,0
DA:76,0
DA:77,0
DA:84,0
DA:86,0
DA:87,0
DA:88,0
DA:93,0
DA:97,0
DA:98,0
DA:99,0
DA:102,0
DA:103,0
DA:104,0
DA:107,0
DA:108,0
DA:117,0
DA:118,0
DA:120,0
DA:121,0
DA:126,0
DA:127,0
DA:128,0
DA:131,0
DA:132,0
DA:133,0
DA:136,0
DA:137,0
DA:150,0
DA:151,0
DA:153,0
DA:154,0
DA:159,0
DA:161,0
DA:162,0
DA:163,0
DA:165,0
DA:170,0
DA:172,0
DA:173,0
DA:174,0
DA:176,0
DA:181,0
DA:182,0
DA:183,0
DA:186,0
DA:187,0
DA:188,0
DA:191,0
DA:192,0
DA:201,0
DA:203,0
DA:208,0
LF:92
LH:0
BRDA:8,0,0,0
BRDA:8,0,1,0
BRDA:8,1,0,0
BRDA:8,1,1,0
BRDA:29,2,0,0
BRDA:29,2,1,0
BRDA:31,3,0,0
BRDA:31,3,1,0
BRDA:37,4,0,0
BRDA:37,4,1,0
BRDA:43,5,0,0
BRDA:43,5,1,0
BRDA:53,6,0,0
BRDA:53,6,1,0
BRDA:58,7,0,0
BRDA:58,7,1,0
BRDA:65,8,0,0
BRDA:65,8,1,0
BRDA:76,9,0,0
BRDA:76,9,1,0
BRDA:97,10,0,0
BRDA:97,10,1,0
BRDA:102,11,0,0
BRDA:102,11,1,0
BRDA:126,12,0,0
BRDA:126,12,1,0
BRDA:131,13,0,0
BRDA:131,13,1,0
BRDA:159,14,0,0
BRDA:159,14,1,0
BRDA:170,15,0,0
BRDA:170,15,1,0
BRDA:181,16,0,0
BRDA:181,16,1,0
BRDA:186,17,0,0
BRDA:186,17,1,0
BRF:36
BRH:0
end_of_record
TN:
SF:services/notifications/RealtimeNotificationService.ts
FN:23,(anonymous_0)
FN:50,(anonymous_1)
FN:76,(anonymous_2)
FN:92,(anonymous_3)
FN:96,(anonymous_4)
FN:97,(anonymous_5)
FN:106,(anonymous_6)
FN:110,(anonymous_7)
FN:116,(anonymous_8)
FN:184,(anonymous_9)
FN:240,(anonymous_10)
FNF:11
FNH:0
FNDA:0,(anonymous_0)
FNDA:0,(anonymous_1)
FNDA:0,(anonymous_2)
FNDA:0,(anonymous_3)
FNDA:0,(anonymous_4)
FNDA:0,(anonymous_5)
FNDA:0,(anonymous_6)
FNDA:0,(anonymous_7)
FNDA:0,(anonymous_8)
FNDA:0,(anonymous_9)
FNDA:0,(anonymous_10)
DA:6,0
DA:19,0
DA:20,0
DA:21,0
DA:24,0
DA:25,0
DA:26,0
DA:29,0
DA:30,0
DA:33,0
DA:34,0
DA:38,0
DA:42,0
DA:43,0
DA:45,0
DA:46,0
DA:52,0
DA:53,0
DA:54,0
DA:55,0
DA:57,0
DA:58,0
DA:62,0
DA:63,0
DA:64,0
DA:65,0
DA:67,0
DA:68,0
DA:72,0
DA:73,0
DA:76,0
DA:77,0
DA:79,0
DA:89,0
DA:92,0
DA:93,0
DA:97,0
DA:98,0
DA:99,0
DA:101,0
DA:107,0
DA:108,0
DA:110,0
DA:111,0
DA:112,0
DA:128,0
DA:129,0
DA:131,0
DA:144,0
DA:145,0
DA:147,0
DA:148,0
DA:149,0
DA:167,0
DA:171,0
DA:174,0
DA:176,0
DA:177,0
DA:193,0
DA:194,0
DA:196,0
DA:206,0
DA:207,0
DA:209,0
DA:210,0
DA:211,0
DA:223,0
DA:227,0
DA:230,0
DA:232,0
DA:233,0
DA:247,0
DA:248,0
DA:250,0
DA:258,0
DA:259,0
DA:260,0
DA:263,0
DA:265,0
DA:266,0
DA:274,0
LF:81
LH:0
BRDA:24,0,0,0
BRDA:24,0,1,0
BRDA:29,1,0,0
BRDA:29,1,1,0
BRDA:52,2,0,0
BRDA:52,2,1,0
BRDA:52,3,0,0
BRDA:52,3,1,0
BRDA:62,4,0,0
BRDA:62,4,1,0
BRDA:62,5,0,0
BRDA:62,5,1,0
BRDA:81,6,0,0
BRDA:81,6,1,0
BRDA:82,7,0,0
BRDA:82,7,1,0
BRDA:83,8,0,0
BRDA:83,8,1,0
BRDA:85,9,0,0
BRDA:85,9,1,0
BRDA:144,10,0,0
BRDA:144,10,1,0
BRDA:147,11,0,0
BRDA:147,11,1,0
BRDA:147,12,0,0
BRDA:147,12,1,0
BRDA:162,13,0,0
BRDA:162,13,1,0
BRDA:179,14,0,0
BRDA:179,14,1,0
BRDA:206,15,0,0
BRDA:206,15,1,0
BRDA:209,16,0,0
BRDA:209,16,1,0
BRDA:209,17,0,0
BRDA:209,17,1,0
BRDA:216,18,0,0
BRDA:216,18,1,0
BRDA:218,19,0,0
BRDA:218,19,1,0
BRDA:235,20,0,0
BRDA:235,20,1,0
BRDA:258,21,0,0
BRDA:258,21,1,0
BRDA:259,22,0,0
BRDA:259,22,1,0
BRDA:260,23,0,0
BRDA:260,23,1,0
BRDA:268,24,0,0
BRDA:268,24,1,0
BRF:50
BRH:0
end_of_record
TN:
SF:services/recommendations/RecommendationEngine.ts
FN:6,(anonymous_0)
FN:10,(anonymous_1)
FN:18,(anonymous_2)
FN:25,(anonymous_3)
FN:29,(anonymous_4)
FN:30,(anonymous_5)
FN:35,(anonymous_6)
FN:48,(anonymous_7)
FN:49,(anonymous_8)
FN:69,(anonymous_9)
FN:80,(anonymous_10)
FN:84,(anonymous_11)
FN:103,(anonymous_12)
FN:148,(anonymous_13)
FN:173,(anonymous_14)
FN:217,(anonymous_15)
FN:242,(anonymous_16)
FN:248,(anonymous_17)
FN:292,(anonymous_18)
FN:314,(anonymous_19)
FN:357,(anonymous_20)
FN:363,(anonymous_21)
FN:385,(anonymous_22)
FN:409,(anonymous_23)
FN:424,(anonymous_24)
FNF:25
FNH:0
FNDA:0,(anonymous_0)
FNDA:0,(anonymous_1)
FNDA:0,(anonymous_2)
FNDA:0,(anonymous_3)
FNDA:0,(anonymous_4)
FNDA:0,(anonymous_5)
FNDA:0,(anonymous_6)
FNDA:0,(anonymous_7)
FNDA:0,(anonymous_8)
FNDA:0,(anonymous_9)
FNDA:0,(anonymous_10)
FNDA:0,(anonymous_11)
FNDA:0,(anonymous_12)
FNDA:0,(anonymous_13)
FNDA:0,(anonymous_14)
FNDA:0,(anonymous_15)
FNDA:0,(anonymous_16)
FNDA:0,(anonymous_17)
FNDA:0,(anonymous_18)
FNDA:0,(anonymous_19)
FNDA:0,(anonymous_20)
FNDA:0,(anonymous_21)
FNDA:0,(anonymous_22)
FNDA:0,(anonymous_23)
FNDA:0,(anonymous_24)
DA:7,0
DA:11,0
DA:12,0
DA:13,0
DA:14,0
DA:15,0
DA:22,0
DA:23,0
DA:25,0
DA:26,0
DA:29,0
DA:30,0
DA:31,0
DA:35,0
DA:36,0
DA:38,0
DA:39,0
DA:41,0
DA:42,0
DA:44,0
DA:45,0
DA:48,0
DA:49,0
DA:50,0
DA:51,0
DA:53,0
DA:57,0
DA:74,0
DA:76,0
DA:77,0
DA:78,0
DA:80,0
DA:81,0
DA:83,0
DA:84,0
DA:85,0
DA:88,0
DA:89,0
DA:92,0
DA:93,0
DA:96,0
DA:97,0
DA:100,0
DA:108,0
DA:110,0
DA:111,0
DA:123,0
DA:129,0
DA:130,0
DA:142,0
DA:148,0
DA:149,0
DA:151,0
DA:152,0
DA:164,0
DA:170,0
DA:177,0
DA:179,0
DA:180,0
DA:192,0
DA:198,0
DA:199,0
DA:211,0
DA:217,0
DA:218,0
DA:220,0
DA:221,0
DA:233,0
DA:239,0
DA:246,0
DA:248,0
DA:249,0
DA:251,0
DA:252,0
DA:264,0
DA:270,0
DA:271,0
DA:273,0
DA:274,0
DA:286,0
DA:292,0
DA:293,0
DA:305,0
DA:311,0
DA:318,0
DA:320,0
DA:321,0
DA:322,0
DA:324,0
DA:325,0
DA:326,0
DA:328,0
DA:329,0
DA:330,0
DA:331,0
DA:332,0
DA:333,0
DA:336,0
DA:348,0
DA:354,0
DA:361,0
DA:363,0
DA:364,0
DA:366,0
DA:367,0
DA:379,0
DA:385,0
DA:386,0
DA:388,0
DA:389,0
DA:400,0
DA:406,0
DA:413,0
DA:415,0
DA:423,0
DA:424,0
LF:116
LH:0
BRDA:12,0,0,0
BRDA:12,0,1,0
BRDA:12,1,0,0
BRDA:12,1,1,0
BRDA:13,2,0,0
BRDA:13,2,1,0
BRDA:13,3,0,0
BRDA:13,3,1,0
BRDA:14,4,0,0
BRDA:14,4,1,0
BRDA:14,5,0,0
BRDA:14,5,1,0
BRDA:31,6,0,0
BRDA:31,6,1,0
BRDA:41,7,0,0
BRDA:41,7,1,0
BRDA:44,8,0,0
BRDA:44,8,1,0
BRDA:50,9,0,0
BRDA:50,9,1,0
BRDA:76,10,0,0
BRDA:76,10,1,0
BRDA:77,11,0,0
BRDA:77,11,1,0
BRDA:78,12,0,0
BRDA:78,12,1,0
BRDA:83,13,0,0
BRDA:83,13,1,0
BRDA:88,14,0,0
BRDA:88,14,1,0
BRDA:88,15,0,0
BRDA:88,15,1,0
BRDA:92,16,0,0
BRDA:92,16,1,0
BRDA:92,17,0,0
BRDA:92,17,1,0
BRDA:96,18,0,0
BRDA:96,18,1,0
BRDA:96,19,0,0
BRDA:96,19,1,0
BRDA:110,20,0,0
BRDA:110,20,1,0
BRDA:110,21,0,0
BRDA:110,21,1,0
BRDA:129,22,0,0
BRDA:129,22,1,0
BRDA:149,23,0,0
BRDA:149,23,1,0
BRDA:151,24,0,0
BRDA:151,24,1,0
BRDA:151,25,0,0
BRDA:151,25,1,0
BRDA:156,26,0,0
BRDA:156,26,1,0
BRDA:179,27,0,0
BRDA:179,27,1,0
BRDA:179,28,0,0
BRDA:179,28,1,0
BRDA:198,29,0,0
BRDA:198,29,1,0
BRDA:198,30,0,0
BRDA:198,30,1,0
BRDA:218,31,0,0
BRDA:218,31,1,0
BRDA:220,32,0,0
BRDA:220,32,1,0
BRDA:220,33,0,0
BRDA:220,33,1,0
BRDA:251,34,0,0
BRDA:251,34,1,0
BRDA:251,35,0,0
BRDA:251,35,1,0
BRDA:270,36,0,0
BRDA:270,36,1,0
BRDA:271,37,0,0
BRDA:271,37,1,0
BRDA:273,38,0,0
BRDA:273,38,1,0
BRDA:273,39,0,0
BRDA:273,39,1,0
BRDA:292,40,0,0
BRDA:292,40,1,0
BRDA:292,41,0,0
BRDA:292,41,1,0
BRDA:292,41,2,0
BRDA:320,42,0,0
BRDA:320,42,1,0
BRDA:321,43,0,0
BRDA:321,43,1,0
BRDA:324,44,0,0
BRDA:324,44,1,0
BRDA:328,45,0,0
BRDA:328,45,1,0
BRDA:330,46,0,0
BRDA:330,46,1,0
BRDA:332,47,0,0
BRDA:332,47,1,0
BRDA:364,48,0,0
BRDA:364,48,1,0
BRDA:366,49,0,0
BRDA:366,49,1,0
BRDA:366,50,0,0
BRDA:366,50,1,0
BRDA:386,51,0,0
BRDA:386,51,1,0
BRDA:388,52,0,0
BRDA:388,52,1,0
BRDA:388,53,0,0
BRDA:388,53,1,0
BRF:109
BRH:0
end_of_record
TN:
SF:services/subscriptions/RevenueCatService.ts
FN:32,(anonymous_0)
FN:72,(anonymous_1)
FN:98,(anonymous_2)
FN:120,(anonymous_3)
FN:155,(anonymous_4)
FN:176,(anonymous_5)
FN:183,(anonymous_6)
FN:205,(anonymous_7)
FN:224,(anonymous_8)
FN:229,(anonymous_9)
FN:235,(anonymous_10)
FN:240,(anonymous_11)
FN:272,(anonymous_12)
FN:280,(anonymous_13)
FN:292,(anonymous_14)
FNF:15
FNH:0
FNDA:0,(anonymous_0)
FNDA:0,(anonymous_1)
FNDA:0,(anonymous_2)
FNDA:0,(anonymous_3)
FNDA:0,(anonymous_4)
FNDA:0,(anonymous_5)
FNDA:0,(anonymous_6)
FNDA:0,(anonymous_7)
FNDA:0,(anonymous_8)
FNDA:0,(anonymous_9)
FNDA:0,(anonymous_10)
FNDA:0,(anonymous_11)
FNDA:0,(anonymous_12)
FNDA:0,(anonymous_13)
FNDA:0,(anonymous_14)
DA:4,0
DA:5,0
DA:10,0
DA:11,0
DA:12,0
DA:13,0
DA:14,0
DA:15,0
DA:16,0
DA:23,0
DA:24,0
DA:27,0
DA:30,0
DA:33,0
DA:34,0
DA:35,0
DA:36,0
DA:37,0
DA:40,0
DA:41,0
DA:42,0
DA:45,0
DA:46,0
DA:47,0
DA:50,0
DA:52,0
DA:54,0
DA:59,0
DA:60,0
DA:61,0
DA:64,0
DA:65,0
DA:67,0
DA:68,0
DA:73,0
DA:74,0
DA:75,0
DA:76,0
DA:79,0
DA:80,0
DA:82,0
DA:83,0
DA:88,0
DA:91,0
DA:93,0
DA:94,0
DA:99,0
DA:100,0
DA:101,0
DA:102,0
DA:105,0
DA:106,0
DA:108,0
DA:113,0
DA:115,0
DA:116,0
DA:124,0
DA:125,0
DA:126,0
DA:127,0
DA:130,0
DA:135,0
DA:137,0
DA:141,0
DA:146,0
DA:147,0
DA:149,0
DA:151,0
DA:156,0
DA:157,0
DA:158,0
DA:159,0
DA:162,0
DA:163,0
DA:165,0
DA:169,0
DA:171,0
DA:172,0
DA:177,0
DA:178,0
DA:179,0
DA:180,0
DA:184,0
DA:185,0
DA:186,0
DA:187,0
DA:190,0
DA:191,0
DA:193,0
DA:198,0
DA:200,0
DA:201,0
DA:206,0
DA:207,0
DA:208,0
DA:209,0
DA:212,0
DA:213,0
DA:215,0
DA:217,0
DA:219,0
DA:220,0
DA:227,0
DA:228,0
DA:229,0
DA:232,0
DA:233,0
DA:235,0
DA:236,0
DA:245,0
DA:246,0
DA:247,0
DA:248,0
DA:251,0
DA:253,0
DA:254,0
DA:256,0
DA:257,0
DA:260,0
DA:261,0
DA:262,0
DA:266,0
DA:268,0
DA:273,0
DA:274,0
DA:275,0
DA:276,0
DA:279,0
DA:280,0
DA:281,0
DA:284,0
DA:285,0
DA:287,0
DA:288,0
DA:293,0
DA:294,0
DA:295,0
DA:296,0
DA:299,0
DA:301,0
DA:302,0
DA:304,0
DA:305,0
DA:307,0
DA:309,0
DA:316,0
DA:318,0
DA:319,0
DA:324,0
LF:149
LH:0
BRDA:10,0,0,0
BRDA:10,0,1,0
BRDA:12,1,0,0
BRDA:12,1,1,0
BRDA:23,2,0,0
BRDA:23,2,1,0
BRDA:24,3,0,0
BRDA:24,3,1,0
BRDA:27,4,0,0
BRDA:27,4,1,0
BRDA:34,5,0,0
BRDA:34,5,1,0
BRDA:40,6,0,0
BRDA:40,6,1,0
BRDA:45,7,0,0
BRDA:45,7,1,0
BRDA:59,8,0,0
BRDA:59,8,1,0
BRDA:74,9,0,0
BRDA:74,9,1,0
BRDA:74,10,0,0
BRDA:74,10,1,0
BRDA:82,11,0,0
BRDA:82,11,1,0
BRDA:100,12,0,0
BRDA:100,12,1,0
BRDA:100,13,0,0
BRDA:100,13,1,0
BRDA:125,14,0,0
BRDA:125,14,1,0
BRDA:125,15,0,0
BRDA:125,15,1,0
BRDA:146,16,0,0
BRDA:146,16,1,0
BRDA:157,17,0,0
BRDA:157,17,1,0
BRDA:157,18,0,0
BRDA:157,18,1,0
BRDA:177,19,0,0
BRDA:177,19,1,0
BRDA:185,20,0,0
BRDA:185,20,1,0
BRDA:185,21,0,0
BRDA:185,21,1,0
BRDA:207,22,0,0
BRDA:207,22,1,0
BRDA:207,23,0,0
BRDA:207,23,1,0
BRDA:227,24,0,0
BRDA:227,24,1,0
BRDA:227,25,0,0
BRDA:227,25,1,0
BRDA:246,26,0,0
BRDA:246,26,1,0
BRDA:246,27,0,0
BRDA:246,27,1,0
BRDA:253,28,0,0
BRDA:253,28,1,0
BRDA:256,29,0,0
BRDA:256,29,1,0
BRDA:261,30,0,0
BRDA:261,30,1,0
BRDA:261,31,0,0
BRDA:261,31,1,0
BRDA:261,31,2,0
BRDA:274,32,0,0
BRDA:274,32,1,0
BRDA:274,33,0,0
BRDA:274,33,1,0
BRDA:285,34,0,0
BRDA:285,34,1,0
BRDA:294,35,0,0
BRDA:294,35,1,0
BRDA:294,36,0,0
BRDA:294,36,1,0
BRDA:302,37,0,0
BRDA:302,37,1,0
BRDA:307,38,0,0
BRDA:307,38,1,0
BRF:79
BRH:0
end_of_record
TN:
SF:utils/colorBlindFilters.ts
FN:3,applyColorBlindFilter
FN:33,(anonymous_1)
FN:41,getAccessibleColorPair
FN:61,getContrastRatio
FN:69,getLuminance
FN:75,(anonymous_5)
FNF:6
FNH:0
FNDA:0,applyColorBlindFilter
FNDA:0,(anonymous_1)
FNDA:0,getAccessibleColorPair
FNDA:0,getContrastRatio
FNDA:0,getLuminance
FNDA:0,(anonymous_5)
DA:4,0
DA:6,0
DA:7,0
DA:8,0
DA:9,0
DA:11,0
DA:12,0
DA:13,0
DA:15,0
DA:17,0
DA:18,0
DA:19,0
DA:20,0
DA:22,0
DA:23,0
DA:24,0
DA:25,0
DA:27,0
DA:28,0
DA:29,0
DA:30,0
DA:33,0
DA:34,0
DA:35,0
DA:38,0
DA:46,0
DA:47,0
DA:49,0
DA:51,0
DA:52,0
DA:58,0
DA:62,0
DA:63,0
DA:64,0
DA:65,0
DA:66,0
DA:70,0
DA:71,0
DA:72,0
DA:73,0
DA:75,0
DA:76,0
DA:79,0
LF:43
LH:0
BRDA:4,0,0,0
BRDA:4,0,1,0
BRDA:15,1,0,0
BRDA:15,1,1,0
BRDA:15,1,2,0
BRDA:35,2,0,0
BRDA:35,2,1,0
BRDA:51,3,0,0
BRDA:51,3,1,0
BRDA:76,4,0,0
BRDA:76,4,1,0
BRF:11
BRH:0
end_of_record
TN:
SF:utils/errorHandler.ts
FN:4,(anonymous_0)
FN:17,(anonymous_1)
FN:30,(anonymous_2)
FN:43,(anonymous_3)
FN:56,(anonymous_4)
FN:68,handleError
FN:101,getUserFriendlyMessage
FN:113,isRecoverableError
FN:120,withErrorHandling
FN:139,logAndContinue
FN:147,withRetry
FN:187,(anonymous_11)
FN:195,withTimeout
FN:202,(anonymous_13)
FN:204,(anonymous_14)
FN:217,withRetryAndTimeout
FN:230,(anonymous_16)
FNF:17
FNH:9
FNDA:8,(anonymous_0)
FNDA:2,(anonymous_1)
FNDA:0,(anonymous_2)
FNDA:0,(anonymous_3)
FNDA:0,(anonymous_4)
FNDA:4,handleError
FNDA:2,getUserFriendlyMessage
FNDA:0,isRecoverableError
FNDA:0,withErrorHandling
FNDA:0,logAndContinue
FNDA:3,withRetry
FNDA:3,(anonymous_11)
FNDA:2,withTimeout
FNDA:2,(anonymous_13)
FNDA:1,(anonymous_14)
FNDA:0,withRetryAndTimeout
FNDA:0,(anonymous_16)
DA:11,8
DA:12,8
DA:18,2
DA:25,2
DA:31,0
DA:38,0
DA:44,0
DA:51,0
DA:57,0
DA:64,0
DA:69,4
DA:71,4
DA:72,1
DA:75,3
DA:76,3
DA:77,1
DA:80,2
DA:81,0
DA:84,2
DA:93,0
DA:102,2
DA:103,1
DA:106,1
DA:107,1
DA:110,0
DA:114,0
DA:115,0
DA:117,0
DA:125,0
DA:126,0
DA:128,0
DA:130,0
DA:131,0
DA:132,0
DA:135,0
DA:140,0
DA:141,0
DA:161,3
DA:164,3
DA:166,3
DA:167,6
DA:168,6
DA:170,4
DA:172,4
DA:173,1
DA:174,1
DA:177,3
DA:178,3
DA:179,0
DA:180,0
DA:183,3
DA:187,3
DA:188,3
DA:192,1
DA:200,2
DA:203,2
DA:204,1
DA:227,0
DA:229,0
DA:230,0
LF:60
LH:34
BRDA:8,0,0,2
BRDA:69,1,0,4
BRDA:69,1,1,0
BRDA:71,2,0,1
BRDA:71,2,1,3
BRDA:75,3,0,3
BRDA:75,3,1,0
BRDA:76,4,0,1
BRDA:76,4,1,2
BRDA:76,5,0,3
BRDA:76,5,1,2
BRDA:80,6,0,0
BRDA:80,6,1,2
BRDA:80,7,0,2
BRDA:80,7,1,2
BRDA:102,8,0,1
BRDA:102,8,1,1
BRDA:106,9,0,1
BRDA:106,9,1,0
BRDA:114,10,0,0
BRDA:114,10,1,0
BRDA:130,11,0,0
BRDA:130,11,1,0
BRDA:130,12,0,0
BRDA:130,12,1,0
BRDA:149,13,0,0
BRDA:157,14,0,0
BRDA:158,15,0,1
BRDA:159,16,0,3
BRDA:160,17,0,3
BRDA:172,18,0,1
BRDA:172,18,1,3
BRDA:173,19,0,1
BRDA:173,19,1,0
BRDA:177,20,0,0
BRDA:177,20,1,3
BRDA:178,21,0,0
BRDA:178,21,1,3
BRDA:178,22,0,3
BRDA:178,22,1,0
BRDA:179,23,0,0
BRDA:179,23,1,0
BRDA:184,24,0,3
BRDA:184,24,1,0
BRDA:219,25,0,0
BRDA:227,26,0,0
BRDA:227,27,0,0
BRF:47
BRH:25
end_of_record
TN:
SF:utils/imageOptimization.ts
FN:12,(anonymous_0)
FN:25,(anonymous_1)
FN:26,(anonymous_2)
FN:33,(anonymous_3)
FN:46,(anonymous_4)
FN:50,(anonymous_5)
FN:57,getOptimizedImageUri
FNF:7
FNH:0
FNDA:0,(anonymous_0)
FNDA:0,(anonymous_1)
FNDA:0,(anonymous_2)
FNDA:0,(anonymous_3)
FNDA:0,(anonymous_4)
FNDA:0,(anonymous_5)
FNDA:0,getOptimizedImageUri
DA:8,0
DA:9,0
DA:10,0
DA:13,0
DA:14,0
DA:17,0
DA:18,0
DA:19,0
DA:21,0
DA:26,0
DA:28,0
DA:29,0
DA:34,0
DA:36,0
DA:37,0
DA:38,0
DA:39,0
DA:43,0
DA:47,0
DA:51,0
DA:55,0
DA:58,0
DA:59,0
DA:62,0
DA:63,0
DA:64,0
DA:65,0
DA:66,0
DA:67,0
DA:69,0
DA:72,0
LF:31
LH:0
BRDA:13,0,0,0
BRDA:13,0,1,0
BRDA:28,1,0,0
BRDA:28,1,1,0
BRDA:38,2,0,0
BRDA:38,2,1,0
BRDA:51,3,0,0
BRDA:51,3,1,0
BRDA:58,4,0,0
BRDA:58,4,1,0
BRDA:62,5,0,0
BRDA:62,5,1,0
BRDA:64,6,0,0
BRDA:64,6,1,0
BRDA:65,7,0,0
BRDA:65,7,1,0
BRF:16
BRH:0
end_of_record
TN:
SF:utils/inviteCodeGenerator.ts
FN:3,generateRandomString
FN:22,generateInviteCode
FN:28,formatInviteCode
FN:36,validateInviteCodeFormat
FN:41,generateDeepLink
FN:45,getExpirationTime
FN:51,isExpired
FN:55,getRemainingTime
FN:61,formatRemainingTime
FNF:9
FNH:0
FNDA:0,generateRandomString
FNDA:0,generateInviteCode
FNDA:0,formatInviteCode
FNDA:0,validateInviteCodeFormat
FNDA:0,generateDeepLink
FNDA:0,getExpirationTime
FNDA:0,isExpired
FNDA:0,getRemainingTime
FNDA:0,formatRemainingTime
DA:1,0
DA:4,0
DA:5,0
DA:7,0
DA:8,0
DA:10,0
DA:11,0
DA:15,0
DA:16,0
DA:19,0
DA:23,0
DA:24,0
DA:25,0
DA:29,0
DA:30,0
DA:31,0
DA:33,0
DA:37,0
DA:38,0
DA:42,0
DA:46,0
DA:47,0
DA:48,0
DA:52,0
DA:56,0
DA:57,0
DA:58,0
DA:62,0
DA:63,0
DA:64,0
DA:65,0
LF:31
LH:0
BRDA:7,0,0,0
BRDA:7,0,1,0
BRDA:7,1,0,0
BRDA:7,1,1,0
BRDA:30,2,0,0
BRDA:30,2,1,0
BRF:6
BRH:0
end_of_record
TN:
SF:utils/logger.ts
FN:16,(anonymous_0)
FN:23,(anonymous_1)
FN:30,(anonymous_2)
FN:43,(anonymous_3)
FN:54,(anonymous_4)
FN:65,(anonymous_5)
FN:77,(anonymous_6)
FN:81,(anonymous_7)
FN:85,(anonymous_8)
FN:92,logTaskAction
FN:96,logAIInteraction
FN:100,logUserAction
FN:104,logError
FNF:13
FNH:6
FNDA:6,(anonymous_0)
FNDA:6,(anonymous_1)
FNDA:1,(anonymous_2)
FNDA:3,(anonymous_3)
FNDA:1,(anonymous_4)
FNDA:1,(anonymous_5)
FNDA:0,(anonymous_6)
FNDA:0,(anonymous_7)
FNDA:0,(anonymous_8)
FNDA:0,logTaskAction
FNDA:0,logAIInteraction
FNDA:0,logUserAction
FNDA:0,logError
DA:12,1
DA:13,1
DA:14,1
DA:17,6
DA:18,6
DA:19,6
DA:20,6
DA:24,6
DA:25,6
DA:26,0
DA:31,1
DA:32,1
DA:38,1
DA:39,1
DA:44,3
DA:50,3
DA:51,3
DA:55,1
DA:61,1
DA:62,1
DA:66,1
DA:73,1
DA:74,1
DA:78,0
DA:82,0
DA:86,0
DA:90,1
DA:93,0
DA:97,0
DA:101,0
DA:105,0
LF:31
LH:23
BRDA:19,0,0,5
BRDA:19,0,1,1
BRDA:25,1,0,0
BRDA:25,1,1,6
BRDA:31,2,0,1
BRDA:31,2,1,0
BRF:6
BRH:4
end_of_record
TN:
SF:utils/memoryOptimization.ts
FN:3,runAfterInteractions
FN:4,(anonymous_1)
FN:5,(anonymous_2)
FN:11,debounce
FN:17,executedFunction
FN:18,(anonymous_5)
FN:30,throttle
FN:36,executedFunction
FN:40,(anonymous_8)
FN:45,memoize
FN:50,memoized
FN:77,(anonymous_11)
FN:82,(anonymous_12)
FN:87,(anonymous_13)
FN:92,(anonymous_14)
FNF:15
FNH:0
FNDA:0,runAfterInteractions
FNDA:0,(anonymous_1)
FNDA:0,(anonymous_2)
FNDA:0,debounce
FNDA:0,executedFunction
FNDA:0,(anonymous_5)
FNDA:0,throttle
FNDA:0,executedFunction
FNDA:0,(anonymous_8)
FNDA:0,memoize
FNDA:0,memoized
FNDA:0,(anonymous_11)
FNDA:0,(anonymous_12)
FNDA:0,(anonymous_13)
FNDA:0,(anonymous_14)
DA:4,0
DA:5,0
DA:6,0
DA:15,0
DA:17,0
DA:18,0
DA:19,0
DA:20,0
DA:23,0
DA:24,0
DA:26,0
DA:36,0
DA:37,0
DA:38,0
DA:39,0
DA:40,0
DA:48,0
DA:50,0
DA:51,0
DA:53,0
DA:54,0
DA:57,0
DA:58,0
DA:60,0
DA:61,0
DA:62,0
DA:63,0
DA:67,0
DA:72,0
DA:73,0
DA:78,0
DA:79,0
DA:83,0
DA:84,0
DA:88,0
DA:89,0
DA:93,0
DA:94,0
DA:97,0
DA:99,0
DA:100,0
DA:101,0
DA:104,0
LF:43
LH:0
BRDA:23,0,0,0
BRDA:23,0,1,0
BRDA:37,1,0,0
BRDA:37,1,1,0
BRDA:53,2,0,0
BRDA:53,2,1,0
BRDA:60,3,0,0
BRDA:60,3,1,0
BRDA:62,4,0,0
BRDA:62,4,1,0
BRDA:77,5,0,0
BRDA:93,6,0,0
BRDA:93,6,1,0
BRDA:93,7,0,0
BRDA:93,7,1,0
BRF:15
BRH:0
end_of_record
TN:
SF:utils/performance.ts
FN:16,(anonymous_0)
FN:26,(anonymous_1)
FN:58,(anonymous_2)
FN:70,(anonymous_3)
FN:74,(anonymous_4)
FN:75,(anonymous_5)
FN:78,(anonymous_6)
FN:82,(anonymous_7)
FN:87,(anonymous_8)
FN:97,measureAsync
FN:101,measureSync
FNF:11
FNH:0
FNDA:0,(anonymous_0)
FNDA:0,(anonymous_1)
FNDA:0,(anonymous_2)
FNDA:0,(anonymous_3)
FNDA:0,(anonymous_4)
FNDA:0,(anonymous_5)
FNDA:0,(anonymous_6)
FNDA:0,(anonymous_7)
FNDA:0,(anonymous_8)
FNDA:0,measureAsync
FNDA:0,measureSync
DA:12,0
DA:13,0
DA:14,0
DA:17,0
DA:22,0
DA:23,0
DA:27,0
DA:28,0
DA:29,0
DA:30,0
DA:33,0
DA:34,0
DA:36,0
DA:42,0
DA:43,0
DA:44,0
DA:47,0
DA:49,0
DA:51,0
DA:52,0
DA:55,0
DA:59,0
DA:60,0
DA:61,0
DA:62,0
DA:63,0
DA:65,0
DA:66,0
DA:71,0
DA:75,0
DA:76,0
DA:78,0
DA:79,0
DA:83,0
DA:84,0
DA:88,0
DA:95,0
DA:98,0
DA:102,0
DA:103,0
DA:104,0
DA:105,0
DA:106,0
DA:108,0
DA:109,0
LF:45
LH:0
BRDA:28,0,0,0
BRDA:28,0,1,0
BRDA:43,1,0,0
BRDA:43,1,1,0
BRDA:51,2,0,0
BRDA:51,2,1,0
BRDA:75,3,0,0
BRDA:75,3,1,0
BRDA:76,4,0,0
BRDA:76,4,1,0
BRDA:78,5,0,0
BRDA:78,5,1,0
BRF:12
BRH:0
end_of_record
